<html>
<head>
<title>TestNG:  Dollar Days Test</title>
<link href="../testng.css" rel="stylesheet" type="text/css" />
<link href="../my-testng.css" rel="stylesheet" type="text/css" />

<style type="text/css">
.log { display: none;} 
.stack-trace { display: none;} 
</style>
<script type="text/javascript">
<!--
function flip(e) {
  current = e.style.display;
  if (current == 'block') {
    e.style.display = 'none';
    return 0;
  }
  else {
    e.style.display = 'block';
    return 1;
  }
}

function toggleBox(szDivId, elem, msg1, msg2)
{
  var res = -1;  if (document.getElementById) {
    res = flip(document.getElementById(szDivId));
  }
  else if (document.all) {
    // this is the way old msie versions work
    res = flip(document.all[szDivId]);
  }
  if(elem) {
    if(res == 0) elem.innerHTML = msg1; else elem.innerHTML = msg2;
  }

}

function toggleAllBoxes() {
  if (document.getElementsByTagName) {
    d = document.getElementsByTagName('div');
    for (i = 0; i < d.length; i++) {
      if (d[i].className == 'log') {
        flip(d[i]);
      }
    }
  }
}

// -->
</script>

</head>
<body>
<h2 align='center'>Dollar Days Test</h2><table border='1' align="center">
<tr>
<td>Tests passed/Failed/Skipped:</td><td>17/7/12</td>
</tr><tr>
<td>Started on:</td><td>Fri Oct 16 16:27:51 EDT 2020</td>
</tr>
<tr><td>Total time:</td><td>408 seconds (408381 ms)</td>
</tr><tr>
<td>Included groups:</td><td></td>
</tr><tr>
<td>Excluded groups:</td><td></td>
</tr>
</table><p/>
<small><i>(Hover the method name to see the test class name)</i></small><p/>
<table width='100%' border='1' class='invocation-failed'>
<tr><td colspan='4' align='center'><b>FAILED CONFIGURATIONS</b></td></tr>
<tr><td><b>Test method</b></td>
<td width="30%"><b>Exception</b></td>
<td width="10%"><b>Time (seconds)</b></td>
<td><b>Instance</b></td>
</tr>
<tr>
<td title='com.dollardays.testcases.Team7DDSortByTestcase.setUpBrowser()'><b>setUpBrowser</b><br>Test class: com.dollardays.testcases.Team7DDSortByTestcase</td>
<td><div><pre>java.lang.Exception: Driver Not Found
	at com.dollardays.testcases.BaseTest.openBrowser(BaseTest.java:95)
	at com.dollardays.testcases.BaseTest.setUpBrowser(BaseTest.java:117)
	at java.util.concurrent.ThreadPoolExecutor.runWorker(ThreadPoolExecutor.java:1149)
	at java.util.concurrent.ThreadPoolExecutor$Worker.run(ThreadPoolExecutor.java:624)
	at java.lang.Thread.run(Thread.java:748)
... Removed 15 stack frames</pre></div><a href='#' onClick='toggleBox("stack-trace1530556680", this, "Click to show all stack frames", "Click to hide stack frames")'>Click to show all stack frames</a>
<div class='stack-trace' id='stack-trace1530556680'><pre>java.lang.Exception: Driver Not Found
	at com.dollardays.testcases.BaseTest.openBrowser(BaseTest.java:95)
	at com.dollardays.testcases.BaseTest.setUpBrowser(BaseTest.java:117)
	at sun.reflect.GeneratedMethodAccessor8.invoke(Unknown Source)
	at sun.reflect.DelegatingMethodAccessorImpl.invoke(DelegatingMethodAccessorImpl.java:43)
	at java.lang.reflect.Method.invoke(Method.java:498)
	at org.testng.internal.MethodInvocationHelper.invokeMethod(MethodInvocationHelper.java:132)
	at org.testng.internal.MethodInvocationHelper.invokeMethodConsideringTimeout(MethodInvocationHelper.java:61)
	at org.testng.internal.ConfigInvoker.invokeConfigurationMethod(ConfigInvoker.java:366)
	at org.testng.internal.ConfigInvoker.invokeConfigurations(ConfigInvoker.java:320)
	at org.testng.internal.TestInvoker.runConfigMethods(TestInvoker.java:701)
	at org.testng.internal.TestInvoker.invokeMethod(TestInvoker.java:527)
	at org.testng.internal.TestInvoker.invokeTestMethod(TestInvoker.java:174)
	at org.testng.internal.MethodRunner.runInSequence(MethodRunner.java:46)
	at org.testng.internal.TestInvoker$MethodInvocationAgent.invoke(TestInvoker.java:822)
	at org.testng.internal.TestInvoker.invokeTestMethods(TestInvoker.java:147)
	at org.testng.internal.TestMethodWorker.invokeTestMethods(TestMethodWorker.java:146)
	at org.testng.internal.TestMethodWorker.run(TestMethodWorker.java:128)
	at java.util.concurrent.ThreadPoolExecutor.runWorker(ThreadPoolExecutor.java:1149)
	at java.util.concurrent.ThreadPoolExecutor$Worker.run(ThreadPoolExecutor.java:624)
	at java.lang.Thread.run(Thread.java:748)
</pre></div></td>
<td>13</td>
<td>com.dollardays.testcases.Team7DDSortByTestcase@4d49af10</td></tr>
</table><p>
<table width='100%' border='1' class='invocation-skipped'>
<tr><td colspan='4' align='center'><b>SKIPPED CONFIGURATIONS</b></td></tr>
<tr><td><b>Test method</b></td>
<td width="30%"><b>Exception</b></td>
<td width="10%"><b>Time (seconds)</b></td>
<td><b>Instance</b></td>
</tr>
<tr>
<td title='com.dollardays.testcases.Team7DDSortByTestcase.setUpBrowser()'><b>setUpBrowser</b><br>Test class: com.dollardays.testcases.Team7DDSortByTestcase</td>
<td></td>
<td>-1602880479</td>
<td>com.dollardays.testcases.Team7DDSortByTestcase@4d49af10</td></tr>
<tr>
<td title='com.dollardays.testcases.Team7DDSortByTestcase.setUpBrowser()'><b>setUpBrowser</b><br>Test class: com.dollardays.testcases.Team7DDSortByTestcase</td>
<td></td>
<td>-1602880479</td>
<td>com.dollardays.testcases.Team7DDSortByTestcase@4d49af10</td></tr>
<tr>
<td title='com.dollardays.testcases.Team7DDSortByTestcase.setUpBrowser()'><b>setUpBrowser</b><br>Test class: com.dollardays.testcases.Team7DDSortByTestcase</td>
<td></td>
<td>-1602880479</td>
<td>com.dollardays.testcases.Team7DDSortByTestcase@4d49af10</td></tr>
<tr>
<td title='com.dollardays.testcases.Team7DDSortByTestcase.setUpBrowser()'><b>setUpBrowser</b><br>Test class: com.dollardays.testcases.Team7DDSortByTestcase</td>
<td></td>
<td>-1602880479</td>
<td>com.dollardays.testcases.Team7DDSortByTestcase@4d49af10</td></tr>
<tr>
<td title='com.dollardays.testcases.Team7DDSortByTestcase.setUpBrowser()'><b>setUpBrowser</b><br>Test class: com.dollardays.testcases.Team7DDSortByTestcase</td>
<td></td>
<td>-1602880479</td>
<td>com.dollardays.testcases.Team7DDSortByTestcase@4d49af10</td></tr>
<tr>
<td title='com.dollardays.testcases.Team7DDSortByTestcase.setUpBrowser()'><b>setUpBrowser</b><br>Test class: com.dollardays.testcases.Team7DDSortByTestcase</td>
<td></td>
<td>-1602880479</td>
<td>com.dollardays.testcases.Team7DDSortByTestcase@4d49af10</td></tr>
<tr>
<td title='com.dollardays.testcases.Team7DDSortByTestcase.setUpBrowser()'><b>setUpBrowser</b><br>Test class: com.dollardays.testcases.Team7DDSortByTestcase</td>
<td></td>
<td>-1602880479</td>
<td>com.dollardays.testcases.Team7DDSortByTestcase@4d49af10</td></tr>
<tr>
<td title='com.dollardays.testcases.Team7DDSortByTestcase.setUpBrowser()'><b>setUpBrowser</b><br>Test class: com.dollardays.testcases.Team7DDSortByTestcase</td>
<td></td>
<td>-1602880479</td>
<td>com.dollardays.testcases.Team7DDSortByTestcase@4d49af10</td></tr>
<tr>
<td title='com.dollardays.testcases.Team7DDSortByTestcase.setUpBrowser()'><b>setUpBrowser</b><br>Test class: com.dollardays.testcases.Team7DDSortByTestcase</td>
<td></td>
<td>-1602880479</td>
<td>com.dollardays.testcases.Team7DDSortByTestcase@4d49af10</td></tr>
<tr>
<td title='com.dollardays.testcases.Team7DDSortByTestcase.setUpBrowser()'><b>setUpBrowser</b><br>Test class: com.dollardays.testcases.Team7DDSortByTestcase</td>
<td></td>
<td>-1602880479</td>
<td>com.dollardays.testcases.Team7DDSortByTestcase@4d49af10</td></tr>
<tr>
<td title='com.dollardays.testcases.Team7DDSortByTestcase.setUpBrowser()'><b>setUpBrowser</b><br>Test class: com.dollardays.testcases.Team7DDSortByTestcase</td>
<td></td>
<td>-1602880479</td>
<td>com.dollardays.testcases.Team7DDSortByTestcase@4d49af10</td></tr>
<tr>
<td title='com.dollardays.testcases.Team7DDSortByTestcase.quit()'><b>quit</b><br>Test class: com.dollardays.testcases.Team7DDSortByTestcase</td>
<td></td>
<td>-1602880479</td>
<td>com.dollardays.testcases.Team7DDSortByTestcase@4d49af10</td></tr>
<tr>
<td title='com.dollardays.testcases.Team7DDSortByTestcase.quit()'><b>quit</b><br>Test class: com.dollardays.testcases.Team7DDSortByTestcase</td>
<td></td>
<td>-1602880479</td>
<td>com.dollardays.testcases.Team7DDSortByTestcase@4d49af10</td></tr>
<tr>
<td title='com.dollardays.testcases.Team7DDSortByTestcase.quit()'><b>quit</b><br>Test class: com.dollardays.testcases.Team7DDSortByTestcase</td>
<td></td>
<td>-1602880479</td>
<td>com.dollardays.testcases.Team7DDSortByTestcase@4d49af10</td></tr>
<tr>
<td title='com.dollardays.testcases.Team7DDSortByTestcase.quit()'><b>quit</b><br>Test class: com.dollardays.testcases.Team7DDSortByTestcase</td>
<td></td>
<td>-1602880479</td>
<td>com.dollardays.testcases.Team7DDSortByTestcase@4d49af10</td></tr>
<tr>
<td title='com.dollardays.testcases.Team7DDSortByTestcase.quit()'><b>quit</b><br>Test class: com.dollardays.testcases.Team7DDSortByTestcase</td>
<td></td>
<td>-1602880479</td>
<td>com.dollardays.testcases.Team7DDSortByTestcase@4d49af10</td></tr>
<tr>
<td title='com.dollardays.testcases.Team7DDSortByTestcase.quit()'><b>quit</b><br>Test class: com.dollardays.testcases.Team7DDSortByTestcase</td>
<td></td>
<td>-1602880479</td>
<td>com.dollardays.testcases.Team7DDSortByTestcase@4d49af10</td></tr>
<tr>
<td title='com.dollardays.testcases.Team7DDSortByTestcase.quit()'><b>quit</b><br>Test class: com.dollardays.testcases.Team7DDSortByTestcase</td>
<td></td>
<td>-1602880479</td>
<td>com.dollardays.testcases.Team7DDSortByTestcase@4d49af10</td></tr>
<tr>
<td title='com.dollardays.testcases.Team7DDSortByTestcase.quit()'><b>quit</b><br>Test class: com.dollardays.testcases.Team7DDSortByTestcase</td>
<td></td>
<td>-1602880479</td>
<td>com.dollardays.testcases.Team7DDSortByTestcase@4d49af10</td></tr>
<tr>
<td title='com.dollardays.testcases.Team7DDSortByTestcase.quit()'><b>quit</b><br>Test class: com.dollardays.testcases.Team7DDSortByTestcase</td>
<td></td>
<td>-1602880479</td>
<td>com.dollardays.testcases.Team7DDSortByTestcase@4d49af10</td></tr>
<tr>
<td title='com.dollardays.testcases.Team7DDSortByTestcase.quit()'><b>quit</b><br>Test class: com.dollardays.testcases.Team7DDSortByTestcase</td>
<td></td>
<td>-1602880479</td>
<td>com.dollardays.testcases.Team7DDSortByTestcase@4d49af10</td></tr>
<tr>
<td title='com.dollardays.testcases.Team7DDSortByTestcase.quit()'><b>quit</b><br>Test class: com.dollardays.testcases.Team7DDSortByTestcase</td>
<td></td>
<td>-1602880479</td>
<td>com.dollardays.testcases.Team7DDSortByTestcase@4d49af10</td></tr>
<tr>
<td title='com.dollardays.testcases.Team7DDSortByTestcase.quit()'><b>quit</b><br>Test class: com.dollardays.testcases.Team7DDSortByTestcase</td>
<td></td>
<td>-1602880479</td>
<td>com.dollardays.testcases.Team7DDSortByTestcase@4d49af10</td></tr>
<tr>
<td title='com.dollardays.testcases.Team7DDSortByTestcase.afterClass()'><b>afterClass</b><br>Test class: com.dollardays.testcases.Team7DDSortByTestcase</td>
<td></td>
<td>-1602880479</td>
<td>com.dollardays.testcases.Team7DDSortByTestcase@4d49af10</td></tr>
</table><p>
<table width='100%' border='1' class='invocation-failed'>
<tr><td colspan='4' align='center'><b>FAILED TESTS</b></td></tr>
<tr><td><b>Test method</b></td>
<td width="30%"><b>Exception</b></td>
<td width="10%"><b>Time (seconds)</b></td>
<td><b>Instance</b></td>
</tr>
<tr>
<td title='com.dollardays.testcases.Team7DDSearchBarTestCase.SearchWithInvalidDta()'><b>SearchWithInvalidDta</b><br>Test class: com.dollardays.testcases.Team7DDSearchBarTestCase<br>Parameters: {TestCase=InValid ProductName, Password=cGFzc3dvcmQxMjM=, Runmode=No, SheetName=SearchBar, UserName=srikanthtesting100@gmail.com, TCID=TC7, ProductName=djhksjdh}</td>
<td><div><pre>org.openqa.selenium.ElementNotVisibleException: element not interactable
  (Session info: chrome=86.0.4240.75)
  (Driver info: chromedriver=86.0.4240.22 (398b0743353ff36fb1b82468f63a3a93b4e2e89e-refs/branch-heads/4240@{#378}),platform=Windows NT 10.0.18362 x86_64) (WARNING: The server did not provide any stacktrace information)
Command duration or timeout: 23 milliseconds
Build info: version: &apos;2.53.1&apos;, revision: &apos;a36b8b1cd5757287168e54b817830adce9b0158d&apos;, time: &apos;2016-06-30 19:26:09&apos;
System info: host: &apos;MININT-UM25UFB&apos;, ip: &apos;10.0.75.1&apos;, os.name: &apos;Windows 10&apos;, os.arch: &apos;amd64&apos;, os.version: &apos;10.0&apos;, java.version: &apos;1.8.0_261&apos;
Driver info: org.openqa.selenium.chrome.ChromeDriver
Capabilities [{mobileEmulationEnabled=false, timeouts={implicit=0, pageLoad=300000, script=30000}, hasTouchScreen=false, platform=XP, acceptSslCerts=false, goog:chromeOptions={debuggerAddress=localhost:57151}, acceptInsecureCerts=false, webStorageEnabled=true, browserName=chrome, takesScreenshot=true, javascriptEnabled=true, setWindowRect=true, unexpectedAlertBehaviour=ignore, applicationCacheEnabled=false, rotatable=false, networkConnectionEnabled=false, chrome={chromedriverVersion=86.0.4240.22 (398b0743353ff36fb1b82468f63a3a93b4e2e89e-refs/branch-heads/4240@{#378}), userDataDir=C:\Users\Rajesh\AppData\Local\Temp\scoped_dir8140_1400081495}, takesHeapSnapshot=true, pageLoadStrategy=normal, strictFileInteractability=false, databaseEnabled=false, handlesAlerts=true, version=86.0.4240.75, browserConnectionEnabled=false, proxy={}, nativeEvents=true, locationContextEnabled=true, cssSelectorsEnabled=true, webauthn:virtualAuthenticators=true}]
Session ID: eb5d261204d05f0cc7d5cbd64a1c1172
	at org.openqa.selenium.remote.ErrorHandler.createThrowable(ErrorHandler.java:206)
	at org.openqa.selenium.remote.ErrorHandler.throwIfResponseFailed(ErrorHandler.java:158)
	at org.openqa.selenium.remote.RemoteWebDriver.execute(RemoteWebDriver.java:678)
	at org.openqa.selenium.remote.RemoteWebElement.execute(RemoteWebElement.java:327)
	at org.openqa.selenium.remote.RemoteWebElement.click(RemoteWebElement.java:85)
	at org.openqa.selenium.support.pagefactory.internal.LocatingElementHandler.invoke(LocatingElementHandler.java:51)
	at com.sun.proxy.$Proxy11.click(Unknown Source)
	at com.dollardays.pages.LoginPage.login(LoginPage.java:77)
	at com.dollardays.testcases.Team7DDSearchBarTestCase.SearchWithInvalidDta(Team7DDSearchBarTestCase.java:62)
	at java.util.concurrent.ThreadPoolExecutor.runWorker(ThreadPoolExecutor.java:1149)
	at java.util.concurrent.ThreadPoolExecutor$Worker.run(ThreadPoolExecutor.java:624)
	at java.lang.Thread.run(Thread.java:748)
... Removed 20 stack frames</pre></div><a href='#' onClick='toggleBox("stack-trace1225491418", this, "Click to show all stack frames", "Click to hide stack frames")'>Click to show all stack frames</a>
<div class='stack-trace' id='stack-trace1225491418'><pre>org.openqa.selenium.ElementNotVisibleException: element not interactable
  (Session info: chrome=86.0.4240.75)
  (Driver info: chromedriver=86.0.4240.22 (398b0743353ff36fb1b82468f63a3a93b4e2e89e-refs/branch-heads/4240@{#378}),platform=Windows NT 10.0.18362 x86_64) (WARNING: The server did not provide any stacktrace information)
Command duration or timeout: 23 milliseconds
Build info: version: &apos;2.53.1&apos;, revision: &apos;a36b8b1cd5757287168e54b817830adce9b0158d&apos;, time: &apos;2016-06-30 19:26:09&apos;
System info: host: &apos;MININT-UM25UFB&apos;, ip: &apos;10.0.75.1&apos;, os.name: &apos;Windows 10&apos;, os.arch: &apos;amd64&apos;, os.version: &apos;10.0&apos;, java.version: &apos;1.8.0_261&apos;
Driver info: org.openqa.selenium.chrome.ChromeDriver
Capabilities [{mobileEmulationEnabled=false, timeouts={implicit=0, pageLoad=300000, script=30000}, hasTouchScreen=false, platform=XP, acceptSslCerts=false, goog:chromeOptions={debuggerAddress=localhost:57151}, acceptInsecureCerts=false, webStorageEnabled=true, browserName=chrome, takesScreenshot=true, javascriptEnabled=true, setWindowRect=true, unexpectedAlertBehaviour=ignore, applicationCacheEnabled=false, rotatable=false, networkConnectionEnabled=false, chrome={chromedriverVersion=86.0.4240.22 (398b0743353ff36fb1b82468f63a3a93b4e2e89e-refs/branch-heads/4240@{#378}), userDataDir=C:\Users\Rajesh\AppData\Local\Temp\scoped_dir8140_1400081495}, takesHeapSnapshot=true, pageLoadStrategy=normal, strictFileInteractability=false, databaseEnabled=false, handlesAlerts=true, version=86.0.4240.75, browserConnectionEnabled=false, proxy={}, nativeEvents=true, locationContextEnabled=true, cssSelectorsEnabled=true, webauthn:virtualAuthenticators=true}]
Session ID: eb5d261204d05f0cc7d5cbd64a1c1172
	at sun.reflect.NativeConstructorAccessorImpl.newInstance0(Native Method)
	at sun.reflect.NativeConstructorAccessorImpl.newInstance(NativeConstructorAccessorImpl.java:62)
	at sun.reflect.DelegatingConstructorAccessorImpl.newInstance(DelegatingConstructorAccessorImpl.java:45)
	at java.lang.reflect.Constructor.newInstance(Constructor.java:423)
	at org.openqa.selenium.remote.ErrorHandler.createThrowable(ErrorHandler.java:206)
	at org.openqa.selenium.remote.ErrorHandler.throwIfResponseFailed(ErrorHandler.java:158)
	at org.openqa.selenium.remote.RemoteWebDriver.execute(RemoteWebDriver.java:678)
	at org.openqa.selenium.remote.RemoteWebElement.execute(RemoteWebElement.java:327)
	at org.openqa.selenium.remote.RemoteWebElement.click(RemoteWebElement.java:85)
	at sun.reflect.NativeMethodAccessorImpl.invoke0(Native Method)
	at sun.reflect.NativeMethodAccessorImpl.invoke(NativeMethodAccessorImpl.java:62)
	at sun.reflect.DelegatingMethodAccessorImpl.invoke(DelegatingMethodAccessorImpl.java:43)
	at java.lang.reflect.Method.invoke(Method.java:498)
	at org.openqa.selenium.support.pagefactory.internal.LocatingElementHandler.invoke(LocatingElementHandler.java:51)
	at com.sun.proxy.$Proxy11.click(Unknown Source)
	at com.dollardays.pages.LoginPage.login(LoginPage.java:77)
	at com.dollardays.testcases.Team7DDSearchBarTestCase.SearchWithInvalidDta(Team7DDSearchBarTestCase.java:62)
	at sun.reflect.NativeMethodAccessorImpl.invoke0(Native Method)
	at sun.reflect.NativeMethodAccessorImpl.invoke(NativeMethodAccessorImpl.java:62)
	at sun.reflect.DelegatingMethodAccessorImpl.invoke(DelegatingMethodAccessorImpl.java:43)
	at java.lang.reflect.Method.invoke(Method.java:498)
	at org.testng.internal.MethodInvocationHelper.invokeMethod(MethodInvocationHelper.java:132)
	at org.testng.internal.TestInvoker.invokeMethod(TestInvoker.java:599)
	at org.testng.internal.TestInvoker.invokeTestMethod(TestInvoker.java:174)
	at org.testng.internal.MethodRunner.runInSequence(MethodRunner.java:46)
	at org.testng.internal.TestInvoker$MethodInvocationAgent.invoke(TestInvoker.java:822)
	at org.testng.internal.TestInvoker.invokeTestMethods(TestInvoker.java:147)
	at org.testng.internal.TestMethodWorker.invokeTestMethods(TestMethodWorker.java:146)
	at org.testng.internal.TestMethodWorker.run(TestMethodWorker.java:128)
	at java.util.concurrent.ThreadPoolExecutor.runWorker(ThreadPoolExecutor.java:1149)
	at java.util.concurrent.ThreadPoolExecutor$Worker.run(ThreadPoolExecutor.java:624)
	at java.lang.Thread.run(Thread.java:748)
</pre></div></td>
<td>1</td>
<td>com.dollardays.testcases.Team7DDSearchBarTestCase@345965f2</td></tr>
<tr>
<td title='com.dollardays.testcases.Team7DDSearchBarTestCase.SearchWithProductname()'><b>SearchWithProductname</b><br>Test class: com.dollardays.testcases.Team7DDSearchBarTestCase<br>Parameters: {TestCase=Valid ProductName, Password=cGFzc3dvcmQxMjM=, Runmode=Yes, SheetName=SearchBar, UserName=srikanthtesting100@gmail.com, TCID=TC1, ProductName=Backpack}</td>
<td><div><pre>java.lang.AssertionError:  Successfully Logged into the HomePage expected [DollarDays | Bulk Goods for Nonprofits, Businesses &amp; Schools | Wholesale Products] but found [Login or Register - DollarDays]
	at com.dollardays.pages.LoginPage.login(LoginPage.java:85)
	at com.dollardays.testcases.Team7DDSearchBarTestCase.SearchWithProductname(Team7DDSearchBarTestCase.java:32)
	at java.util.concurrent.ThreadPoolExecutor.runWorker(ThreadPoolExecutor.java:1149)
	at java.util.concurrent.ThreadPoolExecutor$Worker.run(ThreadPoolExecutor.java:624)
	at java.lang.Thread.run(Thread.java:748)
... Removed 17 stack frames</pre></div><a href='#' onClick='toggleBox("stack-trace165339953", this, "Click to show all stack frames", "Click to hide stack frames")'>Click to show all stack frames</a>
<div class='stack-trace' id='stack-trace165339953'><pre>java.lang.AssertionError:  Successfully Logged into the HomePage expected [DollarDays | Bulk Goods for Nonprofits, Businesses &amp; Schools | Wholesale Products] but found [Login or Register - DollarDays]
	at org.testng.Assert.fail(Assert.java:99)
	at org.testng.Assert.failNotEquals(Assert.java:1037)
	at org.testng.Assert.assertEqualsImpl(Assert.java:140)
	at org.testng.Assert.assertEquals(Assert.java:122)
	at org.testng.Assert.assertEquals(Assert.java:629)
	at com.dollardays.pages.LoginPage.login(LoginPage.java:85)
	at com.dollardays.testcases.Team7DDSearchBarTestCase.SearchWithProductname(Team7DDSearchBarTestCase.java:32)
	at sun.reflect.NativeMethodAccessorImpl.invoke0(Native Method)
	at sun.reflect.NativeMethodAccessorImpl.invoke(NativeMethodAccessorImpl.java:62)
	at sun.reflect.DelegatingMethodAccessorImpl.invoke(DelegatingMethodAccessorImpl.java:43)
	at java.lang.reflect.Method.invoke(Method.java:498)
	at org.testng.internal.MethodInvocationHelper.invokeMethod(MethodInvocationHelper.java:132)
	at org.testng.internal.TestInvoker.invokeMethod(TestInvoker.java:599)
	at org.testng.internal.TestInvoker.invokeTestMethod(TestInvoker.java:174)
	at org.testng.internal.MethodRunner.runInSequence(MethodRunner.java:46)
	at org.testng.internal.TestInvoker$MethodInvocationAgent.invoke(TestInvoker.java:822)
	at org.testng.internal.TestInvoker.invokeTestMethods(TestInvoker.java:147)
	at org.testng.internal.TestMethodWorker.invokeTestMethods(TestMethodWorker.java:146)
	at org.testng.internal.TestMethodWorker.run(TestMethodWorker.java:128)
	at java.util.concurrent.ThreadPoolExecutor.runWorker(ThreadPoolExecutor.java:1149)
	at java.util.concurrent.ThreadPoolExecutor$Worker.run(ThreadPoolExecutor.java:624)
	at java.lang.Thread.run(Thread.java:748)
</pre></div></td>
<td>7</td>
<td>com.dollardays.testcases.Team7DDSearchBarTestCase@345965f2</td></tr>
<tr>
<td title='com.dollardays.testcases.Team7DDSearchBarNoLoginTestCase.SearchWithProductname()'><b>SearchWithProductname</b><br>Test class: com.dollardays.testcases.Team7DDSearchBarNoLoginTestCase<br>Parameters: {TestCase=Valid ProductName with Valid SKU Number, Password=cGFzc3dvcmQxMjM=, Runmode=Yes, SheetName=SearchBar, UserName=srikanthtesting100@gmail.com, TCID=TC5, ProductName=2344396}</td>
<td><div><pre>org.openqa.selenium.NoSuchElementException: no such element: Unable to locate element: {&quot;method&quot;:&quot;xpath&quot;,&quot;selector&quot;:&quot;//h3[contains(text(),&apos;CATEGORY&apos;)]&quot;}
  (Session info: chrome=86.0.4240.75)
  (Driver info: chromedriver=86.0.4240.22 (398b0743353ff36fb1b82468f63a3a93b4e2e89e-refs/branch-heads/4240@{#378}),platform=Windows NT 10.0.18362 x86_64) (WARNING: The server did not provide any stacktrace information)
Command duration or timeout: 46 milliseconds
For documentation on this error, please visit: http://seleniumhq.org/exceptions/no_such_element.html
Build info: version: &apos;2.53.1&apos;, revision: &apos;a36b8b1cd5757287168e54b817830adce9b0158d&apos;, time: &apos;2016-06-30 19:26:09&apos;
System info: host: &apos;MININT-UM25UFB&apos;, ip: &apos;10.0.75.1&apos;, os.name: &apos;Windows 10&apos;, os.arch: &apos;amd64&apos;, os.version: &apos;10.0&apos;, java.version: &apos;1.8.0_261&apos;
Driver info: org.openqa.selenium.chrome.ChromeDriver
Capabilities [{mobileEmulationEnabled=false, timeouts={implicit=0, pageLoad=300000, script=30000}, hasTouchScreen=false, platform=XP, acceptSslCerts=false, goog:chromeOptions={debuggerAddress=localhost:58187}, acceptInsecureCerts=false, webStorageEnabled=true, browserName=chrome, takesScreenshot=true, javascriptEnabled=true, setWindowRect=true, unexpectedAlertBehaviour=ignore, applicationCacheEnabled=false, rotatable=false, networkConnectionEnabled=false, chrome={chromedriverVersion=86.0.4240.22 (398b0743353ff36fb1b82468f63a3a93b4e2e89e-refs/branch-heads/4240@{#378}), userDataDir=C:\Users\Rajesh\AppData\Local\Temp\scoped_dir16692_1659907404}, takesHeapSnapshot=true, pageLoadStrategy=normal, strictFileInteractability=false, databaseEnabled=false, handlesAlerts=true, version=86.0.4240.75, browserConnectionEnabled=false, proxy={}, nativeEvents=true, locationContextEnabled=true, cssSelectorsEnabled=true, webauthn:virtualAuthenticators=true}]
Session ID: 6f7ff984581de9c52a5667ffed3c21ff
*** Element info: {Using=xpath, value=//h3[contains(text(),&apos;CATEGORY&apos;)]}
	at org.openqa.selenium.remote.ErrorHandler.createThrowable(ErrorHandler.java:206)
	at org.openqa.selenium.remote.ErrorHandler.throwIfResponseFailed(ErrorHandler.java:158)
	at org.openqa.selenium.remote.RemoteWebDriver.execute(RemoteWebDriver.java:678)
	at org.openqa.selenium.remote.RemoteWebDriver.findElement(RemoteWebDriver.java:363)
	at org.openqa.selenium.remote.RemoteWebDriver.findElementByXPath(RemoteWebDriver.java:500)
	at org.openqa.selenium.By$ByXPath.findElement(By.java:361)
	at org.openqa.selenium.remote.RemoteWebDriver.findElement(RemoteWebDriver.java:355)
	at org.openqa.selenium.support.pagefactory.DefaultElementLocator.findElement(DefaultElementLocator.java:69)
	at org.openqa.selenium.support.pagefactory.internal.LocatingElementHandler.invoke(LocatingElementHandler.java:38)
	at com.sun.proxy.$Proxy11.getText(Unknown Source)
	at com.dollardays.pages.Team7DDSearchPage.CategoryCountValue(Team7DDSearchPage.java:121)
	at com.dollardays.testcases.Team7DDSearchBarNoLoginTestCase.SearchWithProductname(Team7DDSearchBarNoLoginTestCase.java:50)
	at java.util.concurrent.ThreadPoolExecutor.runWorker(ThreadPoolExecutor.java:1149)
	at java.util.concurrent.ThreadPoolExecutor$Worker.run(ThreadPoolExecutor.java:624)
	at java.lang.Thread.run(Thread.java:748)
... Removed 16 stack frames</pre></div><a href='#' onClick='toggleBox("stack-trace2139177355", this, "Click to show all stack frames", "Click to hide stack frames")'>Click to show all stack frames</a>
<div class='stack-trace' id='stack-trace2139177355'><pre>org.openqa.selenium.NoSuchElementException: no such element: Unable to locate element: {&quot;method&quot;:&quot;xpath&quot;,&quot;selector&quot;:&quot;//h3[contains(text(),&apos;CATEGORY&apos;)]&quot;}
  (Session info: chrome=86.0.4240.75)
  (Driver info: chromedriver=86.0.4240.22 (398b0743353ff36fb1b82468f63a3a93b4e2e89e-refs/branch-heads/4240@{#378}),platform=Windows NT 10.0.18362 x86_64) (WARNING: The server did not provide any stacktrace information)
Command duration or timeout: 46 milliseconds
For documentation on this error, please visit: http://seleniumhq.org/exceptions/no_such_element.html
Build info: version: &apos;2.53.1&apos;, revision: &apos;a36b8b1cd5757287168e54b817830adce9b0158d&apos;, time: &apos;2016-06-30 19:26:09&apos;
System info: host: &apos;MININT-UM25UFB&apos;, ip: &apos;10.0.75.1&apos;, os.name: &apos;Windows 10&apos;, os.arch: &apos;amd64&apos;, os.version: &apos;10.0&apos;, java.version: &apos;1.8.0_261&apos;
Driver info: org.openqa.selenium.chrome.ChromeDriver
Capabilities [{mobileEmulationEnabled=false, timeouts={implicit=0, pageLoad=300000, script=30000}, hasTouchScreen=false, platform=XP, acceptSslCerts=false, goog:chromeOptions={debuggerAddress=localhost:58187}, acceptInsecureCerts=false, webStorageEnabled=true, browserName=chrome, takesScreenshot=true, javascriptEnabled=true, setWindowRect=true, unexpectedAlertBehaviour=ignore, applicationCacheEnabled=false, rotatable=false, networkConnectionEnabled=false, chrome={chromedriverVersion=86.0.4240.22 (398b0743353ff36fb1b82468f63a3a93b4e2e89e-refs/branch-heads/4240@{#378}), userDataDir=C:\Users\Rajesh\AppData\Local\Temp\scoped_dir16692_1659907404}, takesHeapSnapshot=true, pageLoadStrategy=normal, strictFileInteractability=false, databaseEnabled=false, handlesAlerts=true, version=86.0.4240.75, browserConnectionEnabled=false, proxy={}, nativeEvents=true, locationContextEnabled=true, cssSelectorsEnabled=true, webauthn:virtualAuthenticators=true}]
Session ID: 6f7ff984581de9c52a5667ffed3c21ff
*** Element info: {Using=xpath, value=//h3[contains(text(),&apos;CATEGORY&apos;)]}
	at sun.reflect.NativeConstructorAccessorImpl.newInstance0(Native Method)
	at sun.reflect.NativeConstructorAccessorImpl.newInstance(NativeConstructorAccessorImpl.java:62)
	at sun.reflect.DelegatingConstructorAccessorImpl.newInstance(DelegatingConstructorAccessorImpl.java:45)
	at java.lang.reflect.Constructor.newInstance(Constructor.java:423)
	at org.openqa.selenium.remote.ErrorHandler.createThrowable(ErrorHandler.java:206)
	at org.openqa.selenium.remote.ErrorHandler.throwIfResponseFailed(ErrorHandler.java:158)
	at org.openqa.selenium.remote.RemoteWebDriver.execute(RemoteWebDriver.java:678)
	at org.openqa.selenium.remote.RemoteWebDriver.findElement(RemoteWebDriver.java:363)
	at org.openqa.selenium.remote.RemoteWebDriver.findElementByXPath(RemoteWebDriver.java:500)
	at org.openqa.selenium.By$ByXPath.findElement(By.java:361)
	at org.openqa.selenium.remote.RemoteWebDriver.findElement(RemoteWebDriver.java:355)
	at org.openqa.selenium.support.pagefactory.DefaultElementLocator.findElement(DefaultElementLocator.java:69)
	at org.openqa.selenium.support.pagefactory.internal.LocatingElementHandler.invoke(LocatingElementHandler.java:38)
	at com.sun.proxy.$Proxy11.getText(Unknown Source)
	at com.dollardays.pages.Team7DDSearchPage.CategoryCountValue(Team7DDSearchPage.java:121)
	at com.dollardays.testcases.Team7DDSearchBarNoLoginTestCase.SearchWithProductname(Team7DDSearchBarNoLoginTestCase.java:50)
	at sun.reflect.NativeMethodAccessorImpl.invoke0(Native Method)
	at sun.reflect.NativeMethodAccessorImpl.invoke(NativeMethodAccessorImpl.java:62)
	at sun.reflect.DelegatingMethodAccessorImpl.invoke(DelegatingMethodAccessorImpl.java:43)
	at java.lang.reflect.Method.invoke(Method.java:498)
	at org.testng.internal.MethodInvocationHelper.invokeMethod(MethodInvocationHelper.java:132)
	at org.testng.internal.TestInvoker.invokeMethod(TestInvoker.java:599)
	at org.testng.internal.TestInvoker.invokeTestMethod(TestInvoker.java:174)
	at org.testng.internal.MethodRunner.runInSequence(MethodRunner.java:46)
	at org.testng.internal.TestInvoker$MethodInvocationAgent.invoke(TestInvoker.java:822)
	at org.testng.internal.TestInvoker.invokeTestMethods(TestInvoker.java:147)
	at org.testng.internal.TestMethodWorker.invokeTestMethods(TestMethodWorker.java:146)
	at org.testng.internal.TestMethodWorker.run(TestMethodWorker.java:128)
	at java.util.concurrent.ThreadPoolExecutor.runWorker(ThreadPoolExecutor.java:1149)
	at java.util.concurrent.ThreadPoolExecutor$Worker.run(ThreadPoolExecutor.java:624)
	at java.lang.Thread.run(Thread.java:748)
</pre></div></td>
<td>5</td>
<td>com.dollardays.testcases.Team7DDSearchBarNoLoginTestCase@429bd883</td></tr>
<tr>
<td title='com.dollardays.testcases.Team7DDSearchBarTestCase.SearchWithProductname()'><b>SearchWithProductname</b><br>Test class: com.dollardays.testcases.Team7DDSearchBarTestCase<br>Parameters: {TestCase=Valid ProductName with Valid SKU Number, Password=cGFzc3dvcmQxMjM=, Runmode=Yes, SheetName=SearchBar, UserName=srikanthtesting100@gmail.com, TCID=TC5, ProductName=2344396}</td>
<td><div><pre>org.openqa.selenium.NoSuchElementException: no such element: Unable to locate element: {&quot;method&quot;:&quot;xpath&quot;,&quot;selector&quot;:&quot;//h3[contains(text(),&apos;CATEGORY&apos;)]&quot;}
  (Session info: chrome=86.0.4240.75)
  (Driver info: chromedriver=86.0.4240.22 (398b0743353ff36fb1b82468f63a3a93b4e2e89e-refs/branch-heads/4240@{#378}),platform=Windows NT 10.0.18362 x86_64) (WARNING: The server did not provide any stacktrace information)
Command duration or timeout: 13 milliseconds
For documentation on this error, please visit: http://seleniumhq.org/exceptions/no_such_element.html
Build info: version: &apos;2.53.1&apos;, revision: &apos;a36b8b1cd5757287168e54b817830adce9b0158d&apos;, time: &apos;2016-06-30 19:26:09&apos;
System info: host: &apos;MININT-UM25UFB&apos;, ip: &apos;10.0.75.1&apos;, os.name: &apos;Windows 10&apos;, os.arch: &apos;amd64&apos;, os.version: &apos;10.0&apos;, java.version: &apos;1.8.0_261&apos;
Driver info: org.openqa.selenium.chrome.ChromeDriver
Capabilities [{mobileEmulationEnabled=false, timeouts={implicit=0, pageLoad=300000, script=30000}, hasTouchScreen=false, platform=XP, acceptSslCerts=false, goog:chromeOptions={debuggerAddress=localhost:58459}, acceptInsecureCerts=false, webStorageEnabled=true, browserName=chrome, takesScreenshot=true, javascriptEnabled=true, setWindowRect=true, unexpectedAlertBehaviour=ignore, applicationCacheEnabled=false, rotatable=false, networkConnectionEnabled=false, chrome={chromedriverVersion=86.0.4240.22 (398b0743353ff36fb1b82468f63a3a93b4e2e89e-refs/branch-heads/4240@{#378}), userDataDir=C:\Users\Rajesh\AppData\Local\Temp\scoped_dir16200_632199187}, takesHeapSnapshot=true, pageLoadStrategy=normal, strictFileInteractability=false, databaseEnabled=false, handlesAlerts=true, version=86.0.4240.75, browserConnectionEnabled=false, proxy={}, nativeEvents=true, locationContextEnabled=true, cssSelectorsEnabled=true, webauthn:virtualAuthenticators=true}]
Session ID: b4b10b3593ca7401311370a68a32fdaf
*** Element info: {Using=xpath, value=//h3[contains(text(),&apos;CATEGORY&apos;)]}
	at org.openqa.selenium.remote.ErrorHandler.createThrowable(ErrorHandler.java:206)
	at org.openqa.selenium.remote.ErrorHandler.throwIfResponseFailed(ErrorHandler.java:158)
	at org.openqa.selenium.remote.RemoteWebDriver.execute(RemoteWebDriver.java:678)
	at org.openqa.selenium.remote.RemoteWebDriver.findElement(RemoteWebDriver.java:363)
	at org.openqa.selenium.remote.RemoteWebDriver.findElementByXPath(RemoteWebDriver.java:500)
	at org.openqa.selenium.By$ByXPath.findElement(By.java:361)
	at org.openqa.selenium.remote.RemoteWebDriver.findElement(RemoteWebDriver.java:355)
	at org.openqa.selenium.support.pagefactory.DefaultElementLocator.findElement(DefaultElementLocator.java:69)
	at org.openqa.selenium.support.pagefactory.internal.LocatingElementHandler.invoke(LocatingElementHandler.java:38)
	at com.sun.proxy.$Proxy11.getText(Unknown Source)
	at com.dollardays.pages.Team7DDSearchPage.CategoryCountValue(Team7DDSearchPage.java:121)
	at com.dollardays.testcases.Team7DDSearchBarTestCase.SearchWithProductname(Team7DDSearchBarTestCase.java:47)
	at java.util.concurrent.ThreadPoolExecutor.runWorker(ThreadPoolExecutor.java:1149)
	at java.util.concurrent.ThreadPoolExecutor$Worker.run(ThreadPoolExecutor.java:624)
	at java.lang.Thread.run(Thread.java:748)
... Removed 16 stack frames</pre></div><a href='#' onClick='toggleBox("stack-trace1876028292", this, "Click to show all stack frames", "Click to hide stack frames")'>Click to show all stack frames</a>
<div class='stack-trace' id='stack-trace1876028292'><pre>org.openqa.selenium.NoSuchElementException: no such element: Unable to locate element: {&quot;method&quot;:&quot;xpath&quot;,&quot;selector&quot;:&quot;//h3[contains(text(),&apos;CATEGORY&apos;)]&quot;}
  (Session info: chrome=86.0.4240.75)
  (Driver info: chromedriver=86.0.4240.22 (398b0743353ff36fb1b82468f63a3a93b4e2e89e-refs/branch-heads/4240@{#378}),platform=Windows NT 10.0.18362 x86_64) (WARNING: The server did not provide any stacktrace information)
Command duration or timeout: 13 milliseconds
For documentation on this error, please visit: http://seleniumhq.org/exceptions/no_such_element.html
Build info: version: &apos;2.53.1&apos;, revision: &apos;a36b8b1cd5757287168e54b817830adce9b0158d&apos;, time: &apos;2016-06-30 19:26:09&apos;
System info: host: &apos;MININT-UM25UFB&apos;, ip: &apos;10.0.75.1&apos;, os.name: &apos;Windows 10&apos;, os.arch: &apos;amd64&apos;, os.version: &apos;10.0&apos;, java.version: &apos;1.8.0_261&apos;
Driver info: org.openqa.selenium.chrome.ChromeDriver
Capabilities [{mobileEmulationEnabled=false, timeouts={implicit=0, pageLoad=300000, script=30000}, hasTouchScreen=false, platform=XP, acceptSslCerts=false, goog:chromeOptions={debuggerAddress=localhost:58459}, acceptInsecureCerts=false, webStorageEnabled=true, browserName=chrome, takesScreenshot=true, javascriptEnabled=true, setWindowRect=true, unexpectedAlertBehaviour=ignore, applicationCacheEnabled=false, rotatable=false, networkConnectionEnabled=false, chrome={chromedriverVersion=86.0.4240.22 (398b0743353ff36fb1b82468f63a3a93b4e2e89e-refs/branch-heads/4240@{#378}), userDataDir=C:\Users\Rajesh\AppData\Local\Temp\scoped_dir16200_632199187}, takesHeapSnapshot=true, pageLoadStrategy=normal, strictFileInteractability=false, databaseEnabled=false, handlesAlerts=true, version=86.0.4240.75, browserConnectionEnabled=false, proxy={}, nativeEvents=true, locationContextEnabled=true, cssSelectorsEnabled=true, webauthn:virtualAuthenticators=true}]
Session ID: b4b10b3593ca7401311370a68a32fdaf
*** Element info: {Using=xpath, value=//h3[contains(text(),&apos;CATEGORY&apos;)]}
	at sun.reflect.NativeConstructorAccessorImpl.newInstance0(Native Method)
	at sun.reflect.NativeConstructorAccessorImpl.newInstance(NativeConstructorAccessorImpl.java:62)
	at sun.reflect.DelegatingConstructorAccessorImpl.newInstance(DelegatingConstructorAccessorImpl.java:45)
	at java.lang.reflect.Constructor.newInstance(Constructor.java:423)
	at org.openqa.selenium.remote.ErrorHandler.createThrowable(ErrorHandler.java:206)
	at org.openqa.selenium.remote.ErrorHandler.throwIfResponseFailed(ErrorHandler.java:158)
	at org.openqa.selenium.remote.RemoteWebDriver.execute(RemoteWebDriver.java:678)
	at org.openqa.selenium.remote.RemoteWebDriver.findElement(RemoteWebDriver.java:363)
	at org.openqa.selenium.remote.RemoteWebDriver.findElementByXPath(RemoteWebDriver.java:500)
	at org.openqa.selenium.By$ByXPath.findElement(By.java:361)
	at org.openqa.selenium.remote.RemoteWebDriver.findElement(RemoteWebDriver.java:355)
	at org.openqa.selenium.support.pagefactory.DefaultElementLocator.findElement(DefaultElementLocator.java:69)
	at org.openqa.selenium.support.pagefactory.internal.LocatingElementHandler.invoke(LocatingElementHandler.java:38)
	at com.sun.proxy.$Proxy11.getText(Unknown Source)
	at com.dollardays.pages.Team7DDSearchPage.CategoryCountValue(Team7DDSearchPage.java:121)
	at com.dollardays.testcases.Team7DDSearchBarTestCase.SearchWithProductname(Team7DDSearchBarTestCase.java:47)
	at sun.reflect.NativeMethodAccessorImpl.invoke0(Native Method)
	at sun.reflect.NativeMethodAccessorImpl.invoke(NativeMethodAccessorImpl.java:62)
	at sun.reflect.DelegatingMethodAccessorImpl.invoke(DelegatingMethodAccessorImpl.java:43)
	at java.lang.reflect.Method.invoke(Method.java:498)
	at org.testng.internal.MethodInvocationHelper.invokeMethod(MethodInvocationHelper.java:132)
	at org.testng.internal.TestInvoker.invokeMethod(TestInvoker.java:599)
	at org.testng.internal.TestInvoker.invokeTestMethod(TestInvoker.java:174)
	at org.testng.internal.MethodRunner.runInSequence(MethodRunner.java:46)
	at org.testng.internal.TestInvoker$MethodInvocationAgent.invoke(TestInvoker.java:822)
	at org.testng.internal.TestInvoker.invokeTestMethods(TestInvoker.java:147)
	at org.testng.internal.TestMethodWorker.invokeTestMethods(TestMethodWorker.java:146)
	at org.testng.internal.TestMethodWorker.run(TestMethodWorker.java:128)
	at java.util.concurrent.ThreadPoolExecutor.runWorker(ThreadPoolExecutor.java:1149)
	at java.util.concurrent.ThreadPoolExecutor$Worker.run(ThreadPoolExecutor.java:624)
	at java.lang.Thread.run(Thread.java:748)
</pre></div></td>
<td>12</td>
<td>com.dollardays.testcases.Team7DDSearchBarTestCase@345965f2</td></tr>
<tr>
<td title='com.dollardays.testcases.Team7DDSortByTestcase.SortBy_View()'><b>SortBy_View</b><br>Test class: com.dollardays.testcases.Team7DDSortByTestcase<br>Parameters: {SortBy=Best Match, TestCase=SortBy with BestMatch option & View option 12, ProductName=Food, TCID=TC1, SheetName=SortBy&View, Runmode=Yes, UserName=srikanthtesting100@gmail.com, ViewBy=12, Password=cGFzc3dvcmQxMjM=}</td>
<td><div><pre>java.lang.AssertionError:  Successfully Logged into the HomePage expected [DollarDays | Bulk Goods for Nonprofits, Businesses &amp; Schools | Wholesale Products] but found [Login or Register - DollarDays]
	at com.dollardays.pages.LoginPage.login(LoginPage.java:85)
	at com.dollardays.testcases.Team7DDSortByTestcase.SortBy_View(Team7DDSortByTestcase.java:34)
	at java.util.concurrent.ThreadPoolExecutor.runWorker(ThreadPoolExecutor.java:1149)
	at java.util.concurrent.ThreadPoolExecutor$Worker.run(ThreadPoolExecutor.java:624)
	at java.lang.Thread.run(Thread.java:748)
... Removed 17 stack frames</pre></div><a href='#' onClick='toggleBox("stack-trace283564241", this, "Click to show all stack frames", "Click to hide stack frames")'>Click to show all stack frames</a>
<div class='stack-trace' id='stack-trace283564241'><pre>java.lang.AssertionError:  Successfully Logged into the HomePage expected [DollarDays | Bulk Goods for Nonprofits, Businesses &amp; Schools | Wholesale Products] but found [Login or Register - DollarDays]
	at org.testng.Assert.fail(Assert.java:99)
	at org.testng.Assert.failNotEquals(Assert.java:1037)
	at org.testng.Assert.assertEqualsImpl(Assert.java:140)
	at org.testng.Assert.assertEquals(Assert.java:122)
	at org.testng.Assert.assertEquals(Assert.java:629)
	at com.dollardays.pages.LoginPage.login(LoginPage.java:85)
	at com.dollardays.testcases.Team7DDSortByTestcase.SortBy_View(Team7DDSortByTestcase.java:34)
	at sun.reflect.NativeMethodAccessorImpl.invoke0(Native Method)
	at sun.reflect.NativeMethodAccessorImpl.invoke(NativeMethodAccessorImpl.java:62)
	at sun.reflect.DelegatingMethodAccessorImpl.invoke(DelegatingMethodAccessorImpl.java:43)
	at java.lang.reflect.Method.invoke(Method.java:498)
	at org.testng.internal.MethodInvocationHelper.invokeMethod(MethodInvocationHelper.java:132)
	at org.testng.internal.TestInvoker.invokeMethod(TestInvoker.java:599)
	at org.testng.internal.TestInvoker.invokeTestMethod(TestInvoker.java:174)
	at org.testng.internal.MethodRunner.runInSequence(MethodRunner.java:46)
	at org.testng.internal.TestInvoker$MethodInvocationAgent.invoke(TestInvoker.java:822)
	at org.testng.internal.TestInvoker.invokeTestMethods(TestInvoker.java:147)
	at org.testng.internal.TestMethodWorker.invokeTestMethods(TestMethodWorker.java:146)
	at org.testng.internal.TestMethodWorker.run(TestMethodWorker.java:128)
	at java.util.concurrent.ThreadPoolExecutor.runWorker(ThreadPoolExecutor.java:1149)
	at java.util.concurrent.ThreadPoolExecutor$Worker.run(ThreadPoolExecutor.java:624)
	at java.lang.Thread.run(Thread.java:748)
</pre></div></td>
<td>7</td>
<td>com.dollardays.testcases.Team7DDSortByTestcase@4d49af10</td></tr>
<tr>
<td title='com.dollardays.testcases.Team7DDSortByTestcase.SortBy_View()'><b>SortBy_View</b><br>Test class: com.dollardays.testcases.Team7DDSortByTestcase<br>Parameters: {SortBy=Best Match, TestCase=SortBy with Best Match option & View option 24, ProductName=Food, TCID=TC2, SheetName=SortBy&View, Runmode=Yes, UserName=srikanthtesting100@gmail.com, ViewBy=24, Password=cGFzc3dvcmQxMjM=}</td>
<td><div><pre>java.lang.AssertionError:  Successfully Logged into the HomePage expected [DollarDays | Bulk Goods for Nonprofits, Businesses &amp; Schools | Wholesale Products] but found [Login or Register - DollarDays]
	at com.dollardays.pages.LoginPage.login(LoginPage.java:85)
	at com.dollardays.testcases.Team7DDSortByTestcase.SortBy_View(Team7DDSortByTestcase.java:34)
	at java.util.concurrent.ThreadPoolExecutor.runWorker(ThreadPoolExecutor.java:1149)
	at java.util.concurrent.ThreadPoolExecutor$Worker.run(ThreadPoolExecutor.java:624)
	at java.lang.Thread.run(Thread.java:748)
... Removed 17 stack frames</pre></div><a href='#' onClick='toggleBox("stack-trace198424908", this, "Click to show all stack frames", "Click to hide stack frames")'>Click to show all stack frames</a>
<div class='stack-trace' id='stack-trace198424908'><pre>java.lang.AssertionError:  Successfully Logged into the HomePage expected [DollarDays | Bulk Goods for Nonprofits, Businesses &amp; Schools | Wholesale Products] but found [Login or Register - DollarDays]
	at org.testng.Assert.fail(Assert.java:99)
	at org.testng.Assert.failNotEquals(Assert.java:1037)
	at org.testng.Assert.assertEqualsImpl(Assert.java:140)
	at org.testng.Assert.assertEquals(Assert.java:122)
	at org.testng.Assert.assertEquals(Assert.java:629)
	at com.dollardays.pages.LoginPage.login(LoginPage.java:85)
	at com.dollardays.testcases.Team7DDSortByTestcase.SortBy_View(Team7DDSortByTestcase.java:34)
	at sun.reflect.NativeMethodAccessorImpl.invoke0(Native Method)
	at sun.reflect.NativeMethodAccessorImpl.invoke(NativeMethodAccessorImpl.java:62)
	at sun.reflect.DelegatingMethodAccessorImpl.invoke(DelegatingMethodAccessorImpl.java:43)
	at java.lang.reflect.Method.invoke(Method.java:498)
	at org.testng.internal.MethodInvocationHelper.invokeMethod(MethodInvocationHelper.java:132)
	at org.testng.internal.TestInvoker.invokeMethod(TestInvoker.java:599)
	at org.testng.internal.TestInvoker.invokeTestMethod(TestInvoker.java:174)
	at org.testng.internal.MethodRunner.runInSequence(MethodRunner.java:46)
	at org.testng.internal.TestInvoker$MethodInvocationAgent.invoke(TestInvoker.java:822)
	at org.testng.internal.TestInvoker.invokeTestMethods(TestInvoker.java:147)
	at org.testng.internal.TestMethodWorker.invokeTestMethods(TestMethodWorker.java:146)
	at org.testng.internal.TestMethodWorker.run(TestMethodWorker.java:128)
	at java.util.concurrent.ThreadPoolExecutor.runWorker(ThreadPoolExecutor.java:1149)
	at java.util.concurrent.ThreadPoolExecutor$Worker.run(ThreadPoolExecutor.java:624)
	at java.lang.Thread.run(Thread.java:748)
</pre></div></td>
<td>5</td>
<td>com.dollardays.testcases.Team7DDSortByTestcase@4d49af10</td></tr>
<tr>
<td title='com.dollardays.testcases.Team7DDPaginationTestcase.TC1_Pagination()'><b>TC1_Pagination</b><br>Test class: com.dollardays.testcases.Team7DDPaginationTestcase<br>Parameters: {TestCase=Verify if the correct no.of results are displayed (against category), Password=cGFzc3dvcmQxMjM=, Runmode=Yes, SheetName=Pagination, UserName=srikanthtesting100@gmail.com, TCID=TC1, ProductName=Food}</td>
<td><div><pre>java.lang.AssertionError:  Successfully Logged into the HomePage expected [DollarDays | Bulk Goods for Nonprofits, Businesses &amp; Schools | Wholesale Products] but found [Login or Register - DollarDays]
	at com.dollardays.pages.LoginPage.login(LoginPage.java:85)
	at com.dollardays.testcases.Team7DDPaginationTestcase.TC1_Pagination(Team7DDPaginationTestcase.java:36)
	at java.util.concurrent.ThreadPoolExecutor.runWorker(ThreadPoolExecutor.java:1149)
	at java.util.concurrent.ThreadPoolExecutor$Worker.run(ThreadPoolExecutor.java:624)
	at java.lang.Thread.run(Thread.java:748)
... Removed 17 stack frames</pre></div><a href='#' onClick='toggleBox("stack-trace617079511", this, "Click to show all stack frames", "Click to hide stack frames")'>Click to show all stack frames</a>
<div class='stack-trace' id='stack-trace617079511'><pre>java.lang.AssertionError:  Successfully Logged into the HomePage expected [DollarDays | Bulk Goods for Nonprofits, Businesses &amp; Schools | Wholesale Products] but found [Login or Register - DollarDays]
	at org.testng.Assert.fail(Assert.java:99)
	at org.testng.Assert.failNotEquals(Assert.java:1037)
	at org.testng.Assert.assertEqualsImpl(Assert.java:140)
	at org.testng.Assert.assertEquals(Assert.java:122)
	at org.testng.Assert.assertEquals(Assert.java:629)
	at com.dollardays.pages.LoginPage.login(LoginPage.java:85)
	at com.dollardays.testcases.Team7DDPaginationTestcase.TC1_Pagination(Team7DDPaginationTestcase.java:36)
	at sun.reflect.NativeMethodAccessorImpl.invoke0(Native Method)
	at sun.reflect.NativeMethodAccessorImpl.invoke(NativeMethodAccessorImpl.java:62)
	at sun.reflect.DelegatingMethodAccessorImpl.invoke(DelegatingMethodAccessorImpl.java:43)
	at java.lang.reflect.Method.invoke(Method.java:498)
	at org.testng.internal.MethodInvocationHelper.invokeMethod(MethodInvocationHelper.java:132)
	at org.testng.internal.TestInvoker.invokeMethod(TestInvoker.java:599)
	at org.testng.internal.TestInvoker.invokeTestMethod(TestInvoker.java:174)
	at org.testng.internal.MethodRunner.runInSequence(MethodRunner.java:46)
	at org.testng.internal.TestInvoker$MethodInvocationAgent.invoke(TestInvoker.java:822)
	at org.testng.internal.TestInvoker.invokeTestMethods(TestInvoker.java:147)
	at org.testng.internal.TestMethodWorker.invokeTestMethods(TestMethodWorker.java:146)
	at org.testng.internal.TestMethodWorker.run(TestMethodWorker.java:128)
	at java.util.concurrent.ThreadPoolExecutor.runWorker(ThreadPoolExecutor.java:1149)
	at java.util.concurrent.ThreadPoolExecutor$Worker.run(ThreadPoolExecutor.java:624)
	at java.lang.Thread.run(Thread.java:748)
</pre></div></td>
<td>8</td>
<td>com.dollardays.testcases.Team7DDPaginationTestcase@279ad2e3</td></tr>
</table><p>
<table width='100%' border='1' class='invocation-passed'>
<tr><td colspan='4' align='center'><b>PASSED TESTS</b></td></tr>
<tr><td><b>Test method</b></td>
<td width="30%"><b>Exception</b></td>
<td width="10%"><b>Time (seconds)</b></td>
<td><b>Instance</b></td>
</tr>
<tr>
<td title='com.dollardays.testcases.Team7DDSearchBarNoLoginTestCase.SearchWithInvalidDta()'><b>SearchWithInvalidDta</b><br>Test class: com.dollardays.testcases.Team7DDSearchBarNoLoginTestCase<br>Parameters: {TestCase=InValid ProductName, Password=cGFzc3dvcmQxMjM=, Runmode=No, SheetName=SearchBar, UserName=srikanthtesting100@gmail.com, TCID=TC7, ProductName=djhksjdh}</td>
<td></td>
<td>5</td>
<td>com.dollardays.testcases.Team7DDSearchBarNoLoginTestCase@429bd883</td></tr>
<tr>
<td title='com.dollardays.testcases.Team7DDSearchBarNoLoginTestCase.SearchWithProductname()'><b>SearchWithProductname</b><br>Test class: com.dollardays.testcases.Team7DDSearchBarNoLoginTestCase<br>Parameters: {TestCase=Valid ProductName, Password=cGFzc3dvcmQxMjM=, Runmode=Yes, SheetName=SearchBar, UserName=srikanthtesting100@gmail.com, TCID=TC1, ProductName=Backpack}</td>
<td></td>
<td>6</td>
<td>com.dollardays.testcases.Team7DDSearchBarNoLoginTestCase@429bd883</td></tr>
<tr>
<td title='com.dollardays.testcases.Team7DDSearchBarNoLoginTestCase.SearchWithProductname()'><b>SearchWithProductname</b><br>Test class: com.dollardays.testcases.Team7DDSearchBarNoLoginTestCase<br>Parameters: {TestCase=ValidProductname with Case Sensitive, Password=cGFzc3dvcmQxMjM=, Runmode=Yes, SheetName=SearchBar, UserName=srikanthtesting100@gmail.com, TCID=TC2, ProductName=FoOd}</td>
<td></td>
<td>6</td>
<td>com.dollardays.testcases.Team7DDSearchBarNoLoginTestCase@429bd883</td></tr>
<tr>
<td title='com.dollardays.testcases.Team7DDSearchBarTestCase.SearchWithProductname()'><b>SearchWithProductname</b><br>Test class: com.dollardays.testcases.Team7DDSearchBarTestCase<br>Parameters: {TestCase=ValidProductname with Case Sensitive, Password=cGFzc3dvcmQxMjM=, Runmode=Yes, SheetName=SearchBar, UserName=srikanthtesting100@gmail.com, TCID=TC2, ProductName=FoOd}</td>
<td></td>
<td>15</td>
<td>com.dollardays.testcases.Team7DDSearchBarTestCase@345965f2</td></tr>
<tr>
<td title='com.dollardays.testcases.Team7DDSearchBarNoLoginTestCase.SearchWithProductname()'><b>SearchWithProductname</b><br>Test class: com.dollardays.testcases.Team7DDSearchBarNoLoginTestCase<br>Parameters: {TestCase=Valid Product Name with Numerals, Password=cGFzc3dvcmQxMjM=, Runmode=Yes, SheetName=SearchBar, UserName=srikanthtesting100@gmail.com, TCID=TC3, ProductName=15"Backpack}</td>
<td></td>
<td>4</td>
<td>com.dollardays.testcases.Team7DDSearchBarNoLoginTestCase@429bd883</td></tr>
<tr>
<td title='com.dollardays.testcases.Team7DDSearchBarTestCase.SearchWithProductname()'><b>SearchWithProductname</b><br>Test class: com.dollardays.testcases.Team7DDSearchBarTestCase<br>Parameters: {TestCase=Valid Product Name with Numerals, Password=cGFzc3dvcmQxMjM=, Runmode=Yes, SheetName=SearchBar, UserName=srikanthtesting100@gmail.com, TCID=TC3, ProductName=15"Backpack}</td>
<td></td>
<td>13</td>
<td>com.dollardays.testcases.Team7DDSearchBarTestCase@345965f2</td></tr>
<tr>
<td title='com.dollardays.testcases.Team7DDSearchBarNoLoginTestCase.SearchWithProductname()'><b>SearchWithProductname</b><br>Test class: com.dollardays.testcases.Team7DDSearchBarNoLoginTestCase<br>Parameters: {TestCase=Valid Product Name with Special Characters, Password=cGFzc3dvcmQxMjM=, Runmode=Yes, SheetName=SearchBar, UserName=srikanthtesting100@gmail.com, TCID=TC4, ProductName=Pac-it fresh}</td>
<td></td>
<td>6</td>
<td>com.dollardays.testcases.Team7DDSearchBarNoLoginTestCase@429bd883</td></tr>
<tr>
<td title='com.dollardays.testcases.Team7DDSearchBarTestCase.SearchWithProductname()'><b>SearchWithProductname</b><br>Test class: com.dollardays.testcases.Team7DDSearchBarTestCase<br>Parameters: {TestCase=Valid Product Name with Special Characters, Password=cGFzc3dvcmQxMjM=, Runmode=Yes, SheetName=SearchBar, UserName=srikanthtesting100@gmail.com, TCID=TC4, ProductName=Pac-it fresh}</td>
<td></td>
<td>15</td>
<td>com.dollardays.testcases.Team7DDSearchBarTestCase@345965f2</td></tr>
<tr>
<td title='com.dollardays.testcases.Team7DDSearchBarNoLoginTestCase.SearchWithProductname()'><b>SearchWithProductname</b><br>Test class: com.dollardays.testcases.Team7DDSearchBarNoLoginTestCase<br>Parameters: {TestCase=Valid ProductName with WildCharacters, Password=cGFzc3dvcmQxMjM=, Runmode=Yes, SheetName=SearchBar, UserName=srikanthtesting100@gmail.com, TCID=TC6, ProductName=Fo%}</td>
<td></td>
<td>4</td>
<td>com.dollardays.testcases.Team7DDSearchBarNoLoginTestCase@429bd883</td></tr>
<tr>
<td title='com.dollardays.testcases.Team7DDSearchBarTestCase.SearchWithProductname()'><b>SearchWithProductname</b><br>Test class: com.dollardays.testcases.Team7DDSearchBarTestCase<br>Parameters: {TestCase=Valid ProductName with WildCharacters, Password=cGFzc3dvcmQxMjM=, Runmode=Yes, SheetName=SearchBar, UserName=srikanthtesting100@gmail.com, TCID=TC6, ProductName=Fo%}</td>
<td></td>
<td>11</td>
<td>com.dollardays.testcases.Team7DDSearchBarTestCase@345965f2</td></tr>
<tr>
<td title='com.dollardays.testcases.Team7DDSortByTestcase.SortBy_View()'><b>SortBy_View</b><br>Test class: com.dollardays.testcases.Team7DDSortByTestcase<br>Parameters: {SortBy=Best Match, TestCase=SortBy with Best Match option & View option 48, ProductName=Food, TCID=TC3, SheetName=SortBy&View, Runmode=Yes, UserName=srikanthtesting100@gmail.com, ViewBy=48, Password=cGFzc3dvcmQxMjM=}</td>
<td></td>
<td>41</td>
<td>com.dollardays.testcases.Team7DDSortByTestcase@4d49af10</td></tr>
<tr>
<td title='com.dollardays.testcases.Team7DDSortByTestcase.SortBy_View()'><b>SortBy_View</b><br>Test class: com.dollardays.testcases.Team7DDSortByTestcase<br>Parameters: {SortBy=Popularity, TestCase=SortBy with Popularity option & View option 12, ProductName=Food, TCID=TC4, SheetName=SortBy&View, Runmode=Yes, UserName=srikanthtesting100@gmail.com, ViewBy=12, Password=cGFzc3dvcmQxMjM=}</td>
<td></td>
<td>43</td>
<td>com.dollardays.testcases.Team7DDSortByTestcase@4d49af10</td></tr>
<tr>
<td title='com.dollardays.testcases.Team7DDSortByTestcase.SortBy_View()'><b>SortBy_View</b><br>Test class: com.dollardays.testcases.Team7DDSortByTestcase<br>Parameters: {SortBy=Popularity, TestCase=SortBy with Popularity option & View option 24, ProductName=Food, TCID=TC5, SheetName=SortBy&View, Runmode=Yes, UserName=srikanthtesting100@gmail.com, ViewBy=24, Password=cGFzc3dvcmQxMjM=}</td>
<td></td>
<td>36</td>
<td>com.dollardays.testcases.Team7DDSortByTestcase@4d49af10</td></tr>
<tr>
<td title='com.dollardays.testcases.Team7DDSortByTestcase.SortBy_View()'><b>SortBy_View</b><br>Test class: com.dollardays.testcases.Team7DDSortByTestcase<br>Parameters: {SortBy=Popularity, TestCase=SortBy with Popularity option & View option 48, ProductName=Food, TCID=TC6, SheetName=SortBy&View, Runmode=Yes, UserName=srikanthtesting100@gmail.com, ViewBy=48, Password=cGFzc3dvcmQxMjM=}</td>
<td></td>
<td>37</td>
<td>com.dollardays.testcases.Team7DDSortByTestcase@4d49af10</td></tr>
<tr>
<td title='com.dollardays.testcases.Team7DDSortByTestcase.SortBy_View()'><b>SortBy_View</b><br>Test class: com.dollardays.testcases.Team7DDSortByTestcase<br>Parameters: {SortBy=Newest First, TestCase=SortBy with NewestFirst option & View option 12, ProductName=Food, TCID=TC7, SheetName=SortBy&View, Runmode=Yes, UserName=srikanthtesting100@gmail.com, ViewBy=12, Password=cGFzc3dvcmQxMjM=}</td>
<td></td>
<td>37</td>
<td>com.dollardays.testcases.Team7DDSortByTestcase@4d49af10</td></tr>
<tr>
<td title='com.dollardays.testcases.Team7DDSortByTestcase.SortBy_View()'><b>SortBy_View</b><br>Test class: com.dollardays.testcases.Team7DDSortByTestcase<br>Parameters: {SortBy=Newest First, TestCase=SortBy with NewestFirst option & View option 24, ProductName=Food, TCID=TC8, SheetName=SortBy&View, Runmode=Yes, UserName=srikanthtesting100@gmail.com, ViewBy=24, Password=cGFzc3dvcmQxMjM=}</td>
<td></td>
<td>36</td>
<td>com.dollardays.testcases.Team7DDSortByTestcase@4d49af10</td></tr>
<tr>
<td title='com.dollardays.testcases.Team7DDSortByTestcase.SortBy_View()'><b>SortBy_View</b><br>Test class: com.dollardays.testcases.Team7DDSortByTestcase<br>Parameters: {SortBy=Newest First, TestCase=SortBy with NewestFirst option & View option 48, ProductName=Food, TCID=TC9, SheetName=SortBy&View, Runmode=Yes, UserName=srikanthtesting100@gmail.com, ViewBy=48, Password=cGFzc3dvcmQxMjM=}</td>
<td></td>
<td>39</td>
<td>com.dollardays.testcases.Team7DDSortByTestcase@4d49af10</td></tr>
</table><p>
<table width='100%' border='1' class='invocation-skipped'>
<tr><td colspan='4' align='center'><b>SKIPPED TESTS</b></td></tr>
<tr><td><b>Test method</b></td>
<td width="30%"><b>Exception</b></td>
<td width="10%"><b>Time (seconds)</b></td>
<td><b>Instance</b></td>
</tr>
<tr>
<td title='com.dollardays.testcases.Team7DDSortByTestcase.SortBy_View()'><b>SortBy_View</b><br>Test class: com.dollardays.testcases.Team7DDSortByTestcase<br>Parameters: {SortBy=Price per Unit (Low to high), TestCase=SortBy with Price per Unit LtoH option & View option 12, ProductName=Food, TCID=TC10, SheetName=SortBy&View, Runmode=Yes, UserName=srikanthtesting100@gmail.com, ViewBy=12, Password=cGFzc3dvcmQxMjM=}</td>
<td><div><pre>java.lang.Exception: Driver Not Found
	at com.dollardays.testcases.BaseTest.openBrowser(BaseTest.java:95)
	at com.dollardays.testcases.BaseTest.setUpBrowser(BaseTest.java:117)
	at java.util.concurrent.ThreadPoolExecutor.runWorker(ThreadPoolExecutor.java:1149)
	at java.util.concurrent.ThreadPoolExecutor$Worker.run(ThreadPoolExecutor.java:624)
	at java.lang.Thread.run(Thread.java:748)
... Removed 15 stack frames</pre></div><a href='#' onClick='toggleBox("stack-trace1561039325", this, "Click to show all stack frames", "Click to hide stack frames")'>Click to show all stack frames</a>
<div class='stack-trace' id='stack-trace1561039325'><pre>java.lang.Exception: Driver Not Found
	at com.dollardays.testcases.BaseTest.openBrowser(BaseTest.java:95)
	at com.dollardays.testcases.BaseTest.setUpBrowser(BaseTest.java:117)
	at sun.reflect.GeneratedMethodAccessor8.invoke(Unknown Source)
	at sun.reflect.DelegatingMethodAccessorImpl.invoke(DelegatingMethodAccessorImpl.java:43)
	at java.lang.reflect.Method.invoke(Method.java:498)
	at org.testng.internal.MethodInvocationHelper.invokeMethod(MethodInvocationHelper.java:132)
	at org.testng.internal.MethodInvocationHelper.invokeMethodConsideringTimeout(MethodInvocationHelper.java:61)
	at org.testng.internal.ConfigInvoker.invokeConfigurationMethod(ConfigInvoker.java:366)
	at org.testng.internal.ConfigInvoker.invokeConfigurations(ConfigInvoker.java:320)
	at org.testng.internal.TestInvoker.runConfigMethods(TestInvoker.java:701)
	at org.testng.internal.TestInvoker.invokeMethod(TestInvoker.java:527)
	at org.testng.internal.TestInvoker.invokeTestMethod(TestInvoker.java:174)
	at org.testng.internal.MethodRunner.runInSequence(MethodRunner.java:46)
	at org.testng.internal.TestInvoker$MethodInvocationAgent.invoke(TestInvoker.java:822)
	at org.testng.internal.TestInvoker.invokeTestMethods(TestInvoker.java:147)
	at org.testng.internal.TestMethodWorker.invokeTestMethods(TestMethodWorker.java:146)
	at org.testng.internal.TestMethodWorker.run(TestMethodWorker.java:128)
	at java.util.concurrent.ThreadPoolExecutor.runWorker(ThreadPoolExecutor.java:1149)
	at java.util.concurrent.ThreadPoolExecutor$Worker.run(ThreadPoolExecutor.java:624)
	at java.lang.Thread.run(Thread.java:748)
</pre></div></td>
<td>0</td>
<td>com.dollardays.testcases.Team7DDSortByTestcase@4d49af10</td></tr>
<tr>
<td title='com.dollardays.testcases.Team7DDSortByTestcase.SortBy_View()'><b>SortBy_View</b><br>Test class: com.dollardays.testcases.Team7DDSortByTestcase<br>Parameters: {SortBy=Price per Unit (Low to high), TestCase=SortBy with Price per Unit LtoH option & View option 24, ProductName=Food, TCID=TC11, SheetName=SortBy&View, Runmode=Yes, UserName=srikanthtesting100@gmail.com, ViewBy=24, Password=cGFzc3dvcmQxMjM=}</td>
<td><div><pre>java.lang.Exception: Driver Not Found
	at com.dollardays.testcases.BaseTest.openBrowser(BaseTest.java:95)
	at com.dollardays.testcases.BaseTest.setUpBrowser(BaseTest.java:117)
	at java.util.concurrent.ThreadPoolExecutor.runWorker(ThreadPoolExecutor.java:1149)
	at java.util.concurrent.ThreadPoolExecutor$Worker.run(ThreadPoolExecutor.java:624)
	at java.lang.Thread.run(Thread.java:748)
... Removed 15 stack frames</pre></div><a href='#' onClick='toggleBox("stack-trace740521172", this, "Click to show all stack frames", "Click to hide stack frames")'>Click to show all stack frames</a>
<div class='stack-trace' id='stack-trace740521172'><pre>java.lang.Exception: Driver Not Found
	at com.dollardays.testcases.BaseTest.openBrowser(BaseTest.java:95)
	at com.dollardays.testcases.BaseTest.setUpBrowser(BaseTest.java:117)
	at sun.reflect.GeneratedMethodAccessor8.invoke(Unknown Source)
	at sun.reflect.DelegatingMethodAccessorImpl.invoke(DelegatingMethodAccessorImpl.java:43)
	at java.lang.reflect.Method.invoke(Method.java:498)
	at org.testng.internal.MethodInvocationHelper.invokeMethod(MethodInvocationHelper.java:132)
	at org.testng.internal.MethodInvocationHelper.invokeMethodConsideringTimeout(MethodInvocationHelper.java:61)
	at org.testng.internal.ConfigInvoker.invokeConfigurationMethod(ConfigInvoker.java:366)
	at org.testng.internal.ConfigInvoker.invokeConfigurations(ConfigInvoker.java:320)
	at org.testng.internal.TestInvoker.runConfigMethods(TestInvoker.java:701)
	at org.testng.internal.TestInvoker.invokeMethod(TestInvoker.java:527)
	at org.testng.internal.TestInvoker.invokeTestMethod(TestInvoker.java:174)
	at org.testng.internal.MethodRunner.runInSequence(MethodRunner.java:46)
	at org.testng.internal.TestInvoker$MethodInvocationAgent.invoke(TestInvoker.java:822)
	at org.testng.internal.TestInvoker.invokeTestMethods(TestInvoker.java:147)
	at org.testng.internal.TestMethodWorker.invokeTestMethods(TestMethodWorker.java:146)
	at org.testng.internal.TestMethodWorker.run(TestMethodWorker.java:128)
	at java.util.concurrent.ThreadPoolExecutor.runWorker(ThreadPoolExecutor.java:1149)
	at java.util.concurrent.ThreadPoolExecutor$Worker.run(ThreadPoolExecutor.java:624)
	at java.lang.Thread.run(Thread.java:748)
</pre></div></td>
<td>0</td>
<td>com.dollardays.testcases.Team7DDSortByTestcase@4d49af10</td></tr>
<tr>
<td title='com.dollardays.testcases.Team7DDSortByTestcase.SortBy_View()'><b>SortBy_View</b><br>Test class: com.dollardays.testcases.Team7DDSortByTestcase<br>Parameters: {SortBy=Price per Unit (Low to high), TestCase=SortBy with Price per Unit LtoH option & View option 48, ProductName=Food, TCID=TC12, SheetName=SortBy&View, Runmode=Yes, UserName=srikanthtesting100@gmail.com, ViewBy=48, Password=cGFzc3dvcmQxMjM=}</td>
<td><div><pre>java.lang.Exception: Driver Not Found
	at com.dollardays.testcases.BaseTest.openBrowser(BaseTest.java:95)
	at com.dollardays.testcases.BaseTest.setUpBrowser(BaseTest.java:117)
	at java.util.concurrent.ThreadPoolExecutor.runWorker(ThreadPoolExecutor.java:1149)
	at java.util.concurrent.ThreadPoolExecutor$Worker.run(ThreadPoolExecutor.java:624)
	at java.lang.Thread.run(Thread.java:748)
... Removed 15 stack frames</pre></div><a href='#' onClick='toggleBox("stack-trace1869815705", this, "Click to show all stack frames", "Click to hide stack frames")'>Click to show all stack frames</a>
<div class='stack-trace' id='stack-trace1869815705'><pre>java.lang.Exception: Driver Not Found
	at com.dollardays.testcases.BaseTest.openBrowser(BaseTest.java:95)
	at com.dollardays.testcases.BaseTest.setUpBrowser(BaseTest.java:117)
	at sun.reflect.GeneratedMethodAccessor8.invoke(Unknown Source)
	at sun.reflect.DelegatingMethodAccessorImpl.invoke(DelegatingMethodAccessorImpl.java:43)
	at java.lang.reflect.Method.invoke(Method.java:498)
	at org.testng.internal.MethodInvocationHelper.invokeMethod(MethodInvocationHelper.java:132)
	at org.testng.internal.MethodInvocationHelper.invokeMethodConsideringTimeout(MethodInvocationHelper.java:61)
	at org.testng.internal.ConfigInvoker.invokeConfigurationMethod(ConfigInvoker.java:366)
	at org.testng.internal.ConfigInvoker.invokeConfigurations(ConfigInvoker.java:320)
	at org.testng.internal.TestInvoker.runConfigMethods(TestInvoker.java:701)
	at org.testng.internal.TestInvoker.invokeMethod(TestInvoker.java:527)
	at org.testng.internal.TestInvoker.invokeTestMethod(TestInvoker.java:174)
	at org.testng.internal.MethodRunner.runInSequence(MethodRunner.java:46)
	at org.testng.internal.TestInvoker$MethodInvocationAgent.invoke(TestInvoker.java:822)
	at org.testng.internal.TestInvoker.invokeTestMethods(TestInvoker.java:147)
	at org.testng.internal.TestMethodWorker.invokeTestMethods(TestMethodWorker.java:146)
	at org.testng.internal.TestMethodWorker.run(TestMethodWorker.java:128)
	at java.util.concurrent.ThreadPoolExecutor.runWorker(ThreadPoolExecutor.java:1149)
	at java.util.concurrent.ThreadPoolExecutor$Worker.run(ThreadPoolExecutor.java:624)
	at java.lang.Thread.run(Thread.java:748)
</pre></div></td>
<td>0</td>
<td>com.dollardays.testcases.Team7DDSortByTestcase@4d49af10</td></tr>
<tr>
<td title='com.dollardays.testcases.Team7DDSortByTestcase.SortBy_View()'><b>SortBy_View</b><br>Test class: com.dollardays.testcases.Team7DDSortByTestcase<br>Parameters: {SortBy=Price per Unit (High to low), TestCase=SortBy with Price per Unit HtoL option & View option 12, ProductName=Food, TCID=TC13, SheetName=SortBy&View, Runmode=Yes, UserName=srikanthtesting100@gmail.com, ViewBy=12, Password=cGFzc3dvcmQxMjM=}</td>
<td><div><pre>java.lang.Exception: Driver Not Found
	at com.dollardays.testcases.BaseTest.openBrowser(BaseTest.java:95)
	at com.dollardays.testcases.BaseTest.setUpBrowser(BaseTest.java:117)
	at java.util.concurrent.ThreadPoolExecutor.runWorker(ThreadPoolExecutor.java:1149)
	at java.util.concurrent.ThreadPoolExecutor$Worker.run(ThreadPoolExecutor.java:624)
	at java.lang.Thread.run(Thread.java:748)
... Removed 15 stack frames</pre></div><a href='#' onClick='toggleBox("stack-trace1815336683", this, "Click to show all stack frames", "Click to hide stack frames")'>Click to show all stack frames</a>
<div class='stack-trace' id='stack-trace1815336683'><pre>java.lang.Exception: Driver Not Found
	at com.dollardays.testcases.BaseTest.openBrowser(BaseTest.java:95)
	at com.dollardays.testcases.BaseTest.setUpBrowser(BaseTest.java:117)
	at sun.reflect.GeneratedMethodAccessor8.invoke(Unknown Source)
	at sun.reflect.DelegatingMethodAccessorImpl.invoke(DelegatingMethodAccessorImpl.java:43)
	at java.lang.reflect.Method.invoke(Method.java:498)
	at org.testng.internal.MethodInvocationHelper.invokeMethod(MethodInvocationHelper.java:132)
	at org.testng.internal.MethodInvocationHelper.invokeMethodConsideringTimeout(MethodInvocationHelper.java:61)
	at org.testng.internal.ConfigInvoker.invokeConfigurationMethod(ConfigInvoker.java:366)
	at org.testng.internal.ConfigInvoker.invokeConfigurations(ConfigInvoker.java:320)
	at org.testng.internal.TestInvoker.runConfigMethods(TestInvoker.java:701)
	at org.testng.internal.TestInvoker.invokeMethod(TestInvoker.java:527)
	at org.testng.internal.TestInvoker.invokeTestMethod(TestInvoker.java:174)
	at org.testng.internal.MethodRunner.runInSequence(MethodRunner.java:46)
	at org.testng.internal.TestInvoker$MethodInvocationAgent.invoke(TestInvoker.java:822)
	at org.testng.internal.TestInvoker.invokeTestMethods(TestInvoker.java:147)
	at org.testng.internal.TestMethodWorker.invokeTestMethods(TestMethodWorker.java:146)
	at org.testng.internal.TestMethodWorker.run(TestMethodWorker.java:128)
	at java.util.concurrent.ThreadPoolExecutor.runWorker(ThreadPoolExecutor.java:1149)
	at java.util.concurrent.ThreadPoolExecutor$Worker.run(ThreadPoolExecutor.java:624)
	at java.lang.Thread.run(Thread.java:748)
</pre></div></td>
<td>0</td>
<td>com.dollardays.testcases.Team7DDSortByTestcase@4d49af10</td></tr>
<tr>
<td title='com.dollardays.testcases.Team7DDSortByTestcase.SortBy_View()'><b>SortBy_View</b><br>Test class: com.dollardays.testcases.Team7DDSortByTestcase<br>Parameters: {SortBy=Price per Unit (High to low), TestCase=SortBy with Price per Unit HtoL option & View option 24, ProductName=Food, TCID=TC14, SheetName=SortBy&View, Runmode=Yes, UserName=srikanthtesting100@gmail.com, ViewBy=24, Password=cGFzc3dvcmQxMjM=}</td>
<td><div><pre>java.lang.Exception: Driver Not Found
	at com.dollardays.testcases.BaseTest.openBrowser(BaseTest.java:95)
	at com.dollardays.testcases.BaseTest.setUpBrowser(BaseTest.java:117)
	at java.util.concurrent.ThreadPoolExecutor.runWorker(ThreadPoolExecutor.java:1149)
	at java.util.concurrent.ThreadPoolExecutor$Worker.run(ThreadPoolExecutor.java:624)
	at java.lang.Thread.run(Thread.java:748)
... Removed 15 stack frames</pre></div><a href='#' onClick='toggleBox("stack-trace1103024325", this, "Click to show all stack frames", "Click to hide stack frames")'>Click to show all stack frames</a>
<div class='stack-trace' id='stack-trace1103024325'><pre>java.lang.Exception: Driver Not Found
	at com.dollardays.testcases.BaseTest.openBrowser(BaseTest.java:95)
	at com.dollardays.testcases.BaseTest.setUpBrowser(BaseTest.java:117)
	at sun.reflect.GeneratedMethodAccessor8.invoke(Unknown Source)
	at sun.reflect.DelegatingMethodAccessorImpl.invoke(DelegatingMethodAccessorImpl.java:43)
	at java.lang.reflect.Method.invoke(Method.java:498)
	at org.testng.internal.MethodInvocationHelper.invokeMethod(MethodInvocationHelper.java:132)
	at org.testng.internal.MethodInvocationHelper.invokeMethodConsideringTimeout(MethodInvocationHelper.java:61)
	at org.testng.internal.ConfigInvoker.invokeConfigurationMethod(ConfigInvoker.java:366)
	at org.testng.internal.ConfigInvoker.invokeConfigurations(ConfigInvoker.java:320)
	at org.testng.internal.TestInvoker.runConfigMethods(TestInvoker.java:701)
	at org.testng.internal.TestInvoker.invokeMethod(TestInvoker.java:527)
	at org.testng.internal.TestInvoker.invokeTestMethod(TestInvoker.java:174)
	at org.testng.internal.MethodRunner.runInSequence(MethodRunner.java:46)
	at org.testng.internal.TestInvoker$MethodInvocationAgent.invoke(TestInvoker.java:822)
	at org.testng.internal.TestInvoker.invokeTestMethods(TestInvoker.java:147)
	at org.testng.internal.TestMethodWorker.invokeTestMethods(TestMethodWorker.java:146)
	at org.testng.internal.TestMethodWorker.run(TestMethodWorker.java:128)
	at java.util.concurrent.ThreadPoolExecutor.runWorker(ThreadPoolExecutor.java:1149)
	at java.util.concurrent.ThreadPoolExecutor$Worker.run(ThreadPoolExecutor.java:624)
	at java.lang.Thread.run(Thread.java:748)
</pre></div></td>
<td>0</td>
<td>com.dollardays.testcases.Team7DDSortByTestcase@4d49af10</td></tr>
<tr>
<td title='com.dollardays.testcases.Team7DDSortByTestcase.SortBy_View()'><b>SortBy_View</b><br>Test class: com.dollardays.testcases.Team7DDSortByTestcase<br>Parameters: {SortBy=Price per Unit (High to low), TestCase=SortBy with Price per Unit HtoL option & View option 48, ProductName=Food, TCID=TC15, SheetName=SortBy&View, Runmode=Yes, UserName=srikanthtesting100@gmail.com, ViewBy=48, Password=cGFzc3dvcmQxMjM=}</td>
<td><div><pre>java.lang.Exception: Driver Not Found
	at com.dollardays.testcases.BaseTest.openBrowser(BaseTest.java:95)
	at com.dollardays.testcases.BaseTest.setUpBrowser(BaseTest.java:117)
	at java.util.concurrent.ThreadPoolExecutor.runWorker(ThreadPoolExecutor.java:1149)
	at java.util.concurrent.ThreadPoolExecutor$Worker.run(ThreadPoolExecutor.java:624)
	at java.lang.Thread.run(Thread.java:748)
... Removed 15 stack frames</pre></div><a href='#' onClick='toggleBox("stack-trace549773210", this, "Click to show all stack frames", "Click to hide stack frames")'>Click to show all stack frames</a>
<div class='stack-trace' id='stack-trace549773210'><pre>java.lang.Exception: Driver Not Found
	at com.dollardays.testcases.BaseTest.openBrowser(BaseTest.java:95)
	at com.dollardays.testcases.BaseTest.setUpBrowser(BaseTest.java:117)
	at sun.reflect.GeneratedMethodAccessor8.invoke(Unknown Source)
	at sun.reflect.DelegatingMethodAccessorImpl.invoke(DelegatingMethodAccessorImpl.java:43)
	at java.lang.reflect.Method.invoke(Method.java:498)
	at org.testng.internal.MethodInvocationHelper.invokeMethod(MethodInvocationHelper.java:132)
	at org.testng.internal.MethodInvocationHelper.invokeMethodConsideringTimeout(MethodInvocationHelper.java:61)
	at org.testng.internal.ConfigInvoker.invokeConfigurationMethod(ConfigInvoker.java:366)
	at org.testng.internal.ConfigInvoker.invokeConfigurations(ConfigInvoker.java:320)
	at org.testng.internal.TestInvoker.runConfigMethods(TestInvoker.java:701)
	at org.testng.internal.TestInvoker.invokeMethod(TestInvoker.java:527)
	at org.testng.internal.TestInvoker.invokeTestMethod(TestInvoker.java:174)
	at org.testng.internal.MethodRunner.runInSequence(MethodRunner.java:46)
	at org.testng.internal.TestInvoker$MethodInvocationAgent.invoke(TestInvoker.java:822)
	at org.testng.internal.TestInvoker.invokeTestMethods(TestInvoker.java:147)
	at org.testng.internal.TestMethodWorker.invokeTestMethods(TestMethodWorker.java:146)
	at org.testng.internal.TestMethodWorker.run(TestMethodWorker.java:128)
	at java.util.concurrent.ThreadPoolExecutor.runWorker(ThreadPoolExecutor.java:1149)
	at java.util.concurrent.ThreadPoolExecutor$Worker.run(ThreadPoolExecutor.java:624)
	at java.lang.Thread.run(Thread.java:748)
</pre></div></td>
<td>0</td>
<td>com.dollardays.testcases.Team7DDSortByTestcase@4d49af10</td></tr>
<tr>
<td title='com.dollardays.testcases.Team7DDSortByTestcase.SortBy_View()'><b>SortBy_View</b><br>Test class: com.dollardays.testcases.Team7DDSortByTestcase<br>Parameters: {SortBy=Alphabetically by Name, TestCase=SortBy with Alphabetically & View option 12, ProductName=Food, TCID=TC16, SheetName=SortBy&View, Runmode=Yes, UserName=srikanthtesting100@gmail.com, ViewBy=12, Password=cGFzc3dvcmQxMjM=}</td>
<td><div><pre>java.lang.Exception: Driver Not Found
	at com.dollardays.testcases.BaseTest.openBrowser(BaseTest.java:95)
	at com.dollardays.testcases.BaseTest.setUpBrowser(BaseTest.java:117)
	at java.util.concurrent.ThreadPoolExecutor.runWorker(ThreadPoolExecutor.java:1149)
	at java.util.concurrent.ThreadPoolExecutor$Worker.run(ThreadPoolExecutor.java:624)
	at java.lang.Thread.run(Thread.java:748)
... Removed 15 stack frames</pre></div><a href='#' onClick='toggleBox("stack-trace2060265884", this, "Click to show all stack frames", "Click to hide stack frames")'>Click to show all stack frames</a>
<div class='stack-trace' id='stack-trace2060265884'><pre>java.lang.Exception: Driver Not Found
	at com.dollardays.testcases.BaseTest.openBrowser(BaseTest.java:95)
	at com.dollardays.testcases.BaseTest.setUpBrowser(BaseTest.java:117)
	at sun.reflect.GeneratedMethodAccessor8.invoke(Unknown Source)
	at sun.reflect.DelegatingMethodAccessorImpl.invoke(DelegatingMethodAccessorImpl.java:43)
	at java.lang.reflect.Method.invoke(Method.java:498)
	at org.testng.internal.MethodInvocationHelper.invokeMethod(MethodInvocationHelper.java:132)
	at org.testng.internal.MethodInvocationHelper.invokeMethodConsideringTimeout(MethodInvocationHelper.java:61)
	at org.testng.internal.ConfigInvoker.invokeConfigurationMethod(ConfigInvoker.java:366)
	at org.testng.internal.ConfigInvoker.invokeConfigurations(ConfigInvoker.java:320)
	at org.testng.internal.TestInvoker.runConfigMethods(TestInvoker.java:701)
	at org.testng.internal.TestInvoker.invokeMethod(TestInvoker.java:527)
	at org.testng.internal.TestInvoker.invokeTestMethod(TestInvoker.java:174)
	at org.testng.internal.MethodRunner.runInSequence(MethodRunner.java:46)
	at org.testng.internal.TestInvoker$MethodInvocationAgent.invoke(TestInvoker.java:822)
	at org.testng.internal.TestInvoker.invokeTestMethods(TestInvoker.java:147)
	at org.testng.internal.TestMethodWorker.invokeTestMethods(TestMethodWorker.java:146)
	at org.testng.internal.TestMethodWorker.run(TestMethodWorker.java:128)
	at java.util.concurrent.ThreadPoolExecutor.runWorker(ThreadPoolExecutor.java:1149)
	at java.util.concurrent.ThreadPoolExecutor$Worker.run(ThreadPoolExecutor.java:624)
	at java.lang.Thread.run(Thread.java:748)
</pre></div></td>
<td>0</td>
<td>com.dollardays.testcases.Team7DDSortByTestcase@4d49af10</td></tr>
<tr>
<td title='com.dollardays.testcases.Team7DDSortByTestcase.SortBy_View()'><b>SortBy_View</b><br>Test class: com.dollardays.testcases.Team7DDSortByTestcase<br>Parameters: {SortBy=Alphabetically by Name, TestCase=SortBy with Alphabetically & View option 24, ProductName=Food, TCID=TC17, SheetName=SortBy&View, Runmode=Yes, UserName=srikanthtesting100@gmail.com, ViewBy=24, Password=cGFzc3dvcmQxMjM=}</td>
<td><div><pre>java.lang.Exception: Driver Not Found
	at com.dollardays.testcases.BaseTest.openBrowser(BaseTest.java:95)
	at com.dollardays.testcases.BaseTest.setUpBrowser(BaseTest.java:117)
	at java.util.concurrent.ThreadPoolExecutor.runWorker(ThreadPoolExecutor.java:1149)
	at java.util.concurrent.ThreadPoolExecutor$Worker.run(ThreadPoolExecutor.java:624)
	at java.lang.Thread.run(Thread.java:748)
... Removed 15 stack frames</pre></div><a href='#' onClick='toggleBox("stack-trace1086756155", this, "Click to show all stack frames", "Click to hide stack frames")'>Click to show all stack frames</a>
<div class='stack-trace' id='stack-trace1086756155'><pre>java.lang.Exception: Driver Not Found
	at com.dollardays.testcases.BaseTest.openBrowser(BaseTest.java:95)
	at com.dollardays.testcases.BaseTest.setUpBrowser(BaseTest.java:117)
	at sun.reflect.GeneratedMethodAccessor8.invoke(Unknown Source)
	at sun.reflect.DelegatingMethodAccessorImpl.invoke(DelegatingMethodAccessorImpl.java:43)
	at java.lang.reflect.Method.invoke(Method.java:498)
	at org.testng.internal.MethodInvocationHelper.invokeMethod(MethodInvocationHelper.java:132)
	at org.testng.internal.MethodInvocationHelper.invokeMethodConsideringTimeout(MethodInvocationHelper.java:61)
	at org.testng.internal.ConfigInvoker.invokeConfigurationMethod(ConfigInvoker.java:366)
	at org.testng.internal.ConfigInvoker.invokeConfigurations(ConfigInvoker.java:320)
	at org.testng.internal.TestInvoker.runConfigMethods(TestInvoker.java:701)
	at org.testng.internal.TestInvoker.invokeMethod(TestInvoker.java:527)
	at org.testng.internal.TestInvoker.invokeTestMethod(TestInvoker.java:174)
	at org.testng.internal.MethodRunner.runInSequence(MethodRunner.java:46)
	at org.testng.internal.TestInvoker$MethodInvocationAgent.invoke(TestInvoker.java:822)
	at org.testng.internal.TestInvoker.invokeTestMethods(TestInvoker.java:147)
	at org.testng.internal.TestMethodWorker.invokeTestMethods(TestMethodWorker.java:146)
	at org.testng.internal.TestMethodWorker.run(TestMethodWorker.java:128)
	at java.util.concurrent.ThreadPoolExecutor.runWorker(ThreadPoolExecutor.java:1149)
	at java.util.concurrent.ThreadPoolExecutor$Worker.run(ThreadPoolExecutor.java:624)
	at java.lang.Thread.run(Thread.java:748)
</pre></div></td>
<td>0</td>
<td>com.dollardays.testcases.Team7DDSortByTestcase@4d49af10</td></tr>
<tr>
<td title='com.dollardays.testcases.Team7DDSortByTestcase.SortBy_View()'><b>SortBy_View</b><br>Test class: com.dollardays.testcases.Team7DDSortByTestcase<br>Parameters: {SortBy=Alphabetically by Name, TestCase=SortBy with Alphabetically & View option 48, ProductName=Food, TCID=TC18, SheetName=SortBy&View, Runmode=Yes, UserName=srikanthtesting100@gmail.com, ViewBy=48, Password=cGFzc3dvcmQxMjM=}</td>
<td><div><pre>java.lang.Exception: Driver Not Found
	at com.dollardays.testcases.BaseTest.openBrowser(BaseTest.java:95)
	at com.dollardays.testcases.BaseTest.setUpBrowser(BaseTest.java:117)
	at java.util.concurrent.ThreadPoolExecutor.runWorker(ThreadPoolExecutor.java:1149)
	at java.util.concurrent.ThreadPoolExecutor$Worker.run(ThreadPoolExecutor.java:624)
	at java.lang.Thread.run(Thread.java:748)
... Removed 15 stack frames</pre></div><a href='#' onClick='toggleBox("stack-trace1398484189", this, "Click to show all stack frames", "Click to hide stack frames")'>Click to show all stack frames</a>
<div class='stack-trace' id='stack-trace1398484189'><pre>java.lang.Exception: Driver Not Found
	at com.dollardays.testcases.BaseTest.openBrowser(BaseTest.java:95)
	at com.dollardays.testcases.BaseTest.setUpBrowser(BaseTest.java:117)
	at sun.reflect.GeneratedMethodAccessor8.invoke(Unknown Source)
	at sun.reflect.DelegatingMethodAccessorImpl.invoke(DelegatingMethodAccessorImpl.java:43)
	at java.lang.reflect.Method.invoke(Method.java:498)
	at org.testng.internal.MethodInvocationHelper.invokeMethod(MethodInvocationHelper.java:132)
	at org.testng.internal.MethodInvocationHelper.invokeMethodConsideringTimeout(MethodInvocationHelper.java:61)
	at org.testng.internal.ConfigInvoker.invokeConfigurationMethod(ConfigInvoker.java:366)
	at org.testng.internal.ConfigInvoker.invokeConfigurations(ConfigInvoker.java:320)
	at org.testng.internal.TestInvoker.runConfigMethods(TestInvoker.java:701)
	at org.testng.internal.TestInvoker.invokeMethod(TestInvoker.java:527)
	at org.testng.internal.TestInvoker.invokeTestMethod(TestInvoker.java:174)
	at org.testng.internal.MethodRunner.runInSequence(MethodRunner.java:46)
	at org.testng.internal.TestInvoker$MethodInvocationAgent.invoke(TestInvoker.java:822)
	at org.testng.internal.TestInvoker.invokeTestMethods(TestInvoker.java:147)
	at org.testng.internal.TestMethodWorker.invokeTestMethods(TestMethodWorker.java:146)
	at org.testng.internal.TestMethodWorker.run(TestMethodWorker.java:128)
	at java.util.concurrent.ThreadPoolExecutor.runWorker(ThreadPoolExecutor.java:1149)
	at java.util.concurrent.ThreadPoolExecutor$Worker.run(ThreadPoolExecutor.java:624)
	at java.lang.Thread.run(Thread.java:748)
</pre></div></td>
<td>0</td>
<td>com.dollardays.testcases.Team7DDSortByTestcase@4d49af10</td></tr>
<tr>
<td title='com.dollardays.testcases.Team7DDSortByTestcase.SortBy_View()'><b>SortBy_View</b><br>Test class: com.dollardays.testcases.Team7DDSortByTestcase<br>Parameters: {SortBy=Case Quantity, TestCase=SortBy with CaseQuantity & View option 12, ProductName=Food, TCID=TC19, SheetName=SortBy&View, Runmode=Yes, UserName=srikanthtesting100@gmail.com, ViewBy=12, Password=cGFzc3dvcmQxMjM=}</td>
<td><div><pre>java.lang.Exception: Driver Not Found
	at com.dollardays.testcases.BaseTest.openBrowser(BaseTest.java:95)
	at com.dollardays.testcases.BaseTest.setUpBrowser(BaseTest.java:117)
	at java.util.concurrent.ThreadPoolExecutor.runWorker(ThreadPoolExecutor.java:1149)
	at java.util.concurrent.ThreadPoolExecutor$Worker.run(ThreadPoolExecutor.java:624)
	at java.lang.Thread.run(Thread.java:748)
... Removed 15 stack frames</pre></div><a href='#' onClick='toggleBox("stack-trace751020128", this, "Click to show all stack frames", "Click to hide stack frames")'>Click to show all stack frames</a>
<div class='stack-trace' id='stack-trace751020128'><pre>java.lang.Exception: Driver Not Found
	at com.dollardays.testcases.BaseTest.openBrowser(BaseTest.java:95)
	at com.dollardays.testcases.BaseTest.setUpBrowser(BaseTest.java:117)
	at sun.reflect.GeneratedMethodAccessor8.invoke(Unknown Source)
	at sun.reflect.DelegatingMethodAccessorImpl.invoke(DelegatingMethodAccessorImpl.java:43)
	at java.lang.reflect.Method.invoke(Method.java:498)
	at org.testng.internal.MethodInvocationHelper.invokeMethod(MethodInvocationHelper.java:132)
	at org.testng.internal.MethodInvocationHelper.invokeMethodConsideringTimeout(MethodInvocationHelper.java:61)
	at org.testng.internal.ConfigInvoker.invokeConfigurationMethod(ConfigInvoker.java:366)
	at org.testng.internal.ConfigInvoker.invokeConfigurations(ConfigInvoker.java:320)
	at org.testng.internal.TestInvoker.runConfigMethods(TestInvoker.java:701)
	at org.testng.internal.TestInvoker.invokeMethod(TestInvoker.java:527)
	at org.testng.internal.TestInvoker.invokeTestMethod(TestInvoker.java:174)
	at org.testng.internal.MethodRunner.runInSequence(MethodRunner.java:46)
	at org.testng.internal.TestInvoker$MethodInvocationAgent.invoke(TestInvoker.java:822)
	at org.testng.internal.TestInvoker.invokeTestMethods(TestInvoker.java:147)
	at org.testng.internal.TestMethodWorker.invokeTestMethods(TestMethodWorker.java:146)
	at org.testng.internal.TestMethodWorker.run(TestMethodWorker.java:128)
	at java.util.concurrent.ThreadPoolExecutor.runWorker(ThreadPoolExecutor.java:1149)
	at java.util.concurrent.ThreadPoolExecutor$Worker.run(ThreadPoolExecutor.java:624)
	at java.lang.Thread.run(Thread.java:748)
</pre></div></td>
<td>0</td>
<td>com.dollardays.testcases.Team7DDSortByTestcase@4d49af10</td></tr>
<tr>
<td title='com.dollardays.testcases.Team7DDSortByTestcase.SortBy_View()'><b>SortBy_View</b><br>Test class: com.dollardays.testcases.Team7DDSortByTestcase<br>Parameters: {SortBy=Case Quantity, TestCase=SortBy with CaseQuantity & View option 24, ProductName=Food, TCID=TC20, SheetName=SortBy&View, Runmode=Yes, UserName=srikanthtesting100@gmail.com, ViewBy=24, Password=cGFzc3dvcmQxMjM=}</td>
<td><div><pre>java.lang.Exception: Driver Not Found
	at com.dollardays.testcases.BaseTest.openBrowser(BaseTest.java:95)
	at com.dollardays.testcases.BaseTest.setUpBrowser(BaseTest.java:117)
	at java.util.concurrent.ThreadPoolExecutor.runWorker(ThreadPoolExecutor.java:1149)
	at java.util.concurrent.ThreadPoolExecutor$Worker.run(ThreadPoolExecutor.java:624)
	at java.lang.Thread.run(Thread.java:748)
... Removed 15 stack frames</pre></div><a href='#' onClick='toggleBox("stack-trace120093604", this, "Click to show all stack frames", "Click to hide stack frames")'>Click to show all stack frames</a>
<div class='stack-trace' id='stack-trace120093604'><pre>java.lang.Exception: Driver Not Found
	at com.dollardays.testcases.BaseTest.openBrowser(BaseTest.java:95)
	at com.dollardays.testcases.BaseTest.setUpBrowser(BaseTest.java:117)
	at sun.reflect.GeneratedMethodAccessor8.invoke(Unknown Source)
	at sun.reflect.DelegatingMethodAccessorImpl.invoke(DelegatingMethodAccessorImpl.java:43)
	at java.lang.reflect.Method.invoke(Method.java:498)
	at org.testng.internal.MethodInvocationHelper.invokeMethod(MethodInvocationHelper.java:132)
	at org.testng.internal.MethodInvocationHelper.invokeMethodConsideringTimeout(MethodInvocationHelper.java:61)
	at org.testng.internal.ConfigInvoker.invokeConfigurationMethod(ConfigInvoker.java:366)
	at org.testng.internal.ConfigInvoker.invokeConfigurations(ConfigInvoker.java:320)
	at org.testng.internal.TestInvoker.runConfigMethods(TestInvoker.java:701)
	at org.testng.internal.TestInvoker.invokeMethod(TestInvoker.java:527)
	at org.testng.internal.TestInvoker.invokeTestMethod(TestInvoker.java:174)
	at org.testng.internal.MethodRunner.runInSequence(MethodRunner.java:46)
	at org.testng.internal.TestInvoker$MethodInvocationAgent.invoke(TestInvoker.java:822)
	at org.testng.internal.TestInvoker.invokeTestMethods(TestInvoker.java:147)
	at org.testng.internal.TestMethodWorker.invokeTestMethods(TestMethodWorker.java:146)
	at org.testng.internal.TestMethodWorker.run(TestMethodWorker.java:128)
	at java.util.concurrent.ThreadPoolExecutor.runWorker(ThreadPoolExecutor.java:1149)
	at java.util.concurrent.ThreadPoolExecutor$Worker.run(ThreadPoolExecutor.java:624)
	at java.lang.Thread.run(Thread.java:748)
</pre></div></td>
<td>0</td>
<td>com.dollardays.testcases.Team7DDSortByTestcase@4d49af10</td></tr>
<tr>
<td title='com.dollardays.testcases.Team7DDSortByTestcase.SortBy_View()'><b>SortBy_View</b><br>Test class: com.dollardays.testcases.Team7DDSortByTestcase<br>Parameters: {SortBy=Case Quantity, TestCase=SortBy with CaseQuantity & View option 48, ProductName=Food, TCID=TC21, SheetName=SortBy&View, Runmode=Yes, UserName=srikanthtesting100@gmail.com, ViewBy=48, Password=cGFzc3dvcmQxMjM=}</td>
<td><div><pre>java.lang.Exception: Driver Not Found
	at com.dollardays.testcases.BaseTest.openBrowser(BaseTest.java:95)
	at com.dollardays.testcases.BaseTest.setUpBrowser(BaseTest.java:117)
	at java.util.concurrent.ThreadPoolExecutor.runWorker(ThreadPoolExecutor.java:1149)
	at java.util.concurrent.ThreadPoolExecutor$Worker.run(ThreadPoolExecutor.java:624)
	at java.lang.Thread.run(Thread.java:748)
... Removed 15 stack frames</pre></div><a href='#' onClick='toggleBox("stack-trace440697919", this, "Click to show all stack frames", "Click to hide stack frames")'>Click to show all stack frames</a>
<div class='stack-trace' id='stack-trace440697919'><pre>java.lang.Exception: Driver Not Found
	at com.dollardays.testcases.BaseTest.openBrowser(BaseTest.java:95)
	at com.dollardays.testcases.BaseTest.setUpBrowser(BaseTest.java:117)
	at sun.reflect.GeneratedMethodAccessor8.invoke(Unknown Source)
	at sun.reflect.DelegatingMethodAccessorImpl.invoke(DelegatingMethodAccessorImpl.java:43)
	at java.lang.reflect.Method.invoke(Method.java:498)
	at org.testng.internal.MethodInvocationHelper.invokeMethod(MethodInvocationHelper.java:132)
	at org.testng.internal.MethodInvocationHelper.invokeMethodConsideringTimeout(MethodInvocationHelper.java:61)
	at org.testng.internal.ConfigInvoker.invokeConfigurationMethod(ConfigInvoker.java:366)
	at org.testng.internal.ConfigInvoker.invokeConfigurations(ConfigInvoker.java:320)
	at org.testng.internal.TestInvoker.runConfigMethods(TestInvoker.java:701)
	at org.testng.internal.TestInvoker.invokeMethod(TestInvoker.java:527)
	at org.testng.internal.TestInvoker.invokeTestMethod(TestInvoker.java:174)
	at org.testng.internal.MethodRunner.runInSequence(MethodRunner.java:46)
	at org.testng.internal.TestInvoker$MethodInvocationAgent.invoke(TestInvoker.java:822)
	at org.testng.internal.TestInvoker.invokeTestMethods(TestInvoker.java:147)
	at org.testng.internal.TestMethodWorker.invokeTestMethods(TestMethodWorker.java:146)
	at org.testng.internal.TestMethodWorker.run(TestMethodWorker.java:128)
	at java.util.concurrent.ThreadPoolExecutor.runWorker(ThreadPoolExecutor.java:1149)
	at java.util.concurrent.ThreadPoolExecutor$Worker.run(ThreadPoolExecutor.java:624)
	at java.lang.Thread.run(Thread.java:748)
</pre></div></td>
<td>0</td>
<td>com.dollardays.testcases.Team7DDSortByTestcase@4d49af10</td></tr>
</table><p>
</body>
</html>