<?xml version="1.0" encoding="UTF-8"?>
<testng-results skipped="12" failed="7" ignored="0" total="36" passed="17">
  <reporter-output>
  </reporter-output>
  <suite name="Parallel Class Runs" duration-ms="408381" started-at="2020-10-16T16:27:51 EDT" finished-at="2020-10-16T16:34:39 EDT">
    <groups>
    </groups>
    <test name="Dollar Days Test" duration-ms="408381" started-at="2020-10-16T16:27:51 EDT" finished-at="2020-10-16T16:34:39 EDT">
      <class name="com.dollardays.testcases.Team7DDPaginationTestcase">
        <test-method status="PASS" signature="beforeClass()[pri:0, instance:com.dollardays.testcases.Team7DDPaginationTestcase@279ad2e3]" name="beforeClass" is-config="true" duration-ms="13" started-at="2020-10-16T16:27:51 EDT" finished-at="2020-10-16T16:27:51 EDT">
          <reporter-output>
          </reporter-output>
        </test-method> <!-- beforeClass -->
        <test-method status="PASS" signature="setUpBrowser()[pri:0, instance:com.dollardays.testcases.Team7DDPaginationTestcase@279ad2e3]" name="setUpBrowser" is-config="true" duration-ms="19809" started-at="2020-10-16T16:27:51 EDT" finished-at="2020-10-16T16:28:11 EDT">
          <reporter-output>
          </reporter-output>
        </test-method> <!-- setUpBrowser -->
        <test-method status="FAIL" signature="TC1_Pagination(java.util.Hashtable)[pri:0, instance:com.dollardays.testcases.Team7DDPaginationTestcase@279ad2e3]" name="TC1_Pagination" duration-ms="8145" started-at="2020-10-16T16:28:11 EDT" data-provider="dd-dataprovider" finished-at="2020-10-16T16:28:19 EDT">
          <params>
            <param index="0">
              <value>
                <![CDATA[{TestCase=Verify if the correct no.of results are displayed (against category), Password=cGFzc3dvcmQxMjM=, Runmode=Yes, SheetName=Pagination, UserName=srikanthtesting100@gmail.com, TCID=TC1, ProductName=Food}]]>
              </value>
            </param>
          </params>
          <exception class="java.lang.AssertionError">
            <message>
              <![CDATA[ Successfully Logged into the HomePage expected [DollarDays | Bulk Goods for Nonprofits, Businesses & Schools | Wholesale Products] but found [Login or Register - DollarDays]]]>
            </message>
            <full-stacktrace>
              <![CDATA[java.lang.AssertionError:  Successfully Logged into the HomePage expected [DollarDays | Bulk Goods for Nonprofits, Businesses & Schools | Wholesale Products] but found [Login or Register - DollarDays]
at org.testng.Assert.fail(Assert.java:99)
at org.testng.Assert.failNotEquals(Assert.java:1037)
at org.testng.Assert.assertEqualsImpl(Assert.java:140)
at org.testng.Assert.assertEquals(Assert.java:122)
at org.testng.Assert.assertEquals(Assert.java:629)
at com.dollardays.pages.LoginPage.login(LoginPage.java:85)
at com.dollardays.testcases.Team7DDPaginationTestcase.TC1_Pagination(Team7DDPaginationTestcase.java:36)
at sun.reflect.NativeMethodAccessorImpl.invoke0(Native Method)
at sun.reflect.NativeMethodAccessorImpl.invoke(NativeMethodAccessorImpl.java:62)
at sun.reflect.DelegatingMethodAccessorImpl.invoke(DelegatingMethodAccessorImpl.java:43)
at java.lang.reflect.Method.invoke(Method.java:498)
at org.testng.internal.MethodInvocationHelper.invokeMethod(MethodInvocationHelper.java:132)
at org.testng.internal.TestInvoker.invokeMethod(TestInvoker.java:599)
at org.testng.internal.TestInvoker.invokeTestMethod(TestInvoker.java:174)
at org.testng.internal.MethodRunner.runInSequence(MethodRunner.java:46)
at org.testng.internal.TestInvoker$MethodInvocationAgent.invoke(TestInvoker.java:822)
at org.testng.internal.TestInvoker.invokeTestMethods(TestInvoker.java:147)
at org.testng.internal.TestMethodWorker.invokeTestMethods(TestMethodWorker.java:146)
at org.testng.internal.TestMethodWorker.run(TestMethodWorker.java:128)
at java.util.concurrent.ThreadPoolExecutor.runWorker(ThreadPoolExecutor.java:1149)
at java.util.concurrent.ThreadPoolExecutor$Worker.run(ThreadPoolExecutor.java:624)
at java.lang.Thread.run(Thread.java:748)
]]>
            </full-stacktrace>
          </exception> <!-- java.lang.AssertionError -->
          <reporter-output>
          </reporter-output>
        </test-method> <!-- TC1_Pagination -->
        <test-method status="PASS" signature="quit()[pri:0, instance:com.dollardays.testcases.Team7DDPaginationTestcase@279ad2e3]" name="quit" is-config="true" duration-ms="1044" started-at="2020-10-16T16:28:19 EDT" finished-at="2020-10-16T16:28:20 EDT">
          <reporter-output>
          </reporter-output>
        </test-method> <!-- quit -->
        <test-method status="PASS" signature="afterClass()[pri:0, instance:com.dollardays.testcases.Team7DDPaginationTestcase@279ad2e3]" name="afterClass" is-config="true" duration-ms="0" started-at="2020-10-16T16:28:20 EDT" finished-at="2020-10-16T16:28:20 EDT">
          <reporter-output>
          </reporter-output>
        </test-method> <!-- afterClass -->
      </class> <!-- com.dollardays.testcases.Team7DDPaginationTestcase -->
      <class name="com.dollardays.testcases.Team7DDSortByTestcase">
        <test-method status="PASS" signature="beforeClass()[pri:0, instance:com.dollardays.testcases.Team7DDSortByTestcase@4d49af10]" name="beforeClass" is-config="true" duration-ms="13" started-at="2020-10-16T16:27:51 EDT" finished-at="2020-10-16T16:27:51 EDT">
          <reporter-output>
          </reporter-output>
        </test-method> <!-- beforeClass -->
        <test-method status="PASS" signature="setUpBrowser()[pri:0, instance:com.dollardays.testcases.Team7DDSortByTestcase@4d49af10]" name="setUpBrowser" is-config="true" duration-ms="20403" started-at="2020-10-16T16:27:51 EDT" finished-at="2020-10-16T16:28:12 EDT">
          <reporter-output>
          </reporter-output>
        </test-method> <!-- setUpBrowser -->
        <test-method status="FAIL" signature="SortBy_View(java.util.Hashtable)[pri:0, instance:com.dollardays.testcases.Team7DDSortByTestcase@4d49af10]" name="SortBy_View" duration-ms="7840" started-at="2020-10-16T16:28:12 EDT" data-provider="dd-dataprovider" finished-at="2020-10-16T16:28:20 EDT">
          <params>
            <param index="0">
              <value>
                <![CDATA[{SortBy=Best Match, TestCase=SortBy with BestMatch option & View option 12, ProductName=Food, TCID=TC1, SheetName=SortBy&View, Runmode=Yes, UserName=srikanthtesting100@gmail.com, ViewBy=12, Password=cGFzc3dvcmQxMjM=}]]>
              </value>
            </param>
          </params>
          <exception class="java.lang.AssertionError">
            <message>
              <![CDATA[ Successfully Logged into the HomePage expected [DollarDays | Bulk Goods for Nonprofits, Businesses & Schools | Wholesale Products] but found [Login or Register - DollarDays]]]>
            </message>
            <full-stacktrace>
              <![CDATA[java.lang.AssertionError:  Successfully Logged into the HomePage expected [DollarDays | Bulk Goods for Nonprofits, Businesses & Schools | Wholesale Products] but found [Login or Register - DollarDays]
at org.testng.Assert.fail(Assert.java:99)
at org.testng.Assert.failNotEquals(Assert.java:1037)
at org.testng.Assert.assertEqualsImpl(Assert.java:140)
at org.testng.Assert.assertEquals(Assert.java:122)
at org.testng.Assert.assertEquals(Assert.java:629)
at com.dollardays.pages.LoginPage.login(LoginPage.java:85)
at com.dollardays.testcases.Team7DDSortByTestcase.SortBy_View(Team7DDSortByTestcase.java:34)
at sun.reflect.NativeMethodAccessorImpl.invoke0(Native Method)
at sun.reflect.NativeMethodAccessorImpl.invoke(NativeMethodAccessorImpl.java:62)
at sun.reflect.DelegatingMethodAccessorImpl.invoke(DelegatingMethodAccessorImpl.java:43)
at java.lang.reflect.Method.invoke(Method.java:498)
at org.testng.internal.MethodInvocationHelper.invokeMethod(MethodInvocationHelper.java:132)
at org.testng.internal.TestInvoker.invokeMethod(TestInvoker.java:599)
at org.testng.internal.TestInvoker.invokeTestMethod(TestInvoker.java:174)
at org.testng.internal.MethodRunner.runInSequence(MethodRunner.java:46)
at org.testng.internal.TestInvoker$MethodInvocationAgent.invoke(TestInvoker.java:822)
at org.testng.internal.TestInvoker.invokeTestMethods(TestInvoker.java:147)
at org.testng.internal.TestMethodWorker.invokeTestMethods(TestMethodWorker.java:146)
at org.testng.internal.TestMethodWorker.run(TestMethodWorker.java:128)
at java.util.concurrent.ThreadPoolExecutor.runWorker(ThreadPoolExecutor.java:1149)
at java.util.concurrent.ThreadPoolExecutor$Worker.run(ThreadPoolExecutor.java:624)
at java.lang.Thread.run(Thread.java:748)
]]>
            </full-stacktrace>
          </exception> <!-- java.lang.AssertionError -->
          <reporter-output>
          </reporter-output>
        </test-method> <!-- SortBy_View -->
        <test-method status="PASS" signature="quit()[pri:0, instance:com.dollardays.testcases.Team7DDSortByTestcase@4d49af10]" name="quit" is-config="true" duration-ms="906" started-at="2020-10-16T16:28:20 EDT" finished-at="2020-10-16T16:28:21 EDT">
          <reporter-output>
          </reporter-output>
        </test-method> <!-- quit -->
        <test-method status="PASS" signature="setUpBrowser()[pri:0, instance:com.dollardays.testcases.Team7DDSortByTestcase@4d49af10]" name="setUpBrowser" is-config="true" duration-ms="14230" started-at="2020-10-16T16:28:21 EDT" finished-at="2020-10-16T16:28:35 EDT">
          <reporter-output>
          </reporter-output>
        </test-method> <!-- setUpBrowser -->
        <test-method status="FAIL" signature="SortBy_View(java.util.Hashtable)[pri:0, instance:com.dollardays.testcases.Team7DDSortByTestcase@4d49af10]" name="SortBy_View" duration-ms="5994" started-at="2020-10-16T16:28:35 EDT" data-provider="dd-dataprovider" finished-at="2020-10-16T16:28:41 EDT">
          <params>
            <param index="0">
              <value>
                <![CDATA[{SortBy=Best Match, TestCase=SortBy with Best Match option & View option 24, ProductName=Food, TCID=TC2, SheetName=SortBy&View, Runmode=Yes, UserName=srikanthtesting100@gmail.com, ViewBy=24, Password=cGFzc3dvcmQxMjM=}]]>
              </value>
            </param>
          </params>
          <exception class="java.lang.AssertionError">
            <message>
              <![CDATA[ Successfully Logged into the HomePage expected [DollarDays | Bulk Goods for Nonprofits, Businesses & Schools | Wholesale Products] but found [Login or Register - DollarDays]]]>
            </message>
            <full-stacktrace>
              <![CDATA[java.lang.AssertionError:  Successfully Logged into the HomePage expected [DollarDays | Bulk Goods for Nonprofits, Businesses & Schools | Wholesale Products] but found [Login or Register - DollarDays]
at org.testng.Assert.fail(Assert.java:99)
at org.testng.Assert.failNotEquals(Assert.java:1037)
at org.testng.Assert.assertEqualsImpl(Assert.java:140)
at org.testng.Assert.assertEquals(Assert.java:122)
at org.testng.Assert.assertEquals(Assert.java:629)
at com.dollardays.pages.LoginPage.login(LoginPage.java:85)
at com.dollardays.testcases.Team7DDSortByTestcase.SortBy_View(Team7DDSortByTestcase.java:34)
at sun.reflect.NativeMethodAccessorImpl.invoke0(Native Method)
at sun.reflect.NativeMethodAccessorImpl.invoke(NativeMethodAccessorImpl.java:62)
at sun.reflect.DelegatingMethodAccessorImpl.invoke(DelegatingMethodAccessorImpl.java:43)
at java.lang.reflect.Method.invoke(Method.java:498)
at org.testng.internal.MethodInvocationHelper.invokeMethod(MethodInvocationHelper.java:132)
at org.testng.internal.TestInvoker.invokeMethod(TestInvoker.java:599)
at org.testng.internal.TestInvoker.invokeTestMethod(TestInvoker.java:174)
at org.testng.internal.MethodRunner.runInSequence(MethodRunner.java:46)
at org.testng.internal.TestInvoker$MethodInvocationAgent.invoke(TestInvoker.java:822)
at org.testng.internal.TestInvoker.invokeTestMethods(TestInvoker.java:147)
at org.testng.internal.TestMethodWorker.invokeTestMethods(TestMethodWorker.java:146)
at org.testng.internal.TestMethodWorker.run(TestMethodWorker.java:128)
at java.util.concurrent.ThreadPoolExecutor.runWorker(ThreadPoolExecutor.java:1149)
at java.util.concurrent.ThreadPoolExecutor$Worker.run(ThreadPoolExecutor.java:624)
at java.lang.Thread.run(Thread.java:748)
]]>
            </full-stacktrace>
          </exception> <!-- java.lang.AssertionError -->
          <reporter-output>
          </reporter-output>
        </test-method> <!-- SortBy_View -->
        <test-method status="PASS" signature="quit()[pri:0, instance:com.dollardays.testcases.Team7DDSortByTestcase@4d49af10]" name="quit" is-config="true" duration-ms="806" started-at="2020-10-16T16:28:41 EDT" finished-at="2020-10-16T16:28:42 EDT">
          <reporter-output>
          </reporter-output>
        </test-method> <!-- quit -->
        <test-method status="PASS" signature="setUpBrowser()[pri:0, instance:com.dollardays.testcases.Team7DDSortByTestcase@4d49af10]" name="setUpBrowser" is-config="true" duration-ms="9857" started-at="2020-10-16T16:28:42 EDT" finished-at="2020-10-16T16:28:51 EDT">
          <reporter-output>
          </reporter-output>
        </test-method> <!-- setUpBrowser -->
        <test-method status="PASS" signature="SortBy_View(java.util.Hashtable)[pri:0, instance:com.dollardays.testcases.Team7DDSortByTestcase@4d49af10]" name="SortBy_View" duration-ms="41112" started-at="2020-10-16T16:28:51 EDT" data-provider="dd-dataprovider" finished-at="2020-10-16T16:29:33 EDT">
          <params>
            <param index="0">
              <value>
                <![CDATA[{SortBy=Best Match, TestCase=SortBy with Best Match option & View option 48, ProductName=Food, TCID=TC3, SheetName=SortBy&View, Runmode=Yes, UserName=srikanthtesting100@gmail.com, ViewBy=48, Password=cGFzc3dvcmQxMjM=}]]>
              </value>
            </param>
          </params>
          <reporter-output>
          </reporter-output>
        </test-method> <!-- SortBy_View -->
        <test-method status="PASS" signature="quit()[pri:0, instance:com.dollardays.testcases.Team7DDSortByTestcase@4d49af10]" name="quit" is-config="true" duration-ms="1472" started-at="2020-10-16T16:29:33 EDT" finished-at="2020-10-16T16:29:34 EDT">
          <reporter-output>
          </reporter-output>
        </test-method> <!-- quit -->
        <test-method status="PASS" signature="setUpBrowser()[pri:0, instance:com.dollardays.testcases.Team7DDSortByTestcase@4d49af10]" name="setUpBrowser" is-config="true" duration-ms="10266" started-at="2020-10-16T16:29:34 EDT" finished-at="2020-10-16T16:29:44 EDT">
          <reporter-output>
          </reporter-output>
        </test-method> <!-- setUpBrowser -->
        <test-method status="PASS" signature="SortBy_View(java.util.Hashtable)[pri:0, instance:com.dollardays.testcases.Team7DDSortByTestcase@4d49af10]" name="SortBy_View" duration-ms="43616" started-at="2020-10-16T16:29:44 EDT" data-provider="dd-dataprovider" finished-at="2020-10-16T16:30:28 EDT">
          <params>
            <param index="0">
              <value>
                <![CDATA[{SortBy=Popularity, TestCase=SortBy with Popularity option & View option 12, ProductName=Food, TCID=TC4, SheetName=SortBy&View, Runmode=Yes, UserName=srikanthtesting100@gmail.com, ViewBy=12, Password=cGFzc3dvcmQxMjM=}]]>
              </value>
            </param>
          </params>
          <reporter-output>
          </reporter-output>
        </test-method> <!-- SortBy_View -->
        <test-method status="PASS" signature="quit()[pri:0, instance:com.dollardays.testcases.Team7DDSortByTestcase@4d49af10]" name="quit" is-config="true" duration-ms="861" started-at="2020-10-16T16:30:28 EDT" finished-at="2020-10-16T16:30:29 EDT">
          <reporter-output>
          </reporter-output>
        </test-method> <!-- quit -->
        <test-method status="PASS" signature="setUpBrowser()[pri:0, instance:com.dollardays.testcases.Team7DDSortByTestcase@4d49af10]" name="setUpBrowser" is-config="true" duration-ms="8609" started-at="2020-10-16T16:30:29 EDT" finished-at="2020-10-16T16:30:37 EDT">
          <reporter-output>
          </reporter-output>
        </test-method> <!-- setUpBrowser -->
        <test-method status="PASS" signature="SortBy_View(java.util.Hashtable)[pri:0, instance:com.dollardays.testcases.Team7DDSortByTestcase@4d49af10]" name="SortBy_View" duration-ms="36595" started-at="2020-10-16T16:30:37 EDT" data-provider="dd-dataprovider" finished-at="2020-10-16T16:31:14 EDT">
          <params>
            <param index="0">
              <value>
                <![CDATA[{SortBy=Popularity, TestCase=SortBy with Popularity option & View option 24, ProductName=Food, TCID=TC5, SheetName=SortBy&View, Runmode=Yes, UserName=srikanthtesting100@gmail.com, ViewBy=24, Password=cGFzc3dvcmQxMjM=}]]>
              </value>
            </param>
          </params>
          <reporter-output>
          </reporter-output>
        </test-method> <!-- SortBy_View -->
        <test-method status="PASS" signature="quit()[pri:0, instance:com.dollardays.testcases.Team7DDSortByTestcase@4d49af10]" name="quit" is-config="true" duration-ms="896" started-at="2020-10-16T16:31:14 EDT" finished-at="2020-10-16T16:31:15 EDT">
          <reporter-output>
          </reporter-output>
        </test-method> <!-- quit -->
        <test-method status="PASS" signature="setUpBrowser()[pri:0, instance:com.dollardays.testcases.Team7DDSortByTestcase@4d49af10]" name="setUpBrowser" is-config="true" duration-ms="8329" started-at="2020-10-16T16:31:15 EDT" finished-at="2020-10-16T16:31:23 EDT">
          <reporter-output>
          </reporter-output>
        </test-method> <!-- setUpBrowser -->
        <test-method status="PASS" signature="SortBy_View(java.util.Hashtable)[pri:0, instance:com.dollardays.testcases.Team7DDSortByTestcase@4d49af10]" name="SortBy_View" duration-ms="37663" started-at="2020-10-16T16:31:23 EDT" data-provider="dd-dataprovider" finished-at="2020-10-16T16:32:01 EDT">
          <params>
            <param index="0">
              <value>
                <![CDATA[{SortBy=Popularity, TestCase=SortBy with Popularity option & View option 48, ProductName=Food, TCID=TC6, SheetName=SortBy&View, Runmode=Yes, UserName=srikanthtesting100@gmail.com, ViewBy=48, Password=cGFzc3dvcmQxMjM=}]]>
              </value>
            </param>
          </params>
          <reporter-output>
          </reporter-output>
        </test-method> <!-- SortBy_View -->
        <test-method status="PASS" signature="quit()[pri:0, instance:com.dollardays.testcases.Team7DDSortByTestcase@4d49af10]" name="quit" is-config="true" duration-ms="1415" started-at="2020-10-16T16:32:01 EDT" finished-at="2020-10-16T16:32:02 EDT">
          <reporter-output>
          </reporter-output>
        </test-method> <!-- quit -->
        <test-method status="PASS" signature="setUpBrowser()[pri:0, instance:com.dollardays.testcases.Team7DDSortByTestcase@4d49af10]" name="setUpBrowser" is-config="true" duration-ms="8199" started-at="2020-10-16T16:32:02 EDT" finished-at="2020-10-16T16:32:10 EDT">
          <reporter-output>
          </reporter-output>
        </test-method> <!-- setUpBrowser -->
        <test-method status="PASS" signature="SortBy_View(java.util.Hashtable)[pri:0, instance:com.dollardays.testcases.Team7DDSortByTestcase@4d49af10]" name="SortBy_View" duration-ms="37610" started-at="2020-10-16T16:32:10 EDT" data-provider="dd-dataprovider" finished-at="2020-10-16T16:32:48 EDT">
          <params>
            <param index="0">
              <value>
                <![CDATA[{SortBy=Newest First, TestCase=SortBy with NewestFirst option & View option 12, ProductName=Food, TCID=TC7, SheetName=SortBy&View, Runmode=Yes, UserName=srikanthtesting100@gmail.com, ViewBy=12, Password=cGFzc3dvcmQxMjM=}]]>
              </value>
            </param>
          </params>
          <reporter-output>
          </reporter-output>
        </test-method> <!-- SortBy_View -->
        <test-method status="PASS" signature="quit()[pri:0, instance:com.dollardays.testcases.Team7DDSortByTestcase@4d49af10]" name="quit" is-config="true" duration-ms="1927" started-at="2020-10-16T16:32:48 EDT" finished-at="2020-10-16T16:32:50 EDT">
          <reporter-output>
          </reporter-output>
        </test-method> <!-- quit -->
        <test-method status="PASS" signature="setUpBrowser()[pri:0, instance:com.dollardays.testcases.Team7DDSortByTestcase@4d49af10]" name="setUpBrowser" is-config="true" duration-ms="8480" started-at="2020-10-16T16:32:50 EDT" finished-at="2020-10-16T16:32:59 EDT">
          <reporter-output>
          </reporter-output>
        </test-method> <!-- setUpBrowser -->
        <test-method status="PASS" signature="SortBy_View(java.util.Hashtable)[pri:0, instance:com.dollardays.testcases.Team7DDSortByTestcase@4d49af10]" name="SortBy_View" duration-ms="36610" started-at="2020-10-16T16:32:59 EDT" data-provider="dd-dataprovider" finished-at="2020-10-16T16:33:35 EDT">
          <params>
            <param index="0">
              <value>
                <![CDATA[{SortBy=Newest First, TestCase=SortBy with NewestFirst option & View option 24, ProductName=Food, TCID=TC8, SheetName=SortBy&View, Runmode=Yes, UserName=srikanthtesting100@gmail.com, ViewBy=24, Password=cGFzc3dvcmQxMjM=}]]>
              </value>
            </param>
          </params>
          <reporter-output>
          </reporter-output>
        </test-method> <!-- SortBy_View -->
        <test-method status="PASS" signature="quit()[pri:0, instance:com.dollardays.testcases.Team7DDSortByTestcase@4d49af10]" name="quit" is-config="true" duration-ms="900" started-at="2020-10-16T16:33:35 EDT" finished-at="2020-10-16T16:33:36 EDT">
          <reporter-output>
          </reporter-output>
        </test-method> <!-- quit -->
        <test-method status="PASS" signature="setUpBrowser()[pri:0, instance:com.dollardays.testcases.Team7DDSortByTestcase@4d49af10]" name="setUpBrowser" is-config="true" duration-ms="8554" started-at="2020-10-16T16:33:36 EDT" finished-at="2020-10-16T16:33:45 EDT">
          <reporter-output>
          </reporter-output>
        </test-method> <!-- setUpBrowser -->
        <test-method status="PASS" signature="SortBy_View(java.util.Hashtable)[pri:0, instance:com.dollardays.testcases.Team7DDSortByTestcase@4d49af10]" name="SortBy_View" duration-ms="39511" started-at="2020-10-16T16:33:45 EDT" data-provider="dd-dataprovider" finished-at="2020-10-16T16:34:24 EDT">
          <params>
            <param index="0">
              <value>
                <![CDATA[{SortBy=Newest First, TestCase=SortBy with NewestFirst option & View option 48, ProductName=Food, TCID=TC9, SheetName=SortBy&View, Runmode=Yes, UserName=srikanthtesting100@gmail.com, ViewBy=48, Password=cGFzc3dvcmQxMjM=}]]>
              </value>
            </param>
          </params>
          <reporter-output>
          </reporter-output>
        </test-method> <!-- SortBy_View -->
        <test-method status="PASS" signature="quit()[pri:0, instance:com.dollardays.testcases.Team7DDSortByTestcase@4d49af10]" name="quit" is-config="true" duration-ms="887" started-at="2020-10-16T16:34:24 EDT" finished-at="2020-10-16T16:34:25 EDT">
          <reporter-output>
          </reporter-output>
        </test-method> <!-- quit -->
        <test-method status="FAIL" signature="setUpBrowser()[pri:0, instance:com.dollardays.testcases.Team7DDSortByTestcase@4d49af10]" name="setUpBrowser" is-config="true" duration-ms="13848" started-at="2020-10-16T16:34:25 EDT" finished-at="2020-10-16T16:34:39 EDT">
          <exception class="java.lang.Exception">
            <message>
              <![CDATA[Driver Not Found]]>
            </message>
            <full-stacktrace>
              <![CDATA[java.lang.Exception: Driver Not Found
at com.dollardays.testcases.BaseTest.openBrowser(BaseTest.java:95)
at com.dollardays.testcases.BaseTest.setUpBrowser(BaseTest.java:117)
at sun.reflect.GeneratedMethodAccessor8.invoke(Unknown Source)
at sun.reflect.DelegatingMethodAccessorImpl.invoke(DelegatingMethodAccessorImpl.java:43)
at java.lang.reflect.Method.invoke(Method.java:498)
at org.testng.internal.MethodInvocationHelper.invokeMethod(MethodInvocationHelper.java:132)
at org.testng.internal.MethodInvocationHelper.invokeMethodConsideringTimeout(MethodInvocationHelper.java:61)
at org.testng.internal.ConfigInvoker.invokeConfigurationMethod(ConfigInvoker.java:366)
at org.testng.internal.ConfigInvoker.invokeConfigurations(ConfigInvoker.java:320)
at org.testng.internal.TestInvoker.runConfigMethods(TestInvoker.java:701)
at org.testng.internal.TestInvoker.invokeMethod(TestInvoker.java:527)
at org.testng.internal.TestInvoker.invokeTestMethod(TestInvoker.java:174)
at org.testng.internal.MethodRunner.runInSequence(MethodRunner.java:46)
at org.testng.internal.TestInvoker$MethodInvocationAgent.invoke(TestInvoker.java:822)
at org.testng.internal.TestInvoker.invokeTestMethods(TestInvoker.java:147)
at org.testng.internal.TestMethodWorker.invokeTestMethods(TestMethodWorker.java:146)
at org.testng.internal.TestMethodWorker.run(TestMethodWorker.java:128)
at java.util.concurrent.ThreadPoolExecutor.runWorker(ThreadPoolExecutor.java:1149)
at java.util.concurrent.ThreadPoolExecutor$Worker.run(ThreadPoolExecutor.java:624)
at java.lang.Thread.run(Thread.java:748)
]]>
            </full-stacktrace>
          </exception> <!-- java.lang.Exception -->
          <reporter-output>
          </reporter-output>
        </test-method> <!-- setUpBrowser -->
        <test-method status="SKIP" signature="SortBy_View(java.util.Hashtable)[pri:0, instance:com.dollardays.testcases.Team7DDSortByTestcase@4d49af10]" name="SortBy_View" duration-ms="0" started-at="2020-10-16T16:34:39 EDT" data-provider="dd-dataprovider" finished-at="2020-10-16T16:34:39 EDT">
          <params>
            <param index="0">
              <value>
                <![CDATA[{SortBy=Price per Unit (Low to high), TestCase=SortBy with Price per Unit LtoH option & View option 12, ProductName=Food, TCID=TC10, SheetName=SortBy&View, Runmode=Yes, UserName=srikanthtesting100@gmail.com, ViewBy=12, Password=cGFzc3dvcmQxMjM=}]]>
              </value>
            </param>
          </params>
          <exception class="java.lang.Exception">
            <message>
              <![CDATA[Driver Not Found]]>
            </message>
            <full-stacktrace>
              <![CDATA[java.lang.Exception: Driver Not Found
at com.dollardays.testcases.BaseTest.openBrowser(BaseTest.java:95)
at com.dollardays.testcases.BaseTest.setUpBrowser(BaseTest.java:117)
at sun.reflect.GeneratedMethodAccessor8.invoke(Unknown Source)
at sun.reflect.DelegatingMethodAccessorImpl.invoke(DelegatingMethodAccessorImpl.java:43)
at java.lang.reflect.Method.invoke(Method.java:498)
at org.testng.internal.MethodInvocationHelper.invokeMethod(MethodInvocationHelper.java:132)
at org.testng.internal.MethodInvocationHelper.invokeMethodConsideringTimeout(MethodInvocationHelper.java:61)
at org.testng.internal.ConfigInvoker.invokeConfigurationMethod(ConfigInvoker.java:366)
at org.testng.internal.ConfigInvoker.invokeConfigurations(ConfigInvoker.java:320)
at org.testng.internal.TestInvoker.runConfigMethods(TestInvoker.java:701)
at org.testng.internal.TestInvoker.invokeMethod(TestInvoker.java:527)
at org.testng.internal.TestInvoker.invokeTestMethod(TestInvoker.java:174)
at org.testng.internal.MethodRunner.runInSequence(MethodRunner.java:46)
at org.testng.internal.TestInvoker$MethodInvocationAgent.invoke(TestInvoker.java:822)
at org.testng.internal.TestInvoker.invokeTestMethods(TestInvoker.java:147)
at org.testng.internal.TestMethodWorker.invokeTestMethods(TestMethodWorker.java:146)
at org.testng.internal.TestMethodWorker.run(TestMethodWorker.java:128)
at java.util.concurrent.ThreadPoolExecutor.runWorker(ThreadPoolExecutor.java:1149)
at java.util.concurrent.ThreadPoolExecutor$Worker.run(ThreadPoolExecutor.java:624)
at java.lang.Thread.run(Thread.java:748)
]]>
            </full-stacktrace>
          </exception> <!-- java.lang.Exception -->
          <reporter-output>
          </reporter-output>
        </test-method> <!-- SortBy_View -->
        <test-method status="SKIP" signature="quit()[pri:0, instance:com.dollardays.testcases.Team7DDSortByTestcase@4d49af10]" name="quit" is-config="true" duration-ms="-1602880479336" started-at="2020-10-16T16:34:39 EDT" finished-at="1969-12-31T19:00:00 EST">
          <reporter-output>
          </reporter-output>
        </test-method> <!-- quit -->
        <test-method status="SKIP" signature="setUpBrowser()[pri:0, instance:com.dollardays.testcases.Team7DDSortByTestcase@4d49af10]" name="setUpBrowser" is-config="true" duration-ms="-1602880479337" started-at="2020-10-16T16:34:39 EDT" finished-at="1969-12-31T19:00:00 EST">
          <reporter-output>
          </reporter-output>
        </test-method> <!-- setUpBrowser -->
        <test-method status="SKIP" signature="SortBy_View(java.util.Hashtable)[pri:0, instance:com.dollardays.testcases.Team7DDSortByTestcase@4d49af10]" name="SortBy_View" duration-ms="0" started-at="2020-10-16T16:34:39 EDT" data-provider="dd-dataprovider" finished-at="2020-10-16T16:34:39 EDT">
          <params>
            <param index="0">
              <value>
                <![CDATA[{SortBy=Price per Unit (Low to high), TestCase=SortBy with Price per Unit LtoH option & View option 24, ProductName=Food, TCID=TC11, SheetName=SortBy&View, Runmode=Yes, UserName=srikanthtesting100@gmail.com, ViewBy=24, Password=cGFzc3dvcmQxMjM=}]]>
              </value>
            </param>
          </params>
          <exception class="java.lang.Exception">
            <message>
              <![CDATA[Driver Not Found]]>
            </message>
            <full-stacktrace>
              <![CDATA[java.lang.Exception: Driver Not Found
at com.dollardays.testcases.BaseTest.openBrowser(BaseTest.java:95)
at com.dollardays.testcases.BaseTest.setUpBrowser(BaseTest.java:117)
at sun.reflect.GeneratedMethodAccessor8.invoke(Unknown Source)
at sun.reflect.DelegatingMethodAccessorImpl.invoke(DelegatingMethodAccessorImpl.java:43)
at java.lang.reflect.Method.invoke(Method.java:498)
at org.testng.internal.MethodInvocationHelper.invokeMethod(MethodInvocationHelper.java:132)
at org.testng.internal.MethodInvocationHelper.invokeMethodConsideringTimeout(MethodInvocationHelper.java:61)
at org.testng.internal.ConfigInvoker.invokeConfigurationMethod(ConfigInvoker.java:366)
at org.testng.internal.ConfigInvoker.invokeConfigurations(ConfigInvoker.java:320)
at org.testng.internal.TestInvoker.runConfigMethods(TestInvoker.java:701)
at org.testng.internal.TestInvoker.invokeMethod(TestInvoker.java:527)
at org.testng.internal.TestInvoker.invokeTestMethod(TestInvoker.java:174)
at org.testng.internal.MethodRunner.runInSequence(MethodRunner.java:46)
at org.testng.internal.TestInvoker$MethodInvocationAgent.invoke(TestInvoker.java:822)
at org.testng.internal.TestInvoker.invokeTestMethods(TestInvoker.java:147)
at org.testng.internal.TestMethodWorker.invokeTestMethods(TestMethodWorker.java:146)
at org.testng.internal.TestMethodWorker.run(TestMethodWorker.java:128)
at java.util.concurrent.ThreadPoolExecutor.runWorker(ThreadPoolExecutor.java:1149)
at java.util.concurrent.ThreadPoolExecutor$Worker.run(ThreadPoolExecutor.java:624)
at java.lang.Thread.run(Thread.java:748)
]]>
            </full-stacktrace>
          </exception> <!-- java.lang.Exception -->
          <reporter-output>
          </reporter-output>
        </test-method> <!-- SortBy_View -->
        <test-method status="SKIP" signature="quit()[pri:0, instance:com.dollardays.testcases.Team7DDSortByTestcase@4d49af10]" name="quit" is-config="true" duration-ms="-1602880479345" started-at="2020-10-16T16:34:39 EDT" finished-at="1969-12-31T19:00:00 EST">
          <reporter-output>
          </reporter-output>
        </test-method> <!-- quit -->
        <test-method status="SKIP" signature="setUpBrowser()[pri:0, instance:com.dollardays.testcases.Team7DDSortByTestcase@4d49af10]" name="setUpBrowser" is-config="true" duration-ms="-1602880479345" started-at="2020-10-16T16:34:39 EDT" finished-at="1969-12-31T19:00:00 EST">
          <reporter-output>
          </reporter-output>
        </test-method> <!-- setUpBrowser -->
        <test-method status="SKIP" signature="SortBy_View(java.util.Hashtable)[pri:0, instance:com.dollardays.testcases.Team7DDSortByTestcase@4d49af10]" name="SortBy_View" duration-ms="0" started-at="2020-10-16T16:34:39 EDT" data-provider="dd-dataprovider" finished-at="2020-10-16T16:34:39 EDT">
          <params>
            <param index="0">
              <value>
                <![CDATA[{SortBy=Price per Unit (Low to high), TestCase=SortBy with Price per Unit LtoH option & View option 48, ProductName=Food, TCID=TC12, SheetName=SortBy&View, Runmode=Yes, UserName=srikanthtesting100@gmail.com, ViewBy=48, Password=cGFzc3dvcmQxMjM=}]]>
              </value>
            </param>
          </params>
          <exception class="java.lang.Exception">
            <message>
              <![CDATA[Driver Not Found]]>
            </message>
            <full-stacktrace>
              <![CDATA[java.lang.Exception: Driver Not Found
at com.dollardays.testcases.BaseTest.openBrowser(BaseTest.java:95)
at com.dollardays.testcases.BaseTest.setUpBrowser(BaseTest.java:117)
at sun.reflect.GeneratedMethodAccessor8.invoke(Unknown Source)
at sun.reflect.DelegatingMethodAccessorImpl.invoke(DelegatingMethodAccessorImpl.java:43)
at java.lang.reflect.Method.invoke(Method.java:498)
at org.testng.internal.MethodInvocationHelper.invokeMethod(MethodInvocationHelper.java:132)
at org.testng.internal.MethodInvocationHelper.invokeMethodConsideringTimeout(MethodInvocationHelper.java:61)
at org.testng.internal.ConfigInvoker.invokeConfigurationMethod(ConfigInvoker.java:366)
at org.testng.internal.ConfigInvoker.invokeConfigurations(ConfigInvoker.java:320)
at org.testng.internal.TestInvoker.runConfigMethods(TestInvoker.java:701)
at org.testng.internal.TestInvoker.invokeMethod(TestInvoker.java:527)
at org.testng.internal.TestInvoker.invokeTestMethod(TestInvoker.java:174)
at org.testng.internal.MethodRunner.runInSequence(MethodRunner.java:46)
at org.testng.internal.TestInvoker$MethodInvocationAgent.invoke(TestInvoker.java:822)
at org.testng.internal.TestInvoker.invokeTestMethods(TestInvoker.java:147)
at org.testng.internal.TestMethodWorker.invokeTestMethods(TestMethodWorker.java:146)
at org.testng.internal.TestMethodWorker.run(TestMethodWorker.java:128)
at java.util.concurrent.ThreadPoolExecutor.runWorker(ThreadPoolExecutor.java:1149)
at java.util.concurrent.ThreadPoolExecutor$Worker.run(ThreadPoolExecutor.java:624)
at java.lang.Thread.run(Thread.java:748)
]]>
            </full-stacktrace>
          </exception> <!-- java.lang.Exception -->
          <reporter-output>
          </reporter-output>
        </test-method> <!-- SortBy_View -->
        <test-method status="SKIP" signature="setUpBrowser()[pri:0, instance:com.dollardays.testcases.Team7DDSortByTestcase@4d49af10]" name="setUpBrowser" is-config="true" duration-ms="-1602880479348" started-at="2020-10-16T16:34:39 EDT" finished-at="1969-12-31T19:00:00 EST">
          <reporter-output>
          </reporter-output>
        </test-method> <!-- setUpBrowser -->
        <test-method status="SKIP" signature="quit()[pri:0, instance:com.dollardays.testcases.Team7DDSortByTestcase@4d49af10]" name="quit" is-config="true" duration-ms="-1602880479348" started-at="2020-10-16T16:34:39 EDT" finished-at="1969-12-31T19:00:00 EST">
          <reporter-output>
          </reporter-output>
        </test-method> <!-- quit -->
        <test-method status="SKIP" signature="SortBy_View(java.util.Hashtable)[pri:0, instance:com.dollardays.testcases.Team7DDSortByTestcase@4d49af10]" name="SortBy_View" duration-ms="0" started-at="2020-10-16T16:34:39 EDT" data-provider="dd-dataprovider" finished-at="2020-10-16T16:34:39 EDT">
          <params>
            <param index="0">
              <value>
                <![CDATA[{SortBy=Price per Unit (High to low), TestCase=SortBy with Price per Unit HtoL option & View option 12, ProductName=Food, TCID=TC13, SheetName=SortBy&View, Runmode=Yes, UserName=srikanthtesting100@gmail.com, ViewBy=12, Password=cGFzc3dvcmQxMjM=}]]>
              </value>
            </param>
          </params>
          <exception class="java.lang.Exception">
            <message>
              <![CDATA[Driver Not Found]]>
            </message>
            <full-stacktrace>
              <![CDATA[java.lang.Exception: Driver Not Found
at com.dollardays.testcases.BaseTest.openBrowser(BaseTest.java:95)
at com.dollardays.testcases.BaseTest.setUpBrowser(BaseTest.java:117)
at sun.reflect.GeneratedMethodAccessor8.invoke(Unknown Source)
at sun.reflect.DelegatingMethodAccessorImpl.invoke(DelegatingMethodAccessorImpl.java:43)
at java.lang.reflect.Method.invoke(Method.java:498)
at org.testng.internal.MethodInvocationHelper.invokeMethod(MethodInvocationHelper.java:132)
at org.testng.internal.MethodInvocationHelper.invokeMethodConsideringTimeout(MethodInvocationHelper.java:61)
at org.testng.internal.ConfigInvoker.invokeConfigurationMethod(ConfigInvoker.java:366)
at org.testng.internal.ConfigInvoker.invokeConfigurations(ConfigInvoker.java:320)
at org.testng.internal.TestInvoker.runConfigMethods(TestInvoker.java:701)
at org.testng.internal.TestInvoker.invokeMethod(TestInvoker.java:527)
at org.testng.internal.TestInvoker.invokeTestMethod(TestInvoker.java:174)
at org.testng.internal.MethodRunner.runInSequence(MethodRunner.java:46)
at org.testng.internal.TestInvoker$MethodInvocationAgent.invoke(TestInvoker.java:822)
at org.testng.internal.TestInvoker.invokeTestMethods(TestInvoker.java:147)
at org.testng.internal.TestMethodWorker.invokeTestMethods(TestMethodWorker.java:146)
at org.testng.internal.TestMethodWorker.run(TestMethodWorker.java:128)
at java.util.concurrent.ThreadPoolExecutor.runWorker(ThreadPoolExecutor.java:1149)
at java.util.concurrent.ThreadPoolExecutor$Worker.run(ThreadPoolExecutor.java:624)
at java.lang.Thread.run(Thread.java:748)
]]>
            </full-stacktrace>
          </exception> <!-- java.lang.Exception -->
          <reporter-output>
          </reporter-output>
        </test-method> <!-- SortBy_View -->
        <test-method status="SKIP" signature="setUpBrowser()[pri:0, instance:com.dollardays.testcases.Team7DDSortByTestcase@4d49af10]" name="setUpBrowser" is-config="true" duration-ms="-1602880479351" started-at="2020-10-16T16:34:39 EDT" finished-at="1969-12-31T19:00:00 EST">
          <reporter-output>
          </reporter-output>
        </test-method> <!-- setUpBrowser -->
        <test-method status="SKIP" signature="quit()[pri:0, instance:com.dollardays.testcases.Team7DDSortByTestcase@4d49af10]" name="quit" is-config="true" duration-ms="-1602880479351" started-at="2020-10-16T16:34:39 EDT" finished-at="1969-12-31T19:00:00 EST">
          <reporter-output>
          </reporter-output>
        </test-method> <!-- quit -->
        <test-method status="SKIP" signature="SortBy_View(java.util.Hashtable)[pri:0, instance:com.dollardays.testcases.Team7DDSortByTestcase@4d49af10]" name="SortBy_View" duration-ms="0" started-at="2020-10-16T16:34:39 EDT" data-provider="dd-dataprovider" finished-at="2020-10-16T16:34:39 EDT">
          <params>
            <param index="0">
              <value>
                <![CDATA[{SortBy=Price per Unit (High to low), TestCase=SortBy with Price per Unit HtoL option & View option 24, ProductName=Food, TCID=TC14, SheetName=SortBy&View, Runmode=Yes, UserName=srikanthtesting100@gmail.com, ViewBy=24, Password=cGFzc3dvcmQxMjM=}]]>
              </value>
            </param>
          </params>
          <exception class="java.lang.Exception">
            <message>
              <![CDATA[Driver Not Found]]>
            </message>
            <full-stacktrace>
              <![CDATA[java.lang.Exception: Driver Not Found
at com.dollardays.testcases.BaseTest.openBrowser(BaseTest.java:95)
at com.dollardays.testcases.BaseTest.setUpBrowser(BaseTest.java:117)
at sun.reflect.GeneratedMethodAccessor8.invoke(Unknown Source)
at sun.reflect.DelegatingMethodAccessorImpl.invoke(DelegatingMethodAccessorImpl.java:43)
at java.lang.reflect.Method.invoke(Method.java:498)
at org.testng.internal.MethodInvocationHelper.invokeMethod(MethodInvocationHelper.java:132)
at org.testng.internal.MethodInvocationHelper.invokeMethodConsideringTimeout(MethodInvocationHelper.java:61)
at org.testng.internal.ConfigInvoker.invokeConfigurationMethod(ConfigInvoker.java:366)
at org.testng.internal.ConfigInvoker.invokeConfigurations(ConfigInvoker.java:320)
at org.testng.internal.TestInvoker.runConfigMethods(TestInvoker.java:701)
at org.testng.internal.TestInvoker.invokeMethod(TestInvoker.java:527)
at org.testng.internal.TestInvoker.invokeTestMethod(TestInvoker.java:174)
at org.testng.internal.MethodRunner.runInSequence(MethodRunner.java:46)
at org.testng.internal.TestInvoker$MethodInvocationAgent.invoke(TestInvoker.java:822)
at org.testng.internal.TestInvoker.invokeTestMethods(TestInvoker.java:147)
at org.testng.internal.TestMethodWorker.invokeTestMethods(TestMethodWorker.java:146)
at org.testng.internal.TestMethodWorker.run(TestMethodWorker.java:128)
at java.util.concurrent.ThreadPoolExecutor.runWorker(ThreadPoolExecutor.java:1149)
at java.util.concurrent.ThreadPoolExecutor$Worker.run(ThreadPoolExecutor.java:624)
at java.lang.Thread.run(Thread.java:748)
]]>
            </full-stacktrace>
          </exception> <!-- java.lang.Exception -->
          <reporter-output>
          </reporter-output>
        </test-method> <!-- SortBy_View -->
        <test-method status="SKIP" signature="quit()[pri:0, instance:com.dollardays.testcases.Team7DDSortByTestcase@4d49af10]" name="quit" is-config="true" duration-ms="-1602880479355" started-at="2020-10-16T16:34:39 EDT" finished-at="1969-12-31T19:00:00 EST">
          <reporter-output>
          </reporter-output>
        </test-method> <!-- quit -->
        <test-method status="SKIP" signature="setUpBrowser()[pri:0, instance:com.dollardays.testcases.Team7DDSortByTestcase@4d49af10]" name="setUpBrowser" is-config="true" duration-ms="-1602880479357" started-at="2020-10-16T16:34:39 EDT" finished-at="1969-12-31T19:00:00 EST">
          <reporter-output>
          </reporter-output>
        </test-method> <!-- setUpBrowser -->
        <test-method status="SKIP" signature="SortBy_View(java.util.Hashtable)[pri:0, instance:com.dollardays.testcases.Team7DDSortByTestcase@4d49af10]" name="SortBy_View" duration-ms="0" started-at="2020-10-16T16:34:39 EDT" data-provider="dd-dataprovider" finished-at="2020-10-16T16:34:39 EDT">
          <params>
            <param index="0">
              <value>
                <![CDATA[{SortBy=Price per Unit (High to low), TestCase=SortBy with Price per Unit HtoL option & View option 48, ProductName=Food, TCID=TC15, SheetName=SortBy&View, Runmode=Yes, UserName=srikanthtesting100@gmail.com, ViewBy=48, Password=cGFzc3dvcmQxMjM=}]]>
              </value>
            </param>
          </params>
          <exception class="java.lang.Exception">
            <message>
              <![CDATA[Driver Not Found]]>
            </message>
            <full-stacktrace>
              <![CDATA[java.lang.Exception: Driver Not Found
at com.dollardays.testcases.BaseTest.openBrowser(BaseTest.java:95)
at com.dollardays.testcases.BaseTest.setUpBrowser(BaseTest.java:117)
at sun.reflect.GeneratedMethodAccessor8.invoke(Unknown Source)
at sun.reflect.DelegatingMethodAccessorImpl.invoke(DelegatingMethodAccessorImpl.java:43)
at java.lang.reflect.Method.invoke(Method.java:498)
at org.testng.internal.MethodInvocationHelper.invokeMethod(MethodInvocationHelper.java:132)
at org.testng.internal.MethodInvocationHelper.invokeMethodConsideringTimeout(MethodInvocationHelper.java:61)
at org.testng.internal.ConfigInvoker.invokeConfigurationMethod(ConfigInvoker.java:366)
at org.testng.internal.ConfigInvoker.invokeConfigurations(ConfigInvoker.java:320)
at org.testng.internal.TestInvoker.runConfigMethods(TestInvoker.java:701)
at org.testng.internal.TestInvoker.invokeMethod(TestInvoker.java:527)
at org.testng.internal.TestInvoker.invokeTestMethod(TestInvoker.java:174)
at org.testng.internal.MethodRunner.runInSequence(MethodRunner.java:46)
at org.testng.internal.TestInvoker$MethodInvocationAgent.invoke(TestInvoker.java:822)
at org.testng.internal.TestInvoker.invokeTestMethods(TestInvoker.java:147)
at org.testng.internal.TestMethodWorker.invokeTestMethods(TestMethodWorker.java:146)
at org.testng.internal.TestMethodWorker.run(TestMethodWorker.java:128)
at java.util.concurrent.ThreadPoolExecutor.runWorker(ThreadPoolExecutor.java:1149)
at java.util.concurrent.ThreadPoolExecutor$Worker.run(ThreadPoolExecutor.java:624)
at java.lang.Thread.run(Thread.java:748)
]]>
            </full-stacktrace>
          </exception> <!-- java.lang.Exception -->
          <reporter-output>
          </reporter-output>
        </test-method> <!-- SortBy_View -->
        <test-method status="SKIP" signature="quit()[pri:0, instance:com.dollardays.testcases.Team7DDSortByTestcase@4d49af10]" name="quit" is-config="true" duration-ms="-1602880479363" started-at="2020-10-16T16:34:39 EDT" finished-at="1969-12-31T19:00:00 EST">
          <reporter-output>
          </reporter-output>
        </test-method> <!-- quit -->
        <test-method status="SKIP" signature="setUpBrowser()[pri:0, instance:com.dollardays.testcases.Team7DDSortByTestcase@4d49af10]" name="setUpBrowser" is-config="true" duration-ms="-1602880479364" started-at="2020-10-16T16:34:39 EDT" finished-at="1969-12-31T19:00:00 EST">
          <reporter-output>
          </reporter-output>
        </test-method> <!-- setUpBrowser -->
        <test-method status="SKIP" signature="SortBy_View(java.util.Hashtable)[pri:0, instance:com.dollardays.testcases.Team7DDSortByTestcase@4d49af10]" name="SortBy_View" duration-ms="0" started-at="2020-10-16T16:34:39 EDT" data-provider="dd-dataprovider" finished-at="2020-10-16T16:34:39 EDT">
          <params>
            <param index="0">
              <value>
                <![CDATA[{SortBy=Alphabetically by Name, TestCase=SortBy with Alphabetically & View option 12, ProductName=Food, TCID=TC16, SheetName=SortBy&View, Runmode=Yes, UserName=srikanthtesting100@gmail.com, ViewBy=12, Password=cGFzc3dvcmQxMjM=}]]>
              </value>
            </param>
          </params>
          <exception class="java.lang.Exception">
            <message>
              <![CDATA[Driver Not Found]]>
            </message>
            <full-stacktrace>
              <![CDATA[java.lang.Exception: Driver Not Found
at com.dollardays.testcases.BaseTest.openBrowser(BaseTest.java:95)
at com.dollardays.testcases.BaseTest.setUpBrowser(BaseTest.java:117)
at sun.reflect.GeneratedMethodAccessor8.invoke(Unknown Source)
at sun.reflect.DelegatingMethodAccessorImpl.invoke(DelegatingMethodAccessorImpl.java:43)
at java.lang.reflect.Method.invoke(Method.java:498)
at org.testng.internal.MethodInvocationHelper.invokeMethod(MethodInvocationHelper.java:132)
at org.testng.internal.MethodInvocationHelper.invokeMethodConsideringTimeout(MethodInvocationHelper.java:61)
at org.testng.internal.ConfigInvoker.invokeConfigurationMethod(ConfigInvoker.java:366)
at org.testng.internal.ConfigInvoker.invokeConfigurations(ConfigInvoker.java:320)
at org.testng.internal.TestInvoker.runConfigMethods(TestInvoker.java:701)
at org.testng.internal.TestInvoker.invokeMethod(TestInvoker.java:527)
at org.testng.internal.TestInvoker.invokeTestMethod(TestInvoker.java:174)
at org.testng.internal.MethodRunner.runInSequence(MethodRunner.java:46)
at org.testng.internal.TestInvoker$MethodInvocationAgent.invoke(TestInvoker.java:822)
at org.testng.internal.TestInvoker.invokeTestMethods(TestInvoker.java:147)
at org.testng.internal.TestMethodWorker.invokeTestMethods(TestMethodWorker.java:146)
at org.testng.internal.TestMethodWorker.run(TestMethodWorker.java:128)
at java.util.concurrent.ThreadPoolExecutor.runWorker(ThreadPoolExecutor.java:1149)
at java.util.concurrent.ThreadPoolExecutor$Worker.run(ThreadPoolExecutor.java:624)
at java.lang.Thread.run(Thread.java:748)
]]>
            </full-stacktrace>
          </exception> <!-- java.lang.Exception -->
          <reporter-output>
          </reporter-output>
        </test-method> <!-- SortBy_View -->
        <test-method status="SKIP" signature="quit()[pri:0, instance:com.dollardays.testcases.Team7DDSortByTestcase@4d49af10]" name="quit" is-config="true" duration-ms="-1602880479367" started-at="2020-10-16T16:34:39 EDT" finished-at="1969-12-31T19:00:00 EST">
          <reporter-output>
          </reporter-output>
        </test-method> <!-- quit -->
        <test-method status="SKIP" signature="setUpBrowser()[pri:0, instance:com.dollardays.testcases.Team7DDSortByTestcase@4d49af10]" name="setUpBrowser" is-config="true" duration-ms="-1602880479368" started-at="2020-10-16T16:34:39 EDT" finished-at="1969-12-31T19:00:00 EST">
          <reporter-output>
          </reporter-output>
        </test-method> <!-- setUpBrowser -->
        <test-method status="SKIP" signature="SortBy_View(java.util.Hashtable)[pri:0, instance:com.dollardays.testcases.Team7DDSortByTestcase@4d49af10]" name="SortBy_View" duration-ms="0" started-at="2020-10-16T16:34:39 EDT" data-provider="dd-dataprovider" finished-at="2020-10-16T16:34:39 EDT">
          <params>
            <param index="0">
              <value>
                <![CDATA[{SortBy=Alphabetically by Name, TestCase=SortBy with Alphabetically & View option 24, ProductName=Food, TCID=TC17, SheetName=SortBy&View, Runmode=Yes, UserName=srikanthtesting100@gmail.com, ViewBy=24, Password=cGFzc3dvcmQxMjM=}]]>
              </value>
            </param>
          </params>
          <exception class="java.lang.Exception">
            <message>
              <![CDATA[Driver Not Found]]>
            </message>
            <full-stacktrace>
              <![CDATA[java.lang.Exception: Driver Not Found
at com.dollardays.testcases.BaseTest.openBrowser(BaseTest.java:95)
at com.dollardays.testcases.BaseTest.setUpBrowser(BaseTest.java:117)
at sun.reflect.GeneratedMethodAccessor8.invoke(Unknown Source)
at sun.reflect.DelegatingMethodAccessorImpl.invoke(DelegatingMethodAccessorImpl.java:43)
at java.lang.reflect.Method.invoke(Method.java:498)
at org.testng.internal.MethodInvocationHelper.invokeMethod(MethodInvocationHelper.java:132)
at org.testng.internal.MethodInvocationHelper.invokeMethodConsideringTimeout(MethodInvocationHelper.java:61)
at org.testng.internal.ConfigInvoker.invokeConfigurationMethod(ConfigInvoker.java:366)
at org.testng.internal.ConfigInvoker.invokeConfigurations(ConfigInvoker.java:320)
at org.testng.internal.TestInvoker.runConfigMethods(TestInvoker.java:701)
at org.testng.internal.TestInvoker.invokeMethod(TestInvoker.java:527)
at org.testng.internal.TestInvoker.invokeTestMethod(TestInvoker.java:174)
at org.testng.internal.MethodRunner.runInSequence(MethodRunner.java:46)
at org.testng.internal.TestInvoker$MethodInvocationAgent.invoke(TestInvoker.java:822)
at org.testng.internal.TestInvoker.invokeTestMethods(TestInvoker.java:147)
at org.testng.internal.TestMethodWorker.invokeTestMethods(TestMethodWorker.java:146)
at org.testng.internal.TestMethodWorker.run(TestMethodWorker.java:128)
at java.util.concurrent.ThreadPoolExecutor.runWorker(ThreadPoolExecutor.java:1149)
at java.util.concurrent.ThreadPoolExecutor$Worker.run(ThreadPoolExecutor.java:624)
at java.lang.Thread.run(Thread.java:748)
]]>
            </full-stacktrace>
          </exception> <!-- java.lang.Exception -->
          <reporter-output>
          </reporter-output>
        </test-method> <!-- SortBy_View -->
        <test-method status="SKIP" signature="quit()[pri:0, instance:com.dollardays.testcases.Team7DDSortByTestcase@4d49af10]" name="quit" is-config="true" duration-ms="-1602880479373" started-at="2020-10-16T16:34:39 EDT" finished-at="1969-12-31T19:00:00 EST">
          <reporter-output>
          </reporter-output>
        </test-method> <!-- quit -->
        <test-method status="SKIP" signature="setUpBrowser()[pri:0, instance:com.dollardays.testcases.Team7DDSortByTestcase@4d49af10]" name="setUpBrowser" is-config="true" duration-ms="-1602880479374" started-at="2020-10-16T16:34:39 EDT" finished-at="1969-12-31T19:00:00 EST">
          <reporter-output>
          </reporter-output>
        </test-method> <!-- setUpBrowser -->
        <test-method status="SKIP" signature="SortBy_View(java.util.Hashtable)[pri:0, instance:com.dollardays.testcases.Team7DDSortByTestcase@4d49af10]" name="SortBy_View" duration-ms="0" started-at="2020-10-16T16:34:39 EDT" data-provider="dd-dataprovider" finished-at="2020-10-16T16:34:39 EDT">
          <params>
            <param index="0">
              <value>
                <![CDATA[{SortBy=Alphabetically by Name, TestCase=SortBy with Alphabetically & View option 48, ProductName=Food, TCID=TC18, SheetName=SortBy&View, Runmode=Yes, UserName=srikanthtesting100@gmail.com, ViewBy=48, Password=cGFzc3dvcmQxMjM=}]]>
              </value>
            </param>
          </params>
          <exception class="java.lang.Exception">
            <message>
              <![CDATA[Driver Not Found]]>
            </message>
            <full-stacktrace>
              <![CDATA[java.lang.Exception: Driver Not Found
at com.dollardays.testcases.BaseTest.openBrowser(BaseTest.java:95)
at com.dollardays.testcases.BaseTest.setUpBrowser(BaseTest.java:117)
at sun.reflect.GeneratedMethodAccessor8.invoke(Unknown Source)
at sun.reflect.DelegatingMethodAccessorImpl.invoke(DelegatingMethodAccessorImpl.java:43)
at java.lang.reflect.Method.invoke(Method.java:498)
at org.testng.internal.MethodInvocationHelper.invokeMethod(MethodInvocationHelper.java:132)
at org.testng.internal.MethodInvocationHelper.invokeMethodConsideringTimeout(MethodInvocationHelper.java:61)
at org.testng.internal.ConfigInvoker.invokeConfigurationMethod(ConfigInvoker.java:366)
at org.testng.internal.ConfigInvoker.invokeConfigurations(ConfigInvoker.java:320)
at org.testng.internal.TestInvoker.runConfigMethods(TestInvoker.java:701)
at org.testng.internal.TestInvoker.invokeMethod(TestInvoker.java:527)
at org.testng.internal.TestInvoker.invokeTestMethod(TestInvoker.java:174)
at org.testng.internal.MethodRunner.runInSequence(MethodRunner.java:46)
at org.testng.internal.TestInvoker$MethodInvocationAgent.invoke(TestInvoker.java:822)
at org.testng.internal.TestInvoker.invokeTestMethods(TestInvoker.java:147)
at org.testng.internal.TestMethodWorker.invokeTestMethods(TestMethodWorker.java:146)
at org.testng.internal.TestMethodWorker.run(TestMethodWorker.java:128)
at java.util.concurrent.ThreadPoolExecutor.runWorker(ThreadPoolExecutor.java:1149)
at java.util.concurrent.ThreadPoolExecutor$Worker.run(ThreadPoolExecutor.java:624)
at java.lang.Thread.run(Thread.java:748)
]]>
            </full-stacktrace>
          </exception> <!-- java.lang.Exception -->
          <reporter-output>
          </reporter-output>
        </test-method> <!-- SortBy_View -->
        <test-method status="SKIP" signature="quit()[pri:0, instance:com.dollardays.testcases.Team7DDSortByTestcase@4d49af10]" name="quit" is-config="true" duration-ms="-1602880479383" started-at="2020-10-16T16:34:39 EDT" finished-at="1969-12-31T19:00:00 EST">
          <reporter-output>
          </reporter-output>
        </test-method> <!-- quit -->
        <test-method status="SKIP" signature="setUpBrowser()[pri:0, instance:com.dollardays.testcases.Team7DDSortByTestcase@4d49af10]" name="setUpBrowser" is-config="true" duration-ms="-1602880479385" started-at="2020-10-16T16:34:39 EDT" finished-at="1969-12-31T19:00:00 EST">
          <reporter-output>
          </reporter-output>
        </test-method> <!-- setUpBrowser -->
        <test-method status="SKIP" signature="SortBy_View(java.util.Hashtable)[pri:0, instance:com.dollardays.testcases.Team7DDSortByTestcase@4d49af10]" name="SortBy_View" duration-ms="0" started-at="2020-10-16T16:34:39 EDT" data-provider="dd-dataprovider" finished-at="2020-10-16T16:34:39 EDT">
          <params>
            <param index="0">
              <value>
                <![CDATA[{SortBy=Case Quantity, TestCase=SortBy with CaseQuantity & View option 12, ProductName=Food, TCID=TC19, SheetName=SortBy&View, Runmode=Yes, UserName=srikanthtesting100@gmail.com, ViewBy=12, Password=cGFzc3dvcmQxMjM=}]]>
              </value>
            </param>
          </params>
          <exception class="java.lang.Exception">
            <message>
              <![CDATA[Driver Not Found]]>
            </message>
            <full-stacktrace>
              <![CDATA[java.lang.Exception: Driver Not Found
at com.dollardays.testcases.BaseTest.openBrowser(BaseTest.java:95)
at com.dollardays.testcases.BaseTest.setUpBrowser(BaseTest.java:117)
at sun.reflect.GeneratedMethodAccessor8.invoke(Unknown Source)
at sun.reflect.DelegatingMethodAccessorImpl.invoke(DelegatingMethodAccessorImpl.java:43)
at java.lang.reflect.Method.invoke(Method.java:498)
at org.testng.internal.MethodInvocationHelper.invokeMethod(MethodInvocationHelper.java:132)
at org.testng.internal.MethodInvocationHelper.invokeMethodConsideringTimeout(MethodInvocationHelper.java:61)
at org.testng.internal.ConfigInvoker.invokeConfigurationMethod(ConfigInvoker.java:366)
at org.testng.internal.ConfigInvoker.invokeConfigurations(ConfigInvoker.java:320)
at org.testng.internal.TestInvoker.runConfigMethods(TestInvoker.java:701)
at org.testng.internal.TestInvoker.invokeMethod(TestInvoker.java:527)
at org.testng.internal.TestInvoker.invokeTestMethod(TestInvoker.java:174)
at org.testng.internal.MethodRunner.runInSequence(MethodRunner.java:46)
at org.testng.internal.TestInvoker$MethodInvocationAgent.invoke(TestInvoker.java:822)
at org.testng.internal.TestInvoker.invokeTestMethods(TestInvoker.java:147)
at org.testng.internal.TestMethodWorker.invokeTestMethods(TestMethodWorker.java:146)
at org.testng.internal.TestMethodWorker.run(TestMethodWorker.java:128)
at java.util.concurrent.ThreadPoolExecutor.runWorker(ThreadPoolExecutor.java:1149)
at java.util.concurrent.ThreadPoolExecutor$Worker.run(ThreadPoolExecutor.java:624)
at java.lang.Thread.run(Thread.java:748)
]]>
            </full-stacktrace>
          </exception> <!-- java.lang.Exception -->
          <reporter-output>
          </reporter-output>
        </test-method> <!-- SortBy_View -->
        <test-method status="SKIP" signature="quit()[pri:0, instance:com.dollardays.testcases.Team7DDSortByTestcase@4d49af10]" name="quit" is-config="true" duration-ms="-1602880479402" started-at="2020-10-16T16:34:39 EDT" finished-at="1969-12-31T19:00:00 EST">
          <reporter-output>
          </reporter-output>
        </test-method> <!-- quit -->
        <test-method status="SKIP" signature="setUpBrowser()[pri:0, instance:com.dollardays.testcases.Team7DDSortByTestcase@4d49af10]" name="setUpBrowser" is-config="true" duration-ms="-1602880479403" started-at="2020-10-16T16:34:39 EDT" finished-at="1969-12-31T19:00:00 EST">
          <reporter-output>
          </reporter-output>
        </test-method> <!-- setUpBrowser -->
        <test-method status="SKIP" signature="SortBy_View(java.util.Hashtable)[pri:0, instance:com.dollardays.testcases.Team7DDSortByTestcase@4d49af10]" name="SortBy_View" duration-ms="0" started-at="2020-10-16T16:34:39 EDT" data-provider="dd-dataprovider" finished-at="2020-10-16T16:34:39 EDT">
          <params>
            <param index="0">
              <value>
                <![CDATA[{SortBy=Case Quantity, TestCase=SortBy with CaseQuantity & View option 24, ProductName=Food, TCID=TC20, SheetName=SortBy&View, Runmode=Yes, UserName=srikanthtesting100@gmail.com, ViewBy=24, Password=cGFzc3dvcmQxMjM=}]]>
              </value>
            </param>
          </params>
          <exception class="java.lang.Exception">
            <message>
              <![CDATA[Driver Not Found]]>
            </message>
            <full-stacktrace>
              <![CDATA[java.lang.Exception: Driver Not Found
at com.dollardays.testcases.BaseTest.openBrowser(BaseTest.java:95)
at com.dollardays.testcases.BaseTest.setUpBrowser(BaseTest.java:117)
at sun.reflect.GeneratedMethodAccessor8.invoke(Unknown Source)
at sun.reflect.DelegatingMethodAccessorImpl.invoke(DelegatingMethodAccessorImpl.java:43)
at java.lang.reflect.Method.invoke(Method.java:498)
at org.testng.internal.MethodInvocationHelper.invokeMethod(MethodInvocationHelper.java:132)
at org.testng.internal.MethodInvocationHelper.invokeMethodConsideringTimeout(MethodInvocationHelper.java:61)
at org.testng.internal.ConfigInvoker.invokeConfigurationMethod(ConfigInvoker.java:366)
at org.testng.internal.ConfigInvoker.invokeConfigurations(ConfigInvoker.java:320)
at org.testng.internal.TestInvoker.runConfigMethods(TestInvoker.java:701)
at org.testng.internal.TestInvoker.invokeMethod(TestInvoker.java:527)
at org.testng.internal.TestInvoker.invokeTestMethod(TestInvoker.java:174)
at org.testng.internal.MethodRunner.runInSequence(MethodRunner.java:46)
at org.testng.internal.TestInvoker$MethodInvocationAgent.invoke(TestInvoker.java:822)
at org.testng.internal.TestInvoker.invokeTestMethods(TestInvoker.java:147)
at org.testng.internal.TestMethodWorker.invokeTestMethods(TestMethodWorker.java:146)
at org.testng.internal.TestMethodWorker.run(TestMethodWorker.java:128)
at java.util.concurrent.ThreadPoolExecutor.runWorker(ThreadPoolExecutor.java:1149)
at java.util.concurrent.ThreadPoolExecutor$Worker.run(ThreadPoolExecutor.java:624)
at java.lang.Thread.run(Thread.java:748)
]]>
            </full-stacktrace>
          </exception> <!-- java.lang.Exception -->
          <reporter-output>
          </reporter-output>
        </test-method> <!-- SortBy_View -->
        <test-method status="SKIP" signature="quit()[pri:0, instance:com.dollardays.testcases.Team7DDSortByTestcase@4d49af10]" name="quit" is-config="true" duration-ms="-1602880479407" started-at="2020-10-16T16:34:39 EDT" finished-at="1969-12-31T19:00:00 EST">
          <reporter-output>
          </reporter-output>
        </test-method> <!-- quit -->
        <test-method status="SKIP" signature="SortBy_View(java.util.Hashtable)[pri:0, instance:com.dollardays.testcases.Team7DDSortByTestcase@4d49af10]" name="SortBy_View" duration-ms="0" started-at="2020-10-16T16:34:39 EDT" data-provider="dd-dataprovider" finished-at="2020-10-16T16:34:39 EDT">
          <params>
            <param index="0">
              <value>
                <![CDATA[{SortBy=Case Quantity, TestCase=SortBy with CaseQuantity & View option 48, ProductName=Food, TCID=TC21, SheetName=SortBy&View, Runmode=Yes, UserName=srikanthtesting100@gmail.com, ViewBy=48, Password=cGFzc3dvcmQxMjM=}]]>
              </value>
            </param>
          </params>
          <exception class="java.lang.Exception">
            <message>
              <![CDATA[Driver Not Found]]>
            </message>
            <full-stacktrace>
              <![CDATA[java.lang.Exception: Driver Not Found
at com.dollardays.testcases.BaseTest.openBrowser(BaseTest.java:95)
at com.dollardays.testcases.BaseTest.setUpBrowser(BaseTest.java:117)
at sun.reflect.GeneratedMethodAccessor8.invoke(Unknown Source)
at sun.reflect.DelegatingMethodAccessorImpl.invoke(DelegatingMethodAccessorImpl.java:43)
at java.lang.reflect.Method.invoke(Method.java:498)
at org.testng.internal.MethodInvocationHelper.invokeMethod(MethodInvocationHelper.java:132)
at org.testng.internal.MethodInvocationHelper.invokeMethodConsideringTimeout(MethodInvocationHelper.java:61)
at org.testng.internal.ConfigInvoker.invokeConfigurationMethod(ConfigInvoker.java:366)
at org.testng.internal.ConfigInvoker.invokeConfigurations(ConfigInvoker.java:320)
at org.testng.internal.TestInvoker.runConfigMethods(TestInvoker.java:701)
at org.testng.internal.TestInvoker.invokeMethod(TestInvoker.java:527)
at org.testng.internal.TestInvoker.invokeTestMethod(TestInvoker.java:174)
at org.testng.internal.MethodRunner.runInSequence(MethodRunner.java:46)
at org.testng.internal.TestInvoker$MethodInvocationAgent.invoke(TestInvoker.java:822)
at org.testng.internal.TestInvoker.invokeTestMethods(TestInvoker.java:147)
at org.testng.internal.TestMethodWorker.invokeTestMethods(TestMethodWorker.java:146)
at org.testng.internal.TestMethodWorker.run(TestMethodWorker.java:128)
at java.util.concurrent.ThreadPoolExecutor.runWorker(ThreadPoolExecutor.java:1149)
at java.util.concurrent.ThreadPoolExecutor$Worker.run(ThreadPoolExecutor.java:624)
at java.lang.Thread.run(Thread.java:748)
]]>
            </full-stacktrace>
          </exception> <!-- java.lang.Exception -->
          <reporter-output>
          </reporter-output>
        </test-method> <!-- SortBy_View -->
        <test-method status="SKIP" signature="setUpBrowser()[pri:0, instance:com.dollardays.testcases.Team7DDSortByTestcase@4d49af10]" name="setUpBrowser" is-config="true" duration-ms="-1602880479408" started-at="2020-10-16T16:34:39 EDT" finished-at="1969-12-31T19:00:00 EST">
          <reporter-output>
          </reporter-output>
        </test-method> <!-- setUpBrowser -->
        <test-method status="SKIP" signature="quit()[pri:0, instance:com.dollardays.testcases.Team7DDSortByTestcase@4d49af10]" name="quit" is-config="true" duration-ms="-1602880479415" started-at="2020-10-16T16:34:39 EDT" finished-at="1969-12-31T19:00:00 EST">
          <reporter-output>
          </reporter-output>
        </test-method> <!-- quit -->
        <test-method status="SKIP" signature="afterClass()[pri:0, instance:com.dollardays.testcases.Team7DDSortByTestcase@4d49af10]" name="afterClass" is-config="true" duration-ms="-1602880479416" started-at="2020-10-16T16:34:39 EDT" finished-at="1969-12-31T19:00:00 EST">
          <reporter-output>
          </reporter-output>
        </test-method> <!-- afterClass -->
      </class> <!-- com.dollardays.testcases.Team7DDSortByTestcase -->
      <class name="com.dollardays.testcases.Team7DDSearchBarTestCase">
        <test-method status="PASS" signature="beforeClass()[pri:0, instance:com.dollardays.testcases.Team7DDSearchBarTestCase@345965f2]" name="beforeClass" is-config="true" duration-ms="13" started-at="2020-10-16T16:27:51 EDT" finished-at="2020-10-16T16:27:51 EDT">
          <reporter-output>
          </reporter-output>
        </test-method> <!-- beforeClass -->
        <test-method status="PASS" signature="setUpBrowser()[pri:0, instance:com.dollardays.testcases.Team7DDSearchBarTestCase@345965f2]" name="setUpBrowser" is-config="true" duration-ms="23066" started-at="2020-10-16T16:27:51 EDT" finished-at="2020-10-16T16:28:14 EDT">
          <reporter-output>
          </reporter-output>
        </test-method> <!-- setUpBrowser -->
        <test-method status="FAIL" signature="SearchWithInvalidDta(java.util.Hashtable)[pri:0, instance:com.dollardays.testcases.Team7DDSearchBarTestCase@345965f2]" name="SearchWithInvalidDta" duration-ms="1148" started-at="2020-10-16T16:28:14 EDT" data-provider="dd-dataprovider" finished-at="2020-10-16T16:28:16 EDT">
          <params>
            <param index="0">
              <value>
                <![CDATA[{TestCase=InValid ProductName, Password=cGFzc3dvcmQxMjM=, Runmode=No, SheetName=SearchBar, UserName=srikanthtesting100@gmail.com, TCID=TC7, ProductName=djhksjdh}]]>
              </value>
            </param>
          </params>
          <exception class="org.openqa.selenium.ElementNotVisibleException">
            <message>
              <![CDATA[element not interactable
  (Session info: chrome=86.0.4240.75)
  (Driver info: chromedriver=86.0.4240.22 (398b0743353ff36fb1b82468f63a3a93b4e2e89e-refs/branch-heads/4240@{#378}),platform=Windows NT 10.0.18362 x86_64) (WARNING: The server did not provide any stacktrace information)
Command duration or timeout: 23 milliseconds
Build info: version: '2.53.1', revision: 'a36b8b1cd5757287168e54b817830adce9b0158d', time: '2016-06-30 19:26:09'
System info: host: 'MININT-UM25UFB', ip: '10.0.75.1', os.name: 'Windows 10', os.arch: 'amd64', os.version: '10.0', java.version: '1.8.0_261'
Driver info: org.openqa.selenium.chrome.ChromeDriver
Capabilities [{mobileEmulationEnabled=false, timeouts={implicit=0, pageLoad=300000, script=30000}, hasTouchScreen=false, platform=XP, acceptSslCerts=false, goog:chromeOptions={debuggerAddress=localhost:57151}, acceptInsecureCerts=false, webStorageEnabled=true, browserName=chrome, takesScreenshot=true, javascriptEnabled=true, setWindowRect=true, unexpectedAlertBehaviour=ignore, applicationCacheEnabled=false, rotatable=false, networkConnectionEnabled=false, chrome={chromedriverVersion=86.0.4240.22 (398b0743353ff36fb1b82468f63a3a93b4e2e89e-refs/branch-heads/4240@{#378}), userDataDir=C:\Users\Rajesh\AppData\Local\Temp\scoped_dir8140_1400081495}, takesHeapSnapshot=true, pageLoadStrategy=normal, strictFileInteractability=false, databaseEnabled=false, handlesAlerts=true, version=86.0.4240.75, browserConnectionEnabled=false, proxy={}, nativeEvents=true, locationContextEnabled=true, cssSelectorsEnabled=true, webauthn:virtualAuthenticators=true}]
Session ID: eb5d261204d05f0cc7d5cbd64a1c1172]]>
            </message>
            <full-stacktrace>
              <![CDATA[org.openqa.selenium.ElementNotVisibleException: element not interactable
  (Session info: chrome=86.0.4240.75)
  (Driver info: chromedriver=86.0.4240.22 (398b0743353ff36fb1b82468f63a3a93b4e2e89e-refs/branch-heads/4240@{#378}),platform=Windows NT 10.0.18362 x86_64) (WARNING: The server did not provide any stacktrace information)
Command duration or timeout: 23 milliseconds
Build info: version: '2.53.1', revision: 'a36b8b1cd5757287168e54b817830adce9b0158d', time: '2016-06-30 19:26:09'
System info: host: 'MININT-UM25UFB', ip: '10.0.75.1', os.name: 'Windows 10', os.arch: 'amd64', os.version: '10.0', java.version: '1.8.0_261'
Driver info: org.openqa.selenium.chrome.ChromeDriver
Capabilities [{mobileEmulationEnabled=false, timeouts={implicit=0, pageLoad=300000, script=30000}, hasTouchScreen=false, platform=XP, acceptSslCerts=false, goog:chromeOptions={debuggerAddress=localhost:57151}, acceptInsecureCerts=false, webStorageEnabled=true, browserName=chrome, takesScreenshot=true, javascriptEnabled=true, setWindowRect=true, unexpectedAlertBehaviour=ignore, applicationCacheEnabled=false, rotatable=false, networkConnectionEnabled=false, chrome={chromedriverVersion=86.0.4240.22 (398b0743353ff36fb1b82468f63a3a93b4e2e89e-refs/branch-heads/4240@{#378}), userDataDir=C:\Users\Rajesh\AppData\Local\Temp\scoped_dir8140_1400081495}, takesHeapSnapshot=true, pageLoadStrategy=normal, strictFileInteractability=false, databaseEnabled=false, handlesAlerts=true, version=86.0.4240.75, browserConnectionEnabled=false, proxy={}, nativeEvents=true, locationContextEnabled=true, cssSelectorsEnabled=true, webauthn:virtualAuthenticators=true}]
Session ID: eb5d261204d05f0cc7d5cbd64a1c1172
at sun.reflect.NativeConstructorAccessorImpl.newInstance0(Native Method)
at sun.reflect.NativeConstructorAccessorImpl.newInstance(NativeConstructorAccessorImpl.java:62)
at sun.reflect.DelegatingConstructorAccessorImpl.newInstance(DelegatingConstructorAccessorImpl.java:45)
at java.lang.reflect.Constructor.newInstance(Constructor.java:423)
at org.openqa.selenium.remote.ErrorHandler.createThrowable(ErrorHandler.java:206)
at org.openqa.selenium.remote.ErrorHandler.throwIfResponseFailed(ErrorHandler.java:158)
at org.openqa.selenium.remote.RemoteWebDriver.execute(RemoteWebDriver.java:678)
at org.openqa.selenium.remote.RemoteWebElement.execute(RemoteWebElement.java:327)
at org.openqa.selenium.remote.RemoteWebElement.click(RemoteWebElement.java:85)
at sun.reflect.NativeMethodAccessorImpl.invoke0(Native Method)
at sun.reflect.NativeMethodAccessorImpl.invoke(NativeMethodAccessorImpl.java:62)
at sun.reflect.DelegatingMethodAccessorImpl.invoke(DelegatingMethodAccessorImpl.java:43)
at java.lang.reflect.Method.invoke(Method.java:498)
at org.openqa.selenium.support.pagefactory.internal.LocatingElementHandler.invoke(LocatingElementHandler.java:51)
at com.sun.proxy.$Proxy11.click(Unknown Source)
at com.dollardays.pages.LoginPage.login(LoginPage.java:77)
at com.dollardays.testcases.Team7DDSearchBarTestCase.SearchWithInvalidDta(Team7DDSearchBarTestCase.java:62)
at sun.reflect.NativeMethodAccessorImpl.invoke0(Native Method)
at sun.reflect.NativeMethodAccessorImpl.invoke(NativeMethodAccessorImpl.java:62)
at sun.reflect.DelegatingMethodAccessorImpl.invoke(DelegatingMethodAccessorImpl.java:43)
at java.lang.reflect.Method.invoke(Method.java:498)
at org.testng.internal.MethodInvocationHelper.invokeMethod(MethodInvocationHelper.java:132)
at org.testng.internal.TestInvoker.invokeMethod(TestInvoker.java:599)
at org.testng.internal.TestInvoker.invokeTestMethod(TestInvoker.java:174)
at org.testng.internal.MethodRunner.runInSequence(MethodRunner.java:46)
at org.testng.internal.TestInvoker$MethodInvocationAgent.invoke(TestInvoker.java:822)
at org.testng.internal.TestInvoker.invokeTestMethods(TestInvoker.java:147)
at org.testng.internal.TestMethodWorker.invokeTestMethods(TestMethodWorker.java:146)
at org.testng.internal.TestMethodWorker.run(TestMethodWorker.java:128)
at java.util.concurrent.ThreadPoolExecutor.runWorker(ThreadPoolExecutor.java:1149)
at java.util.concurrent.ThreadPoolExecutor$Worker.run(ThreadPoolExecutor.java:624)
at java.lang.Thread.run(Thread.java:748)
]]>
            </full-stacktrace>
          </exception> <!-- org.openqa.selenium.ElementNotVisibleException -->
          <reporter-output>
          </reporter-output>
        </test-method> <!-- SearchWithInvalidDta -->
        <test-method status="PASS" signature="quit()[pri:0, instance:com.dollardays.testcases.Team7DDSearchBarTestCase@345965f2]" name="quit" is-config="true" duration-ms="1636" started-at="2020-10-16T16:28:16 EDT" finished-at="2020-10-16T16:28:17 EDT">
          <reporter-output>
          </reporter-output>
        </test-method> <!-- quit -->
        <test-method status="PASS" signature="setUpBrowser()[pri:0, instance:com.dollardays.testcases.Team7DDSearchBarTestCase@345965f2]" name="setUpBrowser" is-config="true" duration-ms="12902" started-at="2020-10-16T16:28:17 EDT" finished-at="2020-10-16T16:28:30 EDT">
          <reporter-output>
          </reporter-output>
        </test-method> <!-- setUpBrowser -->
        <test-method status="FAIL" signature="SearchWithProductname(java.util.Hashtable)[pri:0, instance:com.dollardays.testcases.Team7DDSearchBarTestCase@345965f2]" name="SearchWithProductname" duration-ms="7143" started-at="2020-10-16T16:28:30 EDT" data-provider="dd-dataprovider" finished-at="2020-10-16T16:28:37 EDT">
          <params>
            <param index="0">
              <value>
                <![CDATA[{TestCase=Valid ProductName, Password=cGFzc3dvcmQxMjM=, Runmode=Yes, SheetName=SearchBar, UserName=srikanthtesting100@gmail.com, TCID=TC1, ProductName=Backpack}]]>
              </value>
            </param>
          </params>
          <exception class="java.lang.AssertionError">
            <message>
              <![CDATA[ Successfully Logged into the HomePage expected [DollarDays | Bulk Goods for Nonprofits, Businesses & Schools | Wholesale Products] but found [Login or Register - DollarDays]]]>
            </message>
            <full-stacktrace>
              <![CDATA[java.lang.AssertionError:  Successfully Logged into the HomePage expected [DollarDays | Bulk Goods for Nonprofits, Businesses & Schools | Wholesale Products] but found [Login or Register - DollarDays]
at org.testng.Assert.fail(Assert.java:99)
at org.testng.Assert.failNotEquals(Assert.java:1037)
at org.testng.Assert.assertEqualsImpl(Assert.java:140)
at org.testng.Assert.assertEquals(Assert.java:122)
at org.testng.Assert.assertEquals(Assert.java:629)
at com.dollardays.pages.LoginPage.login(LoginPage.java:85)
at com.dollardays.testcases.Team7DDSearchBarTestCase.SearchWithProductname(Team7DDSearchBarTestCase.java:32)
at sun.reflect.NativeMethodAccessorImpl.invoke0(Native Method)
at sun.reflect.NativeMethodAccessorImpl.invoke(NativeMethodAccessorImpl.java:62)
at sun.reflect.DelegatingMethodAccessorImpl.invoke(DelegatingMethodAccessorImpl.java:43)
at java.lang.reflect.Method.invoke(Method.java:498)
at org.testng.internal.MethodInvocationHelper.invokeMethod(MethodInvocationHelper.java:132)
at org.testng.internal.TestInvoker.invokeMethod(TestInvoker.java:599)
at org.testng.internal.TestInvoker.invokeTestMethod(TestInvoker.java:174)
at org.testng.internal.MethodRunner.runInSequence(MethodRunner.java:46)
at org.testng.internal.TestInvoker$MethodInvocationAgent.invoke(TestInvoker.java:822)
at org.testng.internal.TestInvoker.invokeTestMethods(TestInvoker.java:147)
at org.testng.internal.TestMethodWorker.invokeTestMethods(TestMethodWorker.java:146)
at org.testng.internal.TestMethodWorker.run(TestMethodWorker.java:128)
at java.util.concurrent.ThreadPoolExecutor.runWorker(ThreadPoolExecutor.java:1149)
at java.util.concurrent.ThreadPoolExecutor$Worker.run(ThreadPoolExecutor.java:624)
at java.lang.Thread.run(Thread.java:748)
]]>
            </full-stacktrace>
          </exception> <!-- java.lang.AssertionError -->
          <reporter-output>
          </reporter-output>
        </test-method> <!-- SearchWithProductname -->
        <test-method status="PASS" signature="quit()[pri:0, instance:com.dollardays.testcases.Team7DDSearchBarTestCase@345965f2]" name="quit" is-config="true" duration-ms="1108" started-at="2020-10-16T16:28:37 EDT" finished-at="2020-10-16T16:28:39 EDT">
          <reporter-output>
          </reporter-output>
        </test-method> <!-- quit -->
        <test-method status="PASS" signature="setUpBrowser()[pri:0, instance:com.dollardays.testcases.Team7DDSearchBarTestCase@345965f2]" name="setUpBrowser" is-config="true" duration-ms="10386" started-at="2020-10-16T16:28:39 EDT" finished-at="2020-10-16T16:28:49 EDT">
          <reporter-output>
          </reporter-output>
        </test-method> <!-- setUpBrowser -->
        <test-method status="PASS" signature="SearchWithProductname(java.util.Hashtable)[pri:0, instance:com.dollardays.testcases.Team7DDSearchBarTestCase@345965f2]" name="SearchWithProductname" duration-ms="15517" started-at="2020-10-16T16:28:49 EDT" data-provider="dd-dataprovider" finished-at="2020-10-16T16:29:04 EDT">
          <params>
            <param index="0">
              <value>
                <![CDATA[{TestCase=ValidProductname with Case Sensitive, Password=cGFzc3dvcmQxMjM=, Runmode=Yes, SheetName=SearchBar, UserName=srikanthtesting100@gmail.com, TCID=TC2, ProductName=FoOd}]]>
              </value>
            </param>
          </params>
          <reporter-output>
          </reporter-output>
        </test-method> <!-- SearchWithProductname -->
        <test-method status="PASS" signature="quit()[pri:0, instance:com.dollardays.testcases.Team7DDSearchBarTestCase@345965f2]" name="quit" is-config="true" duration-ms="969" started-at="2020-10-16T16:29:04 EDT" finished-at="2020-10-16T16:29:05 EDT">
          <reporter-output>
          </reporter-output>
        </test-method> <!-- quit -->
        <test-method status="PASS" signature="setUpBrowser()[pri:0, instance:com.dollardays.testcases.Team7DDSearchBarTestCase@345965f2]" name="setUpBrowser" is-config="true" duration-ms="9460" started-at="2020-10-16T16:29:05 EDT" finished-at="2020-10-16T16:29:15 EDT">
          <reporter-output>
          </reporter-output>
        </test-method> <!-- setUpBrowser -->
        <test-method status="PASS" signature="SearchWithProductname(java.util.Hashtable)[pri:0, instance:com.dollardays.testcases.Team7DDSearchBarTestCase@345965f2]" name="SearchWithProductname" duration-ms="13592" started-at="2020-10-16T16:29:15 EDT" data-provider="dd-dataprovider" finished-at="2020-10-16T16:29:28 EDT">
          <params>
            <param index="0">
              <value>
                <![CDATA[{TestCase=Valid Product Name with Numerals, Password=cGFzc3dvcmQxMjM=, Runmode=Yes, SheetName=SearchBar, UserName=srikanthtesting100@gmail.com, TCID=TC3, ProductName=15"Backpack}]]>
              </value>
            </param>
          </params>
          <reporter-output>
          </reporter-output>
        </test-method> <!-- SearchWithProductname -->
        <test-method status="PASS" signature="quit()[pri:0, instance:com.dollardays.testcases.Team7DDSearchBarTestCase@345965f2]" name="quit" is-config="true" duration-ms="1355" started-at="2020-10-16T16:29:28 EDT" finished-at="2020-10-16T16:29:30 EDT">
          <reporter-output>
          </reporter-output>
        </test-method> <!-- quit -->
        <test-method status="PASS" signature="setUpBrowser()[pri:0, instance:com.dollardays.testcases.Team7DDSearchBarTestCase@345965f2]" name="setUpBrowser" is-config="true" duration-ms="8937" started-at="2020-10-16T16:29:30 EDT" finished-at="2020-10-16T16:29:39 EDT">
          <reporter-output>
          </reporter-output>
        </test-method> <!-- setUpBrowser -->
        <test-method status="PASS" signature="SearchWithProductname(java.util.Hashtable)[pri:0, instance:com.dollardays.testcases.Team7DDSearchBarTestCase@345965f2]" name="SearchWithProductname" duration-ms="15031" started-at="2020-10-16T16:29:39 EDT" data-provider="dd-dataprovider" finished-at="2020-10-16T16:29:54 EDT">
          <params>
            <param index="0">
              <value>
                <![CDATA[{TestCase=Valid Product Name with Special Characters, Password=cGFzc3dvcmQxMjM=, Runmode=Yes, SheetName=SearchBar, UserName=srikanthtesting100@gmail.com, TCID=TC4, ProductName=Pac-it fresh}]]>
              </value>
            </param>
          </params>
          <reporter-output>
          </reporter-output>
        </test-method> <!-- SearchWithProductname -->
        <test-method status="PASS" signature="quit()[pri:0, instance:com.dollardays.testcases.Team7DDSearchBarTestCase@345965f2]" name="quit" is-config="true" duration-ms="1379" started-at="2020-10-16T16:29:54 EDT" finished-at="2020-10-16T16:29:55 EDT">
          <reporter-output>
          </reporter-output>
        </test-method> <!-- quit -->
        <test-method status="PASS" signature="setUpBrowser()[pri:0, instance:com.dollardays.testcases.Team7DDSearchBarTestCase@345965f2]" name="setUpBrowser" is-config="true" duration-ms="9899" started-at="2020-10-16T16:29:55 EDT" finished-at="2020-10-16T16:30:05 EDT">
          <reporter-output>
          </reporter-output>
        </test-method> <!-- setUpBrowser -->
        <test-method status="FAIL" signature="SearchWithProductname(java.util.Hashtable)[pri:0, instance:com.dollardays.testcases.Team7DDSearchBarTestCase@345965f2]" name="SearchWithProductname" duration-ms="12326" started-at="2020-10-16T16:30:05 EDT" data-provider="dd-dataprovider" finished-at="2020-10-16T16:30:17 EDT">
          <params>
            <param index="0">
              <value>
                <![CDATA[{TestCase=Valid ProductName with Valid SKU Number, Password=cGFzc3dvcmQxMjM=, Runmode=Yes, SheetName=SearchBar, UserName=srikanthtesting100@gmail.com, TCID=TC5, ProductName=2344396}]]>
              </value>
            </param>
          </params>
          <exception class="org.openqa.selenium.NoSuchElementException">
            <message>
              <![CDATA[no such element: Unable to locate element: {"method":"xpath","selector":"//h3[contains(text(),'CATEGORY')]"}
  (Session info: chrome=86.0.4240.75)
  (Driver info: chromedriver=86.0.4240.22 (398b0743353ff36fb1b82468f63a3a93b4e2e89e-refs/branch-heads/4240@{#378}),platform=Windows NT 10.0.18362 x86_64) (WARNING: The server did not provide any stacktrace information)
Command duration or timeout: 13 milliseconds
For documentation on this error, please visit: http://seleniumhq.org/exceptions/no_such_element.html
Build info: version: '2.53.1', revision: 'a36b8b1cd5757287168e54b817830adce9b0158d', time: '2016-06-30 19:26:09'
System info: host: 'MININT-UM25UFB', ip: '10.0.75.1', os.name: 'Windows 10', os.arch: 'amd64', os.version: '10.0', java.version: '1.8.0_261'
Driver info: org.openqa.selenium.chrome.ChromeDriver
Capabilities [{mobileEmulationEnabled=false, timeouts={implicit=0, pageLoad=300000, script=30000}, hasTouchScreen=false, platform=XP, acceptSslCerts=false, goog:chromeOptions={debuggerAddress=localhost:58459}, acceptInsecureCerts=false, webStorageEnabled=true, browserName=chrome, takesScreenshot=true, javascriptEnabled=true, setWindowRect=true, unexpectedAlertBehaviour=ignore, applicationCacheEnabled=false, rotatable=false, networkConnectionEnabled=false, chrome={chromedriverVersion=86.0.4240.22 (398b0743353ff36fb1b82468f63a3a93b4e2e89e-refs/branch-heads/4240@{#378}), userDataDir=C:\Users\Rajesh\AppData\Local\Temp\scoped_dir16200_632199187}, takesHeapSnapshot=true, pageLoadStrategy=normal, strictFileInteractability=false, databaseEnabled=false, handlesAlerts=true, version=86.0.4240.75, browserConnectionEnabled=false, proxy={}, nativeEvents=true, locationContextEnabled=true, cssSelectorsEnabled=true, webauthn:virtualAuthenticators=true}]
Session ID: b4b10b3593ca7401311370a68a32fdaf
*** Element info: {Using=xpath, value=//h3[contains(text(),'CATEGORY')]}]]>
            </message>
            <full-stacktrace>
              <![CDATA[org.openqa.selenium.NoSuchElementException: no such element: Unable to locate element: {"method":"xpath","selector":"//h3[contains(text(),'CATEGORY')]"}
  (Session info: chrome=86.0.4240.75)
  (Driver info: chromedriver=86.0.4240.22 (398b0743353ff36fb1b82468f63a3a93b4e2e89e-refs/branch-heads/4240@{#378}),platform=Windows NT 10.0.18362 x86_64) (WARNING: The server did not provide any stacktrace information)
Command duration or timeout: 13 milliseconds
For documentation on this error, please visit: http://seleniumhq.org/exceptions/no_such_element.html
Build info: version: '2.53.1', revision: 'a36b8b1cd5757287168e54b817830adce9b0158d', time: '2016-06-30 19:26:09'
System info: host: 'MININT-UM25UFB', ip: '10.0.75.1', os.name: 'Windows 10', os.arch: 'amd64', os.version: '10.0', java.version: '1.8.0_261'
Driver info: org.openqa.selenium.chrome.ChromeDriver
Capabilities [{mobileEmulationEnabled=false, timeouts={implicit=0, pageLoad=300000, script=30000}, hasTouchScreen=false, platform=XP, acceptSslCerts=false, goog:chromeOptions={debuggerAddress=localhost:58459}, acceptInsecureCerts=false, webStorageEnabled=true, browserName=chrome, takesScreenshot=true, javascriptEnabled=true, setWindowRect=true, unexpectedAlertBehaviour=ignore, applicationCacheEnabled=false, rotatable=false, networkConnectionEnabled=false, chrome={chromedriverVersion=86.0.4240.22 (398b0743353ff36fb1b82468f63a3a93b4e2e89e-refs/branch-heads/4240@{#378}), userDataDir=C:\Users\Rajesh\AppData\Local\Temp\scoped_dir16200_632199187}, takesHeapSnapshot=true, pageLoadStrategy=normal, strictFileInteractability=false, databaseEnabled=false, handlesAlerts=true, version=86.0.4240.75, browserConnectionEnabled=false, proxy={}, nativeEvents=true, locationContextEnabled=true, cssSelectorsEnabled=true, webauthn:virtualAuthenticators=true}]
Session ID: b4b10b3593ca7401311370a68a32fdaf
*** Element info: {Using=xpath, value=//h3[contains(text(),'CATEGORY')]}
at sun.reflect.NativeConstructorAccessorImpl.newInstance0(Native Method)
at sun.reflect.NativeConstructorAccessorImpl.newInstance(NativeConstructorAccessorImpl.java:62)
at sun.reflect.DelegatingConstructorAccessorImpl.newInstance(DelegatingConstructorAccessorImpl.java:45)
at java.lang.reflect.Constructor.newInstance(Constructor.java:423)
at org.openqa.selenium.remote.ErrorHandler.createThrowable(ErrorHandler.java:206)
at org.openqa.selenium.remote.ErrorHandler.throwIfResponseFailed(ErrorHandler.java:158)
at org.openqa.selenium.remote.RemoteWebDriver.execute(RemoteWebDriver.java:678)
at org.openqa.selenium.remote.RemoteWebDriver.findElement(RemoteWebDriver.java:363)
at org.openqa.selenium.remote.RemoteWebDriver.findElementByXPath(RemoteWebDriver.java:500)
at org.openqa.selenium.By$ByXPath.findElement(By.java:361)
at org.openqa.selenium.remote.RemoteWebDriver.findElement(RemoteWebDriver.java:355)
at org.openqa.selenium.support.pagefactory.DefaultElementLocator.findElement(DefaultElementLocator.java:69)
at org.openqa.selenium.support.pagefactory.internal.LocatingElementHandler.invoke(LocatingElementHandler.java:38)
at com.sun.proxy.$Proxy11.getText(Unknown Source)
at com.dollardays.pages.Team7DDSearchPage.CategoryCountValue(Team7DDSearchPage.java:121)
at com.dollardays.testcases.Team7DDSearchBarTestCase.SearchWithProductname(Team7DDSearchBarTestCase.java:47)
at sun.reflect.NativeMethodAccessorImpl.invoke0(Native Method)
at sun.reflect.NativeMethodAccessorImpl.invoke(NativeMethodAccessorImpl.java:62)
at sun.reflect.DelegatingMethodAccessorImpl.invoke(DelegatingMethodAccessorImpl.java:43)
at java.lang.reflect.Method.invoke(Method.java:498)
at org.testng.internal.MethodInvocationHelper.invokeMethod(MethodInvocationHelper.java:132)
at org.testng.internal.TestInvoker.invokeMethod(TestInvoker.java:599)
at org.testng.internal.TestInvoker.invokeTestMethod(TestInvoker.java:174)
at org.testng.internal.MethodRunner.runInSequence(MethodRunner.java:46)
at org.testng.internal.TestInvoker$MethodInvocationAgent.invoke(TestInvoker.java:822)
at org.testng.internal.TestInvoker.invokeTestMethods(TestInvoker.java:147)
at org.testng.internal.TestMethodWorker.invokeTestMethods(TestMethodWorker.java:146)
at org.testng.internal.TestMethodWorker.run(TestMethodWorker.java:128)
at java.util.concurrent.ThreadPoolExecutor.runWorker(ThreadPoolExecutor.java:1149)
at java.util.concurrent.ThreadPoolExecutor$Worker.run(ThreadPoolExecutor.java:624)
at java.lang.Thread.run(Thread.java:748)
]]>
            </full-stacktrace>
          </exception> <!-- org.openqa.selenium.NoSuchElementException -->
          <reporter-output>
          </reporter-output>
        </test-method> <!-- SearchWithProductname -->
        <test-method status="PASS" signature="quit()[pri:0, instance:com.dollardays.testcases.Team7DDSearchBarTestCase@345965f2]" name="quit" is-config="true" duration-ms="813" started-at="2020-10-16T16:30:17 EDT" finished-at="2020-10-16T16:30:18 EDT">
          <reporter-output>
          </reporter-output>
        </test-method> <!-- quit -->
        <test-method status="PASS" signature="setUpBrowser()[pri:0, instance:com.dollardays.testcases.Team7DDSearchBarTestCase@345965f2]" name="setUpBrowser" is-config="true" duration-ms="9259" started-at="2020-10-16T16:30:18 EDT" finished-at="2020-10-16T16:30:27 EDT">
          <reporter-output>
          </reporter-output>
        </test-method> <!-- setUpBrowser -->
        <test-method status="PASS" signature="SearchWithProductname(java.util.Hashtable)[pri:0, instance:com.dollardays.testcases.Team7DDSearchBarTestCase@345965f2]" name="SearchWithProductname" duration-ms="11248" started-at="2020-10-16T16:30:27 EDT" data-provider="dd-dataprovider" finished-at="2020-10-16T16:30:39 EDT">
          <params>
            <param index="0">
              <value>
                <![CDATA[{TestCase=Valid ProductName with WildCharacters, Password=cGFzc3dvcmQxMjM=, Runmode=Yes, SheetName=SearchBar, UserName=srikanthtesting100@gmail.com, TCID=TC6, ProductName=Fo%}]]>
              </value>
            </param>
          </params>
          <reporter-output>
          </reporter-output>
        </test-method> <!-- SearchWithProductname -->
        <test-method status="PASS" signature="quit()[pri:0, instance:com.dollardays.testcases.Team7DDSearchBarTestCase@345965f2]" name="quit" is-config="true" duration-ms="1075" started-at="2020-10-16T16:30:39 EDT" finished-at="2020-10-16T16:30:40 EDT">
          <reporter-output>
          </reporter-output>
        </test-method> <!-- quit -->
        <test-method status="PASS" signature="afterClass()[pri:0, instance:com.dollardays.testcases.Team7DDSearchBarTestCase@345965f2]" name="afterClass" is-config="true" duration-ms="0" started-at="2020-10-16T16:30:40 EDT" finished-at="2020-10-16T16:30:40 EDT">
          <reporter-output>
          </reporter-output>
        </test-method> <!-- afterClass -->
      </class> <!-- com.dollardays.testcases.Team7DDSearchBarTestCase -->
      <class name="com.dollardays.testcases.Team7DDSearchBarNoLoginTestCase">
        <test-method status="PASS" signature="beforeClass()[pri:0, instance:com.dollardays.testcases.Team7DDSearchBarNoLoginTestCase@429bd883]" name="beforeClass" is-config="true" duration-ms="13" started-at="2020-10-16T16:27:51 EDT" finished-at="2020-10-16T16:27:51 EDT">
          <reporter-output>
          </reporter-output>
        </test-method> <!-- beforeClass -->
        <test-method status="PASS" signature="setUpBrowser()[pri:0, instance:com.dollardays.testcases.Team7DDSearchBarNoLoginTestCase@429bd883]" name="setUpBrowser" is-config="true" duration-ms="22205" started-at="2020-10-16T16:27:51 EDT" finished-at="2020-10-16T16:28:14 EDT">
          <reporter-output>
          </reporter-output>
        </test-method> <!-- setUpBrowser -->
        <test-method status="PASS" signature="SearchWithInvalidDta(java.util.Hashtable)[pri:0, instance:com.dollardays.testcases.Team7DDSearchBarNoLoginTestCase@429bd883]" name="SearchWithInvalidDta" duration-ms="5622" started-at="2020-10-16T16:28:14 EDT" data-provider="dd-dataprovider" finished-at="2020-10-16T16:28:19 EDT">
          <params>
            <param index="0">
              <value>
                <![CDATA[{TestCase=InValid ProductName, Password=cGFzc3dvcmQxMjM=, Runmode=No, SheetName=SearchBar, UserName=srikanthtesting100@gmail.com, TCID=TC7, ProductName=djhksjdh}]]>
              </value>
            </param>
          </params>
          <reporter-output>
          </reporter-output>
        </test-method> <!-- SearchWithInvalidDta -->
        <test-method status="PASS" signature="quit()[pri:0, instance:com.dollardays.testcases.Team7DDSearchBarNoLoginTestCase@429bd883]" name="quit" is-config="true" duration-ms="1102" started-at="2020-10-16T16:28:19 EDT" finished-at="2020-10-16T16:28:20 EDT">
          <reporter-output>
          </reporter-output>
        </test-method> <!-- quit -->
        <test-method status="PASS" signature="setUpBrowser()[pri:0, instance:com.dollardays.testcases.Team7DDSearchBarNoLoginTestCase@429bd883]" name="setUpBrowser" is-config="true" duration-ms="10287" started-at="2020-10-16T16:28:20 EDT" finished-at="2020-10-16T16:28:31 EDT">
          <reporter-output>
          </reporter-output>
        </test-method> <!-- setUpBrowser -->
        <test-method status="PASS" signature="SearchWithProductname(java.util.Hashtable)[pri:0, instance:com.dollardays.testcases.Team7DDSearchBarNoLoginTestCase@429bd883]" name="SearchWithProductname" duration-ms="6738" started-at="2020-10-16T16:28:31 EDT" data-provider="dd-dataprovider" finished-at="2020-10-16T16:28:37 EDT">
          <params>
            <param index="0">
              <value>
                <![CDATA[{TestCase=Valid ProductName, Password=cGFzc3dvcmQxMjM=, Runmode=Yes, SheetName=SearchBar, UserName=srikanthtesting100@gmail.com, TCID=TC1, ProductName=Backpack}]]>
              </value>
            </param>
          </params>
          <reporter-output>
          </reporter-output>
        </test-method> <!-- SearchWithProductname -->
        <test-method status="PASS" signature="quit()[pri:0, instance:com.dollardays.testcases.Team7DDSearchBarNoLoginTestCase@429bd883]" name="quit" is-config="true" duration-ms="1062" started-at="2020-10-16T16:28:37 EDT" finished-at="2020-10-16T16:28:38 EDT">
          <reporter-output>
          </reporter-output>
        </test-method> <!-- quit -->
        <test-method status="PASS" signature="setUpBrowser()[pri:0, instance:com.dollardays.testcases.Team7DDSearchBarNoLoginTestCase@429bd883]" name="setUpBrowser" is-config="true" duration-ms="11094" started-at="2020-10-16T16:28:38 EDT" finished-at="2020-10-16T16:28:50 EDT">
          <reporter-output>
          </reporter-output>
        </test-method> <!-- setUpBrowser -->
        <test-method status="PASS" signature="SearchWithProductname(java.util.Hashtable)[pri:0, instance:com.dollardays.testcases.Team7DDSearchBarNoLoginTestCase@429bd883]" name="SearchWithProductname" duration-ms="6258" started-at="2020-10-16T16:28:50 EDT" data-provider="dd-dataprovider" finished-at="2020-10-16T16:28:56 EDT">
          <params>
            <param index="0">
              <value>
                <![CDATA[{TestCase=ValidProductname with Case Sensitive, Password=cGFzc3dvcmQxMjM=, Runmode=Yes, SheetName=SearchBar, UserName=srikanthtesting100@gmail.com, TCID=TC2, ProductName=FoOd}]]>
              </value>
            </param>
          </params>
          <reporter-output>
          </reporter-output>
        </test-method> <!-- SearchWithProductname -->
        <test-method status="PASS" signature="quit()[pri:0, instance:com.dollardays.testcases.Team7DDSearchBarNoLoginTestCase@429bd883]" name="quit" is-config="true" duration-ms="2258" started-at="2020-10-16T16:28:56 EDT" finished-at="2020-10-16T16:28:58 EDT">
          <reporter-output>
          </reporter-output>
        </test-method> <!-- quit -->
        <test-method status="PASS" signature="setUpBrowser()[pri:0, instance:com.dollardays.testcases.Team7DDSearchBarNoLoginTestCase@429bd883]" name="setUpBrowser" is-config="true" duration-ms="9978" started-at="2020-10-16T16:28:58 EDT" finished-at="2020-10-16T16:29:08 EDT">
          <reporter-output>
          </reporter-output>
        </test-method> <!-- setUpBrowser -->
        <test-method status="PASS" signature="SearchWithProductname(java.util.Hashtable)[pri:0, instance:com.dollardays.testcases.Team7DDSearchBarNoLoginTestCase@429bd883]" name="SearchWithProductname" duration-ms="4908" started-at="2020-10-16T16:29:08 EDT" data-provider="dd-dataprovider" finished-at="2020-10-16T16:29:13 EDT">
          <params>
            <param index="0">
              <value>
                <![CDATA[{TestCase=Valid Product Name with Numerals, Password=cGFzc3dvcmQxMjM=, Runmode=Yes, SheetName=SearchBar, UserName=srikanthtesting100@gmail.com, TCID=TC3, ProductName=15"Backpack}]]>
              </value>
            </param>
          </params>
          <reporter-output>
          </reporter-output>
        </test-method> <!-- SearchWithProductname -->
        <test-method status="PASS" signature="quit()[pri:0, instance:com.dollardays.testcases.Team7DDSearchBarNoLoginTestCase@429bd883]" name="quit" is-config="true" duration-ms="1486" started-at="2020-10-16T16:29:13 EDT" finished-at="2020-10-16T16:29:14 EDT">
          <reporter-output>
          </reporter-output>
        </test-method> <!-- quit -->
        <test-method status="PASS" signature="setUpBrowser()[pri:0, instance:com.dollardays.testcases.Team7DDSearchBarNoLoginTestCase@429bd883]" name="setUpBrowser" is-config="true" duration-ms="9703" started-at="2020-10-16T16:29:14 EDT" finished-at="2020-10-16T16:29:24 EDT">
          <reporter-output>
          </reporter-output>
        </test-method> <!-- setUpBrowser -->
        <test-method status="PASS" signature="SearchWithProductname(java.util.Hashtable)[pri:0, instance:com.dollardays.testcases.Team7DDSearchBarNoLoginTestCase@429bd883]" name="SearchWithProductname" duration-ms="6858" started-at="2020-10-16T16:29:24 EDT" data-provider="dd-dataprovider" finished-at="2020-10-16T16:29:31 EDT">
          <params>
            <param index="0">
              <value>
                <![CDATA[{TestCase=Valid Product Name with Special Characters, Password=cGFzc3dvcmQxMjM=, Runmode=Yes, SheetName=SearchBar, UserName=srikanthtesting100@gmail.com, TCID=TC4, ProductName=Pac-it fresh}]]>
              </value>
            </param>
          </params>
          <reporter-output>
          </reporter-output>
        </test-method> <!-- SearchWithProductname -->
        <test-method status="PASS" signature="quit()[pri:0, instance:com.dollardays.testcases.Team7DDSearchBarNoLoginTestCase@429bd883]" name="quit" is-config="true" duration-ms="874" started-at="2020-10-16T16:29:31 EDT" finished-at="2020-10-16T16:29:32 EDT">
          <reporter-output>
          </reporter-output>
        </test-method> <!-- quit -->
        <test-method status="PASS" signature="setUpBrowser()[pri:0, instance:com.dollardays.testcases.Team7DDSearchBarNoLoginTestCase@429bd883]" name="setUpBrowser" is-config="true" duration-ms="9679" started-at="2020-10-16T16:29:32 EDT" finished-at="2020-10-16T16:29:42 EDT">
          <reporter-output>
          </reporter-output>
        </test-method> <!-- setUpBrowser -->
        <test-method status="FAIL" signature="SearchWithProductname(java.util.Hashtable)[pri:0, instance:com.dollardays.testcases.Team7DDSearchBarNoLoginTestCase@429bd883]" name="SearchWithProductname" duration-ms="5303" started-at="2020-10-16T16:29:42 EDT" data-provider="dd-dataprovider" finished-at="2020-10-16T16:29:47 EDT">
          <params>
            <param index="0">
              <value>
                <![CDATA[{TestCase=Valid ProductName with Valid SKU Number, Password=cGFzc3dvcmQxMjM=, Runmode=Yes, SheetName=SearchBar, UserName=srikanthtesting100@gmail.com, TCID=TC5, ProductName=2344396}]]>
              </value>
            </param>
          </params>
          <exception class="org.openqa.selenium.NoSuchElementException">
            <message>
              <![CDATA[no such element: Unable to locate element: {"method":"xpath","selector":"//h3[contains(text(),'CATEGORY')]"}
  (Session info: chrome=86.0.4240.75)
  (Driver info: chromedriver=86.0.4240.22 (398b0743353ff36fb1b82468f63a3a93b4e2e89e-refs/branch-heads/4240@{#378}),platform=Windows NT 10.0.18362 x86_64) (WARNING: The server did not provide any stacktrace information)
Command duration or timeout: 46 milliseconds
For documentation on this error, please visit: http://seleniumhq.org/exceptions/no_such_element.html
Build info: version: '2.53.1', revision: 'a36b8b1cd5757287168e54b817830adce9b0158d', time: '2016-06-30 19:26:09'
System info: host: 'MININT-UM25UFB', ip: '10.0.75.1', os.name: 'Windows 10', os.arch: 'amd64', os.version: '10.0', java.version: '1.8.0_261'
Driver info: org.openqa.selenium.chrome.ChromeDriver
Capabilities [{mobileEmulationEnabled=false, timeouts={implicit=0, pageLoad=300000, script=30000}, hasTouchScreen=false, platform=XP, acceptSslCerts=false, goog:chromeOptions={debuggerAddress=localhost:58187}, acceptInsecureCerts=false, webStorageEnabled=true, browserName=chrome, takesScreenshot=true, javascriptEnabled=true, setWindowRect=true, unexpectedAlertBehaviour=ignore, applicationCacheEnabled=false, rotatable=false, networkConnectionEnabled=false, chrome={chromedriverVersion=86.0.4240.22 (398b0743353ff36fb1b82468f63a3a93b4e2e89e-refs/branch-heads/4240@{#378}), userDataDir=C:\Users\Rajesh\AppData\Local\Temp\scoped_dir16692_1659907404}, takesHeapSnapshot=true, pageLoadStrategy=normal, strictFileInteractability=false, databaseEnabled=false, handlesAlerts=true, version=86.0.4240.75, browserConnectionEnabled=false, proxy={}, nativeEvents=true, locationContextEnabled=true, cssSelectorsEnabled=true, webauthn:virtualAuthenticators=true}]
Session ID: 6f7ff984581de9c52a5667ffed3c21ff
*** Element info: {Using=xpath, value=//h3[contains(text(),'CATEGORY')]}]]>
            </message>
            <full-stacktrace>
              <![CDATA[org.openqa.selenium.NoSuchElementException: no such element: Unable to locate element: {"method":"xpath","selector":"//h3[contains(text(),'CATEGORY')]"}
  (Session info: chrome=86.0.4240.75)
  (Driver info: chromedriver=86.0.4240.22 (398b0743353ff36fb1b82468f63a3a93b4e2e89e-refs/branch-heads/4240@{#378}),platform=Windows NT 10.0.18362 x86_64) (WARNING: The server did not provide any stacktrace information)
Command duration or timeout: 46 milliseconds
For documentation on this error, please visit: http://seleniumhq.org/exceptions/no_such_element.html
Build info: version: '2.53.1', revision: 'a36b8b1cd5757287168e54b817830adce9b0158d', time: '2016-06-30 19:26:09'
System info: host: 'MININT-UM25UFB', ip: '10.0.75.1', os.name: 'Windows 10', os.arch: 'amd64', os.version: '10.0', java.version: '1.8.0_261'
Driver info: org.openqa.selenium.chrome.ChromeDriver
Capabilities [{mobileEmulationEnabled=false, timeouts={implicit=0, pageLoad=300000, script=30000}, hasTouchScreen=false, platform=XP, acceptSslCerts=false, goog:chromeOptions={debuggerAddress=localhost:58187}, acceptInsecureCerts=false, webStorageEnabled=true, browserName=chrome, takesScreenshot=true, javascriptEnabled=true, setWindowRect=true, unexpectedAlertBehaviour=ignore, applicationCacheEnabled=false, rotatable=false, networkConnectionEnabled=false, chrome={chromedriverVersion=86.0.4240.22 (398b0743353ff36fb1b82468f63a3a93b4e2e89e-refs/branch-heads/4240@{#378}), userDataDir=C:\Users\Rajesh\AppData\Local\Temp\scoped_dir16692_1659907404}, takesHeapSnapshot=true, pageLoadStrategy=normal, strictFileInteractability=false, databaseEnabled=false, handlesAlerts=true, version=86.0.4240.75, browserConnectionEnabled=false, proxy={}, nativeEvents=true, locationContextEnabled=true, cssSelectorsEnabled=true, webauthn:virtualAuthenticators=true}]
Session ID: 6f7ff984581de9c52a5667ffed3c21ff
*** Element info: {Using=xpath, value=//h3[contains(text(),'CATEGORY')]}
at sun.reflect.NativeConstructorAccessorImpl.newInstance0(Native Method)
at sun.reflect.NativeConstructorAccessorImpl.newInstance(NativeConstructorAccessorImpl.java:62)
at sun.reflect.DelegatingConstructorAccessorImpl.newInstance(DelegatingConstructorAccessorImpl.java:45)
at java.lang.reflect.Constructor.newInstance(Constructor.java:423)
at org.openqa.selenium.remote.ErrorHandler.createThrowable(ErrorHandler.java:206)
at org.openqa.selenium.remote.ErrorHandler.throwIfResponseFailed(ErrorHandler.java:158)
at org.openqa.selenium.remote.RemoteWebDriver.execute(RemoteWebDriver.java:678)
at org.openqa.selenium.remote.RemoteWebDriver.findElement(RemoteWebDriver.java:363)
at org.openqa.selenium.remote.RemoteWebDriver.findElementByXPath(RemoteWebDriver.java:500)
at org.openqa.selenium.By$ByXPath.findElement(By.java:361)
at org.openqa.selenium.remote.RemoteWebDriver.findElement(RemoteWebDriver.java:355)
at org.openqa.selenium.support.pagefactory.DefaultElementLocator.findElement(DefaultElementLocator.java:69)
at org.openqa.selenium.support.pagefactory.internal.LocatingElementHandler.invoke(LocatingElementHandler.java:38)
at com.sun.proxy.$Proxy11.getText(Unknown Source)
at com.dollardays.pages.Team7DDSearchPage.CategoryCountValue(Team7DDSearchPage.java:121)
at com.dollardays.testcases.Team7DDSearchBarNoLoginTestCase.SearchWithProductname(Team7DDSearchBarNoLoginTestCase.java:50)
at sun.reflect.NativeMethodAccessorImpl.invoke0(Native Method)
at sun.reflect.NativeMethodAccessorImpl.invoke(NativeMethodAccessorImpl.java:62)
at sun.reflect.DelegatingMethodAccessorImpl.invoke(DelegatingMethodAccessorImpl.java:43)
at java.lang.reflect.Method.invoke(Method.java:498)
at org.testng.internal.MethodInvocationHelper.invokeMethod(MethodInvocationHelper.java:132)
at org.testng.internal.TestInvoker.invokeMethod(TestInvoker.java:599)
at org.testng.internal.TestInvoker.invokeTestMethod(TestInvoker.java:174)
at org.testng.internal.MethodRunner.runInSequence(MethodRunner.java:46)
at org.testng.internal.TestInvoker$MethodInvocationAgent.invoke(TestInvoker.java:822)
at org.testng.internal.TestInvoker.invokeTestMethods(TestInvoker.java:147)
at org.testng.internal.TestMethodWorker.invokeTestMethods(TestMethodWorker.java:146)
at org.testng.internal.TestMethodWorker.run(TestMethodWorker.java:128)
at java.util.concurrent.ThreadPoolExecutor.runWorker(ThreadPoolExecutor.java:1149)
at java.util.concurrent.ThreadPoolExecutor$Worker.run(ThreadPoolExecutor.java:624)
at java.lang.Thread.run(Thread.java:748)
]]>
            </full-stacktrace>
          </exception> <!-- org.openqa.selenium.NoSuchElementException -->
          <reporter-output>
          </reporter-output>
        </test-method> <!-- SearchWithProductname -->
        <test-method status="PASS" signature="quit()[pri:0, instance:com.dollardays.testcases.Team7DDSearchBarNoLoginTestCase@429bd883]" name="quit" is-config="true" duration-ms="1774" started-at="2020-10-16T16:29:47 EDT" finished-at="2020-10-16T16:29:49 EDT">
          <reporter-output>
          </reporter-output>
        </test-method> <!-- quit -->
        <test-method status="PASS" signature="setUpBrowser()[pri:0, instance:com.dollardays.testcases.Team7DDSearchBarNoLoginTestCase@429bd883]" name="setUpBrowser" is-config="true" duration-ms="9845" started-at="2020-10-16T16:29:49 EDT" finished-at="2020-10-16T16:29:59 EDT">
          <reporter-output>
          </reporter-output>
        </test-method> <!-- setUpBrowser -->
        <test-method status="PASS" signature="SearchWithProductname(java.util.Hashtable)[pri:0, instance:com.dollardays.testcases.Team7DDSearchBarNoLoginTestCase@429bd883]" name="SearchWithProductname" duration-ms="4500" started-at="2020-10-16T16:29:59 EDT" data-provider="dd-dataprovider" finished-at="2020-10-16T16:30:03 EDT">
          <params>
            <param index="0">
              <value>
                <![CDATA[{TestCase=Valid ProductName with WildCharacters, Password=cGFzc3dvcmQxMjM=, Runmode=Yes, SheetName=SearchBar, UserName=srikanthtesting100@gmail.com, TCID=TC6, ProductName=Fo%}]]>
              </value>
            </param>
          </params>
          <reporter-output>
          </reporter-output>
        </test-method> <!-- SearchWithProductname -->
        <test-method status="PASS" signature="quit()[pri:0, instance:com.dollardays.testcases.Team7DDSearchBarNoLoginTestCase@429bd883]" name="quit" is-config="true" duration-ms="2219" started-at="2020-10-16T16:30:03 EDT" finished-at="2020-10-16T16:30:05 EDT">
          <reporter-output>
          </reporter-output>
        </test-method> <!-- quit -->
        <test-method status="PASS" signature="afterClass()[pri:0, instance:com.dollardays.testcases.Team7DDSearchBarNoLoginTestCase@429bd883]" name="afterClass" is-config="true" duration-ms="1" started-at="2020-10-16T16:30:05 EDT" finished-at="2020-10-16T16:30:05 EDT">
          <reporter-output>
          </reporter-output>
        </test-method> <!-- afterClass -->
      </class> <!-- com.dollardays.testcases.Team7DDSearchBarNoLoginTestCase -->
    </test> <!-- Dollar Days Test -->
  </suite> <!-- Parallel Class Runs -->
</testng-results>
