<?xml version="1.0" encoding="UTF-8"?>
<!-- Generated by org.testng.reporters.JUnitReportReporter -->
<testsuite skipped="12" hostname="MININT-UM25UFB" name="com.dollardays.testcases.Team7DDSortByTestcase" tests="22" failures="2" timestamp="2020-10-16T16:34:41 EDT" time="407.396" errors="1">
  <testcase name="SortBy_View" time="9.360" classname="com.dollardays.testcases.Team7DDSortByTestcase">
    <skipped/>
  </testcase> <!-- SortBy_View -->
  <system-out/>
  <testcase name="SortBy_View" time="47.737" classname="com.dollardays.testcases.Team7DDSortByTestcase"/>
  <system-out/>
  <testcase name="SortBy_View" time="10.407" classname="com.dollardays.testcases.Team7DDSortByTestcase">
    <skipped/>
  </testcase> <!-- SortBy_View -->
  <system-out/>
  <testcase name="SortBy_View" time="46.762" classname="com.dollardays.testcases.Team7DDSortByTestcase"/>
  <system-out/>
  <testcase name="SortBy_View" time="10.024" classname="com.dollardays.testcases.Team7DDSortByTestcase">
    <skipped/>
  </testcase> <!-- SortBy_View -->
  <system-out/>
  <testcase name="SortBy_View" time="57.894" classname="com.dollardays.testcases.Team7DDSortByTestcase"/>
  <system-out/>
  <testcase name="SortBy_View" time="49.312" classname="com.dollardays.testcases.Team7DDSortByTestcase"/>
  <system-out/>
  <testcase name="SortBy_View" time="10.763" classname="com.dollardays.testcases.Team7DDSortByTestcase">
    <skipped/>
  </testcase> <!-- SortBy_View -->
  <system-out/>
  <testcase name="SortBy_View" time="56.229" classname="com.dollardays.testcases.Team7DDSortByTestcase"/>
  <system-out/>
  <testcase name="SortBy_View" time="0.000" classname="com.dollardays.testcases.Team7DDSortByTestcase">
    <skipped/>
  </testcase> <!-- SortBy_View -->
  <system-out/>
  <testcase name="setUpBrowser" time="13.848" classname="com.dollardays.testcases.Team7DDSortByTestcase">
    <error type="java.lang.Exception" message="Driver Not Found">
      <![CDATA[java.lang.Exception: Driver Not Found
at com.dollardays.testcases.BaseTest.openBrowser(BaseTest.java:95)
at com.dollardays.testcases.BaseTest.setUpBrowser(BaseTest.java:117)
at sun.reflect.GeneratedMethodAccessor8.invoke(Unknown Source)
at sun.reflect.DelegatingMethodAccessorImpl.invoke(DelegatingMethodAccessorImpl.java:43)
at java.lang.reflect.Method.invoke(Method.java:498)
at org.testng.internal.MethodInvocationHelper.invokeMethod(MethodInvocationHelper.java:132)
at org.testng.internal.MethodInvocationHelper.invokeMethodConsideringTimeout(MethodInvocationHelper.java:61)
at org.testng.internal.ConfigInvoker.invokeConfigurationMethod(ConfigInvoker.java:366)
at org.testng.internal.ConfigInvoker.invokeConfigurations(ConfigInvoker.java:320)
at org.testng.internal.TestInvoker.runConfigMethods(TestInvoker.java:701)
at org.testng.internal.TestInvoker.invokeMethod(TestInvoker.java:527)
at org.testng.internal.TestInvoker.invokeTestMethod(TestInvoker.java:174)
at org.testng.internal.MethodRunner.runInSequence(MethodRunner.java:46)
at org.testng.internal.TestInvoker$MethodInvocationAgent.invoke(TestInvoker.java:822)
at org.testng.internal.TestInvoker.invokeTestMethods(TestInvoker.java:147)
at org.testng.internal.TestMethodWorker.invokeTestMethods(TestMethodWorker.java:146)
at org.testng.internal.TestMethodWorker.run(TestMethodWorker.java:128)
at java.util.concurrent.ThreadPoolExecutor.runWorker(ThreadPoolExecutor.java:1149)
at java.util.concurrent.ThreadPoolExecutor$Worker.run(ThreadPoolExecutor.java:624)
at java.lang.Thread.run(Thread.java:748)
]]>
    </error>
  </testcase> <!-- setUpBrowser -->
  <system-out/>
  <testcase name="SortBy_View" time="0.000" classname="com.dollardays.testcases.Team7DDSortByTestcase">
    <skipped/>
  </testcase> <!-- SortBy_View -->
  <system-out/>
  <testcase name="SortBy_View" time="7.840" classname="com.dollardays.testcases.Team7DDSortByTestcase">
    <failure type="java.lang.AssertionError" message=" Successfully Logged into the HomePage expected [DollarDays | Bulk Goods for Nonprofits, Businesses &amp; Schools | Wholesale Products] but found [Login or Register - DollarDays]">
      <![CDATA[java.lang.AssertionError:  Successfully Logged into the HomePage expected [DollarDays | Bulk Goods for Nonprofits, Businesses & Schools | Wholesale Products] but found [Login or Register - DollarDays]
at org.testng.Assert.fail(Assert.java:99)
at org.testng.Assert.failNotEquals(Assert.java:1037)
at org.testng.Assert.assertEqualsImpl(Assert.java:140)
at org.testng.Assert.assertEquals(Assert.java:122)
at org.testng.Assert.assertEquals(Assert.java:629)
at com.dollardays.pages.LoginPage.login(LoginPage.java:85)
at com.dollardays.testcases.Team7DDSortByTestcase.SortBy_View(Team7DDSortByTestcase.java:34)
at sun.reflect.NativeMethodAccessorImpl.invoke0(Native Method)
at sun.reflect.NativeMethodAccessorImpl.invoke(NativeMethodAccessorImpl.java:62)
at sun.reflect.DelegatingMethodAccessorImpl.invoke(DelegatingMethodAccessorImpl.java:43)
at java.lang.reflect.Method.invoke(Method.java:498)
at org.testng.internal.MethodInvocationHelper.invokeMethod(MethodInvocationHelper.java:132)
at org.testng.internal.TestInvoker.invokeMethod(TestInvoker.java:599)
at org.testng.internal.TestInvoker.invokeTestMethod(TestInvoker.java:174)
at org.testng.internal.MethodRunner.runInSequence(MethodRunner.java:46)
at org.testng.internal.TestInvoker$MethodInvocationAgent.invoke(TestInvoker.java:822)
at org.testng.internal.TestInvoker.invokeTestMethods(TestInvoker.java:147)
at org.testng.internal.TestMethodWorker.invokeTestMethods(TestMethodWorker.java:146)
at org.testng.internal.TestMethodWorker.run(TestMethodWorker.java:128)
at java.util.concurrent.ThreadPoolExecutor.runWorker(ThreadPoolExecutor.java:1149)
at java.util.concurrent.ThreadPoolExecutor$Worker.run(ThreadPoolExecutor.java:624)
at java.lang.Thread.run(Thread.java:748)
]]>
    </failure>
  </testcase> <!-- SortBy_View -->
  <system-out/>
  <testcase name="SortBy_View" time="0.000" classname="com.dollardays.testcases.Team7DDSortByTestcase">
    <skipped/>
  </testcase> <!-- SortBy_View -->
  <system-out/>
  <testcase name="SortBy_View" time="37.610" classname="com.dollardays.testcases.Team7DDSortByTestcase"/>
  <system-out/>
  <testcase name="SortBy_View" time="0.000" classname="com.dollardays.testcases.Team7DDSortByTestcase">
    <skipped/>
  </testcase> <!-- SortBy_View -->
  <system-out/>
  <testcase name="SortBy_View" time="0.000" classname="com.dollardays.testcases.Team7DDSortByTestcase">
    <skipped/>
  </testcase> <!-- SortBy_View -->
  <system-out/>
  <testcase name="SortBy_View" time="0.000" classname="com.dollardays.testcases.Team7DDSortByTestcase">
    <skipped/>
  </testcase> <!-- SortBy_View -->
  <system-out/>
  <testcase name="SortBy_View" time="43.616" classname="com.dollardays.testcases.Team7DDSortByTestcase"/>
  <system-out/>
  <testcase name="SortBy_View" time="0.000" classname="com.dollardays.testcases.Team7DDSortByTestcase">
    <skipped/>
  </testcase> <!-- SortBy_View -->
  <system-out/>
  <testcase name="SortBy_View" time="0.000" classname="com.dollardays.testcases.Team7DDSortByTestcase">
    <skipped/>
  </testcase> <!-- SortBy_View -->
  <system-out/>
  <testcase name="SortBy_View" time="5.994" classname="com.dollardays.testcases.Team7DDSortByTestcase">
    <failure type="java.lang.AssertionError" message=" Successfully Logged into the HomePage expected [DollarDays | Bulk Goods for Nonprofits, Businesses &amp; Schools | Wholesale Products] but found [Login or Register - DollarDays]">
      <![CDATA[java.lang.AssertionError:  Successfully Logged into the HomePage expected [DollarDays | Bulk Goods for Nonprofits, Businesses & Schools | Wholesale Products] but found [Login or Register - DollarDays]
at org.testng.Assert.fail(Assert.java:99)
at org.testng.Assert.failNotEquals(Assert.java:1037)
at org.testng.Assert.assertEqualsImpl(Assert.java:140)
at org.testng.Assert.assertEquals(Assert.java:122)
at org.testng.Assert.assertEquals(Assert.java:629)
at com.dollardays.pages.LoginPage.login(LoginPage.java:85)
at com.dollardays.testcases.Team7DDSortByTestcase.SortBy_View(Team7DDSortByTestcase.java:34)
at sun.reflect.NativeMethodAccessorImpl.invoke0(Native Method)
at sun.reflect.NativeMethodAccessorImpl.invoke(NativeMethodAccessorImpl.java:62)
at sun.reflect.DelegatingMethodAccessorImpl.invoke(DelegatingMethodAccessorImpl.java:43)
at java.lang.reflect.Method.invoke(Method.java:498)
at org.testng.internal.MethodInvocationHelper.invokeMethod(MethodInvocationHelper.java:132)
at org.testng.internal.TestInvoker.invokeMethod(TestInvoker.java:599)
at org.testng.internal.TestInvoker.invokeTestMethod(TestInvoker.java:174)
at org.testng.internal.MethodRunner.runInSequence(MethodRunner.java:46)
at org.testng.internal.TestInvoker$MethodInvocationAgent.invoke(TestInvoker.java:822)
at org.testng.internal.TestInvoker.invokeTestMethods(TestInvoker.java:147)
at org.testng.internal.TestMethodWorker.invokeTestMethods(TestMethodWorker.java:146)
at org.testng.internal.TestMethodWorker.run(TestMethodWorker.java:128)
at java.util.concurrent.ThreadPoolExecutor.runWorker(ThreadPoolExecutor.java:1149)
at java.util.concurrent.ThreadPoolExecutor$Worker.run(ThreadPoolExecutor.java:624)
at java.lang.Thread.run(Thread.java:748)
]]>
    </failure>
  </testcase> <!-- SortBy_View -->
  <system-out/>
</testsuite> <!-- com.dollardays.testcases.Team7DDSortByTestcase -->
